This is XeTeX, Version 3.14159265-2.6-0.99999 (TeX Live 2018) (preloaded format=xelatex 2019.1.8)  16 MAR 2019 15:50
entering extended mode
 restricted \write18 enabled.
 %&-line parsing enabled.
**zhou_zhuhai.tex
(./zhou_zhuhai.tex
LaTeX2e <2018-04-01> patch level 2
Babel <3.18> and hyphenation patterns for 84 language(s) loaded.
(/usr/local/texlive/2018/texmf-dist/tex/latex/beamer/beamer.cls
Document Class: beamer 2018/02/20 v3.50 A class for typesetting presentations
(/usr/local/texlive/2018/texmf-dist/tex/latex/beamer/beamerbasemodes.sty
(/usr/local/texlive/2018/texmf-dist/tex/latex/etoolbox/etoolbox.sty
Package: etoolbox 2018/02/11 v2.5e e-TeX tools for LaTeX (JAW)
\etb@tempcnta=\count80
)
\beamer@tempbox=\box26
\beamer@tempcount=\count81
\c@beamerpauses=\count82

(/usr/local/texlive/2018/texmf-dist/tex/latex/beamer/beamerbasedecode.sty
\beamer@slideinframe=\count83
\beamer@minimum=\count84
)
\beamer@commentbox=\box27
\beamer@modecount=\count85
)
(/usr/local/texlive/2018/texmf-dist/tex/generic/oberdiek/ifpdf.sty
Package: ifpdf 2017/03/15 v3.2 Provides the ifpdf switch
)
\headdp=\dimen102
\footheight=\dimen103
\sidebarheight=\dimen104
\beamer@tempdim=\dimen105
\beamer@finalheight=\dimen106
\beamer@animht=\dimen107
\beamer@animdp=\dimen108
\beamer@animwd=\dimen109
\beamer@leftmargin=\dimen110
\beamer@rightmargin=\dimen111
\beamer@leftsidebar=\dimen112
\beamer@rightsidebar=\dimen113
\beamer@boxsize=\dimen114
\beamer@vboxoffset=\dimen115
\beamer@descdefault=\dimen116
\beamer@descriptionwidth=\dimen117
\beamer@lastskip=\skip41
\beamer@areabox=\box28
\beamer@animcurrent=\box29
\beamer@animshowbox=\box30
\beamer@sectionbox=\box31
\beamer@logobox=\box32
\beamer@linebox=\box33
\beamer@sectioncount=\count86
\beamer@subsubsectionmax=\count87
\beamer@subsectionmax=\count88
\beamer@sectionmax=\count89
\beamer@totalheads=\count90
\beamer@headcounter=\count91
\beamer@partstartpage=\count92
\beamer@sectionstartpage=\count93
\beamer@subsectionstartpage=\count94
\beamer@animationtempa=\count95
\beamer@animationtempb=\count96
\beamer@xpos=\count97
\beamer@ypos=\count98
\beamer@ypos@offset=\count99
\beamer@showpartnumber=\count100
\beamer@currentsubsection=\count101
\beamer@coveringdepth=\count102
\beamer@sectionadjust=\count103
\beamer@tocsectionnumber=\count104

(/usr/local/texlive/2018/texmf-dist/tex/latex/beamer/beamerbaseoptions.sty
(/usr/local/texlive/2018/texmf-dist/tex/latex/graphics/keyval.sty
Package: keyval 2014/10/28 v1.15 key=value parser (DPC)
\KV@toks@=\toks14
))
\beamer@paperwidth=\skip42
\beamer@paperheight=\skip43

(/usr/local/texlive/2018/texmf-dist/tex/latex/geometry/geometry.sty
Package: geometry 2018/03/24 v5.7 Page Geometry

(/usr/local/texlive/2018/texmf-dist/tex/generic/oberdiek/ifvtex.sty
Package: ifvtex 2016/05/16 v1.6 Detect VTeX and its facilities (HO)
Package ifvtex Info: VTeX not detected.
)
(/usr/local/texlive/2018/texmf-dist/tex/generic/ifxetex/ifxetex.sty
Package: ifxetex 2010/09/12 v0.6 Provides ifxetex conditional
)
\Gm@cnth=\count105
\Gm@cntv=\count106
\c@Gm@tempcnt=\count107
\Gm@bindingoffset=\dimen118
\Gm@wd@mp=\dimen119
\Gm@odd@mp=\dimen120
\Gm@even@mp=\dimen121
\Gm@layoutwidth=\dimen122
\Gm@layoutheight=\dimen123
\Gm@layouthoffset=\dimen124
\Gm@layoutvoffset=\dimen125
\Gm@dimlist=\toks15
)
(/usr/local/texlive/2018/texmf-dist/tex/latex/extsizes/size8.clo
File: size8.clo 1999/11/11 v1.4a NON-Standard LaTeX file (size option)
)
(/usr/local/texlive/2018/texmf-dist/tex/latex/pgf/basiclayer/pgfcore.sty
(/usr/local/texlive/2018/texmf-dist/tex/latex/graphics/graphicx.sty
Package: graphicx 2017/06/01 v1.1a Enhanced LaTeX Graphics (DPC,SPQR)

(/usr/local/texlive/2018/texmf-dist/tex/latex/graphics/graphics.sty
Package: graphics 2017/06/25 v1.2c Standard LaTeX Graphics (DPC,SPQR)

(/usr/local/texlive/2018/texmf-dist/tex/latex/graphics/trig.sty
Package: trig 2016/01/03 v1.10 sin cos tan (DPC)
)
(/usr/local/texlive/2018/texmf-dist/tex/latex/graphics-cfg/graphics.cfg
File: graphics.cfg 2016/06/04 v1.11 sample graphics configuration
)
Package graphics Info: Driver file: xetex.def on input line 99.

(/usr/local/texlive/2018/texmf-dist/tex/latex/graphics-def/xetex.def
File: xetex.def 2017/06/24 v5.0h Graphics/color driver for xetex
))
\Gin@req@height=\dimen126
\Gin@req@width=\dimen127
)
(/usr/local/texlive/2018/texmf-dist/tex/latex/pgf/systemlayer/pgfsys.sty
(/usr/local/texlive/2018/texmf-dist/tex/latex/pgf/utilities/pgfrcs.sty
(/usr/local/texlive/2018/texmf-dist/tex/generic/pgf/utilities/pgfutil-common.te
x
\pgfutil@everybye=\toks16
\pgfutil@tempdima=\dimen128
\pgfutil@tempdimb=\dimen129

(/usr/local/texlive/2018/texmf-dist/tex/generic/pgf/utilities/pgfutil-common-li
sts.tex))
(/usr/local/texlive/2018/texmf-dist/tex/generic/pgf/utilities/pgfutil-latex.def
\pgfutil@abb=\box34
(/usr/local/texlive/2018/texmf-dist/tex/latex/ms/everyshi.sty
Package: everyshi 2001/05/15 v3.00 EveryShipout Package (MS)
))
(/usr/local/texlive/2018/texmf-dist/tex/generic/pgf/utilities/pgfrcs.code.tex
Package: pgfrcs 2015/08/07 v3.0.1a (rcs-revision 1.31)
))
(/usr/local/texlive/2018/texmf-dist/tex/generic/pgf/systemlayer/pgfsys.code.tex
Package: pgfsys 2014/07/09 v3.0.1a (rcs-revision 1.48)
(/usr/local/texlive/2018/texmf-dist/tex/generic/pgf/utilities/pgfkeys.code.tex
\pgfkeys@pathtoks=\toks17
\pgfkeys@temptoks=\toks18

(/usr/local/texlive/2018/texmf-dist/tex/generic/pgf/utilities/pgfkeysfiltered.c
ode.tex
\pgfkeys@tmptoks=\toks19
))
\pgf@x=\dimen130
\pgf@y=\dimen131
\pgf@xa=\dimen132
\pgf@ya=\dimen133
\pgf@xb=\dimen134
\pgf@yb=\dimen135
\pgf@xc=\dimen136
\pgf@yc=\dimen137
\w@pgf@writea=\write3
\r@pgf@reada=\read1
\c@pgf@counta=\count108
\c@pgf@countb=\count109
\c@pgf@countc=\count110
\c@pgf@countd=\count111
\t@pgf@toka=\toks20
\t@pgf@tokb=\toks21
\t@pgf@tokc=\toks22

(/usr/local/texlive/2018/texmf-dist/tex/generic/pgf/systemlayer/pgf.cfg
File: pgf.cfg 2008/05/14  (rcs-revision 1.7)
)
Driver file for pgf: pgfsys-xetex.def

(/usr/local/texlive/2018/texmf-dist/tex/generic/pgf/systemlayer/pgfsys-xetex.de
f
File: pgfsys-xetex.def 2014/07/09  (rcs-revision 1.11)

(/usr/local/texlive/2018/texmf-dist/tex/generic/pgf/systemlayer/pgfsys-dvipdfmx
.def
File: pgfsys-dvipdfmx.def 2014/07/09  (rcs-revision 1.14)

(/usr/local/texlive/2018/texmf-dist/tex/generic/pgf/systemlayer/pgfsys-common-p
df.def
File: pgfsys-common-pdf.def 2013/10/10  (rcs-revision 1.13)
)
\pgfsys@objnum=\count112
)))
(/usr/local/texlive/2018/texmf-dist/tex/generic/pgf/systemlayer/pgfsyssoftpath.
code.tex
File: pgfsyssoftpath.code.tex 2013/09/09  (rcs-revision 1.9)
\pgfsyssoftpath@smallbuffer@items=\count113
\pgfsyssoftpath@bigbuffer@items=\count114
)
(/usr/local/texlive/2018/texmf-dist/tex/generic/pgf/systemlayer/pgfsysprotocol.
code.tex
File: pgfsysprotocol.code.tex 2006/10/16  (rcs-revision 1.4)
)) (/usr/local/texlive/2018/texmf-dist/tex/latex/xcolor/xcolor.sty
Package: xcolor 2016/05/11 v2.12 LaTeX color extensions (UK)

(/usr/local/texlive/2018/texmf-dist/tex/latex/graphics-cfg/color.cfg
File: color.cfg 2016/01/02 v1.6 sample color configuration
)
Package xcolor Info: Driver file: xetex.def on input line 225.
Package xcolor Info: Model `cmy' substituted by `cmy0' on input line 1348.
Package xcolor Info: Model `RGB' extended on input line 1364.
Package xcolor Info: Model `HTML' substituted by `rgb' on input line 1366.
Package xcolor Info: Model `Hsb' substituted by `hsb' on input line 1367.
Package xcolor Info: Model `tHsb' substituted by `hsb' on input line 1368.
Package xcolor Info: Model `HSB' substituted by `hsb' on input line 1369.
Package xcolor Info: Model `Gray' substituted by `gray' on input line 1370.
Package xcolor Info: Model `wave' substituted by `hsb' on input line 1371.
)
(/usr/local/texlive/2018/texmf-dist/tex/generic/pgf/basiclayer/pgfcore.code.tex
Package: pgfcore 2010/04/11 v3.0.1a (rcs-revision 1.7)
(/usr/local/texlive/2018/texmf-dist/tex/generic/pgf/math/pgfmath.code.tex
(/usr/local/texlive/2018/texmf-dist/tex/generic/pgf/math/pgfmathcalc.code.tex
(/usr/local/texlive/2018/texmf-dist/tex/generic/pgf/math/pgfmathutil.code.tex)
(/usr/local/texlive/2018/texmf-dist/tex/generic/pgf/math/pgfmathparser.code.tex
\pgfmath@dimen=\dimen138
\pgfmath@count=\count115
\pgfmath@box=\box35
\pgfmath@toks=\toks23
\pgfmath@stack@operand=\toks24
\pgfmath@stack@operation=\toks25
)
(/usr/local/texlive/2018/texmf-dist/tex/generic/pgf/math/pgfmathfunctions.code.
tex
(/usr/local/texlive/2018/texmf-dist/tex/generic/pgf/math/pgfmathfunctions.basic
.code.tex)
(/usr/local/texlive/2018/texmf-dist/tex/generic/pgf/math/pgfmathfunctions.trigo
nometric.code.tex)
(/usr/local/texlive/2018/texmf-dist/tex/generic/pgf/math/pgfmathfunctions.rando
m.code.tex)
(/usr/local/texlive/2018/texmf-dist/tex/generic/pgf/math/pgfmathfunctions.compa
rison.code.tex)
(/usr/local/texlive/2018/texmf-dist/tex/generic/pgf/math/pgfmathfunctions.base.
code.tex)
(/usr/local/texlive/2018/texmf-dist/tex/generic/pgf/math/pgfmathfunctions.round
.code.tex)
(/usr/local/texlive/2018/texmf-dist/tex/generic/pgf/math/pgfmathfunctions.misc.
code.tex)
(/usr/local/texlive/2018/texmf-dist/tex/generic/pgf/math/pgfmathfunctions.integ
erarithmetics.code.tex)))
(/usr/local/texlive/2018/texmf-dist/tex/generic/pgf/math/pgfmathfloat.code.tex
\c@pgfmathroundto@lastzeros=\count116
))
(/usr/local/texlive/2018/texmf-dist/tex/generic/pgf/basiclayer/pgfcorepoints.co
de.tex
File: pgfcorepoints.code.tex 2013/10/07  (rcs-revision 1.27)
\pgf@picminx=\dimen139
\pgf@picmaxx=\dimen140
\pgf@picminy=\dimen141
\pgf@picmaxy=\dimen142
\pgf@pathminx=\dimen143
\pgf@pathmaxx=\dimen144
\pgf@pathminy=\dimen145
\pgf@pathmaxy=\dimen146
\pgf@xx=\dimen147
\pgf@xy=\dimen148
\pgf@yx=\dimen149
\pgf@yy=\dimen150
\pgf@zx=\dimen151
\pgf@zy=\dimen152
)
(/usr/local/texlive/2018/texmf-dist/tex/generic/pgf/basiclayer/pgfcorepathconst
ruct.code.tex
File: pgfcorepathconstruct.code.tex 2013/10/07  (rcs-revision 1.29)
\pgf@path@lastx=\dimen153
\pgf@path@lasty=\dimen154
)
(/usr/local/texlive/2018/texmf-dist/tex/generic/pgf/basiclayer/pgfcorepathusage
.code.tex
File: pgfcorepathusage.code.tex 2014/11/02  (rcs-revision 1.24)
\pgf@shorten@end@additional=\dimen155
\pgf@shorten@start@additional=\dimen156
)
(/usr/local/texlive/2018/texmf-dist/tex/generic/pgf/basiclayer/pgfcorescopes.co
de.tex
File: pgfcorescopes.code.tex 2015/05/08  (rcs-revision 1.46)
\pgfpic=\box36
\pgf@hbox=\box37
\pgf@layerbox@main=\box38
\pgf@picture@serial@count=\count117
)
(/usr/local/texlive/2018/texmf-dist/tex/generic/pgf/basiclayer/pgfcoregraphicst
ate.code.tex
File: pgfcoregraphicstate.code.tex 2014/11/02  (rcs-revision 1.12)
\pgflinewidth=\dimen157
)
(/usr/local/texlive/2018/texmf-dist/tex/generic/pgf/basiclayer/pgfcoretransform
ations.code.tex
File: pgfcoretransformations.code.tex 2015/08/07  (rcs-revision 1.20)
\pgf@pt@x=\dimen158
\pgf@pt@y=\dimen159
\pgf@pt@temp=\dimen160
)
(/usr/local/texlive/2018/texmf-dist/tex/generic/pgf/basiclayer/pgfcorequick.cod
e.tex
File: pgfcorequick.code.tex 2008/10/09  (rcs-revision 1.3)
)
(/usr/local/texlive/2018/texmf-dist/tex/generic/pgf/basiclayer/pgfcoreobjects.c
ode.tex
File: pgfcoreobjects.code.tex 2006/10/11  (rcs-revision 1.2)
)
(/usr/local/texlive/2018/texmf-dist/tex/generic/pgf/basiclayer/pgfcorepathproce
ssing.code.tex
File: pgfcorepathprocessing.code.tex 2013/09/09  (rcs-revision 1.9)
)
(/usr/local/texlive/2018/texmf-dist/tex/generic/pgf/basiclayer/pgfcorearrows.co
de.tex
File: pgfcorearrows.code.tex 2015/05/14  (rcs-revision 1.43)
\pgfarrowsep=\dimen161
)
(/usr/local/texlive/2018/texmf-dist/tex/generic/pgf/basiclayer/pgfcoreshade.cod
e.tex
File: pgfcoreshade.code.tex 2013/07/15  (rcs-revision 1.15)
\pgf@max=\dimen162
\pgf@sys@shading@range@num=\count118
)
(/usr/local/texlive/2018/texmf-dist/tex/generic/pgf/basiclayer/pgfcoreimage.cod
e.tex
File: pgfcoreimage.code.tex 2013/07/15  (rcs-revision 1.18)

(/usr/local/texlive/2018/texmf-dist/tex/generic/pgf/basiclayer/pgfcoreexternal.
code.tex
File: pgfcoreexternal.code.tex 2014/07/09  (rcs-revision 1.21)
\pgfexternal@startupbox=\box39
))
(/usr/local/texlive/2018/texmf-dist/tex/generic/pgf/basiclayer/pgfcorelayers.co
de.tex
File: pgfcorelayers.code.tex 2013/07/18  (rcs-revision 1.7)
)
(/usr/local/texlive/2018/texmf-dist/tex/generic/pgf/basiclayer/pgfcoretranspare
ncy.code.tex
File: pgfcoretransparency.code.tex 2013/09/30  (rcs-revision 1.5)
)
(/usr/local/texlive/2018/texmf-dist/tex/generic/pgf/basiclayer/pgfcorepatterns.
code.tex
File: pgfcorepatterns.code.tex 2013/11/07  (rcs-revision 1.5)
)))
(/usr/local/texlive/2018/texmf-dist/tex/latex/pgf/utilities/xxcolor.sty
Package: xxcolor 2003/10/24 ver 0.1
\XC@nummixins=\count119
\XC@countmixins=\count120
)
(/usr/local/texlive/2018/texmf-dist/tex/generic/oberdiek/atbegshi.sty
Package: atbegshi 2016/06/09 v1.18 At begin shipout hook (HO)

(/usr/local/texlive/2018/texmf-dist/tex/generic/oberdiek/infwarerr.sty
Package: infwarerr 2016/05/16 v1.4 Providing info/warning/error messages (HO)
)
(/usr/local/texlive/2018/texmf-dist/tex/generic/oberdiek/ltxcmds.sty
Package: ltxcmds 2016/05/16 v1.23 LaTeX kernel commands for general use (HO)
))
(/usr/local/texlive/2018/texmf-dist/tex/latex/hyperref/hyperref.sty
Package: hyperref 2018/02/06 v6.86b Hypertext links for LaTeX

(/usr/local/texlive/2018/texmf-dist/tex/generic/oberdiek/hobsub-hyperref.sty
Package: hobsub-hyperref 2016/05/16 v1.14 Bundle oberdiek, subset hyperref (HO)


(/usr/local/texlive/2018/texmf-dist/tex/generic/oberdiek/hobsub-generic.sty
Package: hobsub-generic 2016/05/16 v1.14 Bundle oberdiek, subset generic (HO)
Package: hobsub 2016/05/16 v1.14 Construct package bundles (HO)
Package hobsub Info: Skipping package `infwarerr' (already loaded).
Package hobsub Info: Skipping package `ltxcmds' (already loaded).
Package: ifluatex 2016/05/16 v1.4 Provides the ifluatex switch (HO)
Package ifluatex Info: LuaTeX not detected.
Package hobsub Info: Skipping package `ifvtex' (already loaded).
Package: intcalc 2016/05/16 v1.2 Expandable calculations with integers (HO)
Package hobsub Info: Skipping package `ifpdf' (already loaded).
Package: etexcmds 2016/05/16 v1.6 Avoid name clashes with e-TeX commands (HO)
Package etexcmds Info: Could not find \expanded.
(etexcmds)             That can mean that you are not using pdfTeX 1.50 or
(etexcmds)             that some package has redefined \expanded.
(etexcmds)             In the latter case, load this package earlier.
Package: kvsetkeys 2016/05/16 v1.17 Key value parser (HO)
Package: kvdefinekeys 2016/05/16 v1.4 Define keys (HO)
Package: pdftexcmds 2018/01/30 v0.27 Utility functions of pdfTeX for LuaTeX (HO
)
Package pdftexcmds Info: LuaTeX not detected.
Package pdftexcmds Info: pdfTeX >= 1.30 not detected.
Package pdftexcmds Info: \pdf@primitive is available.
Package pdftexcmds Info: \pdf@ifprimitive is available.
Package pdftexcmds Info: \pdfdraftmode not found.
Package: pdfescape 2016/05/16 v1.14 Implements pdfTeX's escape features (HO)
Package: bigintcalc 2016/05/16 v1.4 Expandable calculations on big integers (HO
)
Package: bitset 2016/05/16 v1.2 Handle bit-vector datatype (HO)
Package: uniquecounter 2016/05/16 v1.3 Provide unlimited unique counter (HO)
)
Package hobsub Info: Skipping package `hobsub' (already loaded).
Package: letltxmacro 2016/05/16 v1.5 Let assignment for LaTeX macros (HO)
Package: hopatch 2016/05/16 v1.3 Wrapper for package hooks (HO)
Package: xcolor-patch 2016/05/16 xcolor patch
Package: atveryend 2016/05/16 v1.9 Hooks at the very end of document (HO)
Package hobsub Info: Skipping package `atbegshi' (already loaded).
Package: refcount 2016/05/16 v3.5 Data extraction from label references (HO)
Package: hycolor 2016/05/16 v1.8 Color options for hyperref/bookmark (HO)
)
(/usr/local/texlive/2018/texmf-dist/tex/latex/oberdiek/auxhook.sty
Package: auxhook 2016/05/16 v1.4 Hooks for auxiliary files (HO)
)
(/usr/local/texlive/2018/texmf-dist/tex/latex/oberdiek/kvoptions.sty
Package: kvoptions 2016/05/16 v3.12 Key value format for package options (HO)
)
\@linkdim=\dimen163
\Hy@linkcounter=\count121
\Hy@pagecounter=\count122

(/usr/local/texlive/2018/texmf-dist/tex/latex/hyperref/pd1enc.def
File: pd1enc.def 2018/02/06 v6.86b Hyperref: PDFDocEncoding definition (HO)
)
\Hy@SavedSpaceFactor=\count123

(/usr/local/texlive/2018/texmf-dist/tex/latex/latexconfig/hyperref.cfg
File: hyperref.cfg 2002/06/06 v1.2 hyperref configuration of TeXLive
)
Package hyperref Info: Option `bookmarks' set `true' on input line 4383.
Package hyperref Info: Option `bookmarksopen' set `true' on input line 4383.
Package hyperref Info: Option `implicit' set `false' on input line 4383.
Package hyperref Info: Hyper figures OFF on input line 4509.
Package hyperref Info: Link nesting OFF on input line 4514.
Package hyperref Info: Hyper index ON on input line 4517.
Package hyperref Info: Plain pages OFF on input line 4524.
Package hyperref Info: Backreferencing OFF on input line 4529.
Package hyperref Info: Implicit mode OFF; no redefinition of LaTeX internals.
Package hyperref Info: Bookmarks ON on input line 4762.
\c@Hy@tempcnt=\count124

(/usr/local/texlive/2018/texmf-dist/tex/latex/url/url.sty
\Urlmuskip=\muskip10
Package: url 2013/09/16  ver 3.4  Verb mode for urls, etc.
)
LaTeX Info: Redefining \url on input line 5115.
\XeTeXLinkMargin=\dimen164
\Fld@menulength=\count125
\Field@Width=\dimen165
\Fld@charsize=\dimen166
Package hyperref Info: Hyper figures OFF on input line 6369.
Package hyperref Info: Link nesting OFF on input line 6374.
Package hyperref Info: Hyper index ON on input line 6377.
Package hyperref Info: backreferencing OFF on input line 6384.
Package hyperref Info: Link coloring OFF on input line 6389.
Package hyperref Info: Link coloring with OCG OFF on input line 6394.
Package hyperref Info: PDF/A mode OFF on input line 6399.
LaTeX Info: Redefining \ref on input line 6439.
LaTeX Info: Redefining \pageref on input line 6443.
\Hy@abspage=\count126


Package hyperref Message: Stopped early.

)
Package hyperref Info: Driver (autodetected): hxetex.
 (/usr/local/texlive/2018/texmf-dist/tex/latex/hyperref/hxetex.def
File: hxetex.def 2018/02/06 v6.86b Hyperref driver for XeTeX

(/usr/local/texlive/2018/texmf-dist/tex/latex/hyperref/puenc.def
File: puenc.def 2018/02/06 v6.86b Hyperref: PDF Unicode definition (HO)
)
(/usr/local/texlive/2018/texmf-dist/tex/generic/oberdiek/stringenc.sty
Package: stringenc 2016/05/16 v1.11 Convert strings between diff. encodings (HO
)
)
\pdfm@box=\box40
\c@Hy@AnnotLevel=\count127
\HyField@AnnotCount=\count128
\Fld@listcount=\count129
\c@bookmark@seq@number=\count130

(/usr/local/texlive/2018/texmf-dist/tex/latex/oberdiek/rerunfilecheck.sty
Package: rerunfilecheck 2016/05/16 v1.8 Rerun checks for auxiliary files (HO)
Package uniquecounter Info: New unique counter `rerunfilecheck' on input line 2
82.
))
(/usr/local/texlive/2018/texmf-dist/tex/generic/oberdiek/se-ascii-print.def
File: se-ascii-print.def 2016/05/16 v1.11 stringenc: Printable ASCII characters

)
(/usr/local/texlive/2018/texmf-dist/tex/latex/beamer/beamerbaserequires.sty
(/usr/local/texlive/2018/texmf-dist/tex/latex/beamer/beamerbasecompatibility.st
y) (/usr/local/texlive/2018/texmf-dist/tex/latex/beamer/beamerbasefont.sty
(/usr/local/texlive/2018/texmf-dist/tex/latex/amsfonts/amssymb.sty
Package: amssymb 2013/01/14 v3.01 AMS font symbols

(/usr/local/texlive/2018/texmf-dist/tex/latex/amsfonts/amsfonts.sty
Package: amsfonts 2013/01/14 v3.01 Basic AMSFonts support
\@emptytoks=\toks26
\symAMSa=\mathgroup4
\symAMSb=\mathgroup5
LaTeX Font Info:    Overwriting math alphabet `\mathfrak' in version `bold'
(Font)                  U/euf/m/n --> U/euf/b/n on input line 106.
))
(/usr/local/texlive/2018/texmf-dist/tex/latex/sansmathaccent/sansmathaccent.sty
Package: sansmathaccent 2013/03/28
(/usr/local/texlive/2018/texmf-dist/tex/latex/filehook/filehook.sty
Package: filehook 2011/10/12 v0.5d Hooks for input files
)))
(/usr/local/texlive/2018/texmf-dist/tex/latex/beamer/beamerbasetranslator.sty
(/usr/local/texlive/2018/texmf-dist/tex/latex/translator/translator.sty
Package: translator 2018/01/04 v1.12 Easy translation of strings in LaTeX
))
(/usr/local/texlive/2018/texmf-dist/tex/latex/beamer/beamerbasemisc.sty)
(/usr/local/texlive/2018/texmf-dist/tex/latex/beamer/beamerbasetwoscreens.sty)
(/usr/local/texlive/2018/texmf-dist/tex/latex/beamer/beamerbaseoverlay.sty
\beamer@argscount=\count131
\beamer@lastskipcover=\skip44
\beamer@trivlistdepth=\count132
)
(/usr/local/texlive/2018/texmf-dist/tex/latex/beamer/beamerbasetitle.sty)
(/usr/local/texlive/2018/texmf-dist/tex/latex/beamer/beamerbasesection.sty
\c@lecture=\count133
\c@part=\count134
\c@section=\count135
\c@subsection=\count136
\c@subsubsection=\count137
)
(/usr/local/texlive/2018/texmf-dist/tex/latex/beamer/beamerbaseframe.sty
\beamer@framebox=\box41
\beamer@frametitlebox=\box42
\beamer@zoombox=\box43
\beamer@zoomcount=\count138
\beamer@zoomframecount=\count139
\beamer@frametextheight=\dimen167
\c@subsectionslide=\count140
\beamer@frametopskip=\skip45
\beamer@framebottomskip=\skip46
\beamer@frametopskipautobreak=\skip47
\beamer@framebottomskipautobreak=\skip48
\beamer@envbody=\toks27
\framewidth=\dimen168
\c@framenumber=\count141
)
(/usr/local/texlive/2018/texmf-dist/tex/latex/beamer/beamerbaseverbatim.sty
\beamer@verbatimfileout=\write4
)
(/usr/local/texlive/2018/texmf-dist/tex/latex/beamer/beamerbaseframesize.sty
\beamer@splitbox=\box44
\beamer@autobreakcount=\count142
\beamer@autobreaklastheight=\dimen169
\beamer@frametitletoks=\toks28
\beamer@framesubtitletoks=\toks29
)
(/usr/local/texlive/2018/texmf-dist/tex/latex/beamer/beamerbaseframecomponents.
sty
\beamer@footins=\box45
) (/usr/local/texlive/2018/texmf-dist/tex/latex/beamer/beamerbasecolor.sty
\beamer@bg@ht=\dimen170
\beamer@bg@wd=\dimen171
\beamer@bg@dp=\dimen172
)
(/usr/local/texlive/2018/texmf-dist/tex/latex/beamer/beamerbasenotes.sty
\beamer@frameboxcopy=\box46
)
(/usr/local/texlive/2018/texmf-dist/tex/latex/beamer/beamerbasetoc.sty)
(/usr/local/texlive/2018/texmf-dist/tex/latex/beamer/beamerbasetemplates.sty
\beamer@sbttoks=\toks30

(/usr/local/texlive/2018/texmf-dist/tex/latex/beamer/beamerbaseauxtemplates.sty
(/usr/local/texlive/2018/texmf-dist/tex/latex/beamer/beamerbaseboxes.sty
\bmb@box=\box47
\bmb@colorbox=\box48
\bmb@boxshadow=\box49
\bmb@boxshadowball=\box50
\bmb@boxshadowballlarge=\box51
\bmb@temp=\dimen173
\bmb@dima=\dimen174
\bmb@dimb=\dimen175
\bmb@prevheight=\dimen176
)
\beamer@blockheadheight=\dimen177
))
(/usr/local/texlive/2018/texmf-dist/tex/latex/beamer/beamerbaselocalstructure.s
ty (/usr/local/texlive/2018/texmf-dist/tex/latex/tools/enumerate.sty
Package: enumerate 2015/07/23 v3.00 enumerate extensions (DPC)
\@enLab=\toks31
)
\c@figure=\count143
\c@table=\count144
\abovecaptionskip=\skip49
\belowcaptionskip=\skip50
)
(/usr/local/texlive/2018/texmf-dist/tex/latex/beamer/beamerbasenavigation.sty
\beamer@section@min@dim=\dimen178
)
(/usr/local/texlive/2018/texmf-dist/tex/latex/beamer/beamerbasetheorems.sty
(/usr/local/texlive/2018/texmf-dist/tex/latex/amsmath/amsmath.sty
Package: amsmath 2017/09/02 v2.17a AMS math features
\@mathmargin=\skip51

For additional information on amsmath, use the `?' option.
(/usr/local/texlive/2018/texmf-dist/tex/latex/amsmath/amstext.sty
Package: amstext 2000/06/29 v2.01 AMS text

(/usr/local/texlive/2018/texmf-dist/tex/latex/amsmath/amsgen.sty
File: amsgen.sty 1999/11/30 v2.0 generic functions
\@emptytoks=\toks32
\ex@=\dimen179
))
(/usr/local/texlive/2018/texmf-dist/tex/latex/amsmath/amsbsy.sty
Package: amsbsy 1999/11/29 v1.2d Bold Symbols
\pmbraise@=\dimen180
)
(/usr/local/texlive/2018/texmf-dist/tex/latex/amsmath/amsopn.sty
Package: amsopn 2016/03/08 v2.02 operator names
)
\inf@bad=\count145
LaTeX Info: Redefining \frac on input line 213.
\uproot@=\count146
\leftroot@=\count147
LaTeX Info: Redefining \overline on input line 375.
\classnum@=\count148
\DOTSCASE@=\count149
LaTeX Info: Redefining \ldots on input line 472.
LaTeX Info: Redefining \dots on input line 475.
LaTeX Info: Redefining \cdots on input line 596.
\Mathstrutbox@=\box52
\strutbox@=\box53
\big@size=\dimen181
LaTeX Font Info:    Redeclaring font encoding OML on input line 712.
LaTeX Font Info:    Redeclaring font encoding OMS on input line 713.
\macc@depth=\count150
\c@MaxMatrixCols=\count151
\dotsspace@=\muskip11
\c@parentequation=\count152
\dspbrk@lvl=\count153
\tag@help=\toks33
\row@=\count154
\column@=\count155
\maxfields@=\count156
\andhelp@=\toks34
\eqnshift@=\dimen182
\alignsep@=\dimen183
\tagshift@=\dimen184
\tagwidth@=\dimen185
\totwidth@=\dimen186
\lineht@=\dimen187
\@envbody=\toks35
\multlinegap=\skip52
\multlinetaggap=\skip53
\mathdisplay@stack=\toks36
LaTeX Info: Redefining \[ on input line 2817.
LaTeX Info: Redefining \] on input line 2818.
)
(/usr/local/texlive/2018/texmf-dist/tex/latex/amscls/amsthm.sty
Package: amsthm 2017/10/31 v2.20.4
\thm@style=\toks37
\thm@bodyfont=\toks38
\thm@headfont=\toks39
\thm@notefont=\toks40
\thm@headpunct=\toks41
\thm@preskip=\skip54
\thm@postskip=\skip55
\thm@headsep=\skip56
\dth@everypar=\toks42
)
\c@theorem=\count157
)
(/usr/local/texlive/2018/texmf-dist/tex/latex/beamer/beamerbasethemes.sty))
(/usr/local/texlive/2018/texmf-dist/tex/latex/beamer/beamerthemedefault.sty
(/usr/local/texlive/2018/texmf-dist/tex/latex/beamer/beamerfontthemedefault.sty
)
(/usr/local/texlive/2018/texmf-dist/tex/latex/beamer/beamercolorthemedefault.st
y)
(/usr/local/texlive/2018/texmf-dist/tex/latex/beamer/beamerinnerthemedefault.st
y
\beamer@dima=\dimen188
\beamer@dimb=\dimen189
)
(/usr/local/texlive/2018/texmf-dist/tex/latex/beamer/beamerouterthemedefault.st
y))) (/usr/local/texlive/2018/texmf-dist/tex/latex/jknapltx/mathrsfs.sty
Package: mathrsfs 1996/01/01 Math RSFS package v1.0 (jk)
\symrsfs=\mathgroup6
)
(/usr/local/texlive/2018/texmf-dist/tex/latex/clock/clock.sty
Package: clock 2001/04/10 v0.1 TeXclock

(/usr/local/texlive/2018/texmf-dist/tex/latex/clock/clock.tex
\time@in@minutes=\count158
\floor@minutes=\count159
\hour@minutes=\count160
\text@hours=\count161
\text@minutes=\count162
\my@minute=\count163
\my@minutes=\count164
\my@hour=\count165
\ClockStyle=\count166
))
(/usr/local/texlive/2018/texmf-dist/tex/latex/base/textcomp.sty
Package: textcomp 2017/04/05 v2.0i Standard LaTeX package
Package textcomp Info: Sub-encoding information:
(textcomp)               5 = only ISO-Adobe without \textcurrency
(textcomp)               4 = 5 + \texteuro
(textcomp)               3 = 4 + \textohm
(textcomp)               2 = 3 + \textestimated + \textcurrency
(textcomp)               1 = TS1 - \textcircled - \t
(textcomp)               0 = TS1 (full)
(textcomp)             Font families with sub-encoding setting implement
(textcomp)             only a restricted character set as indicated.
(textcomp)             Family '?' is the default used for unknown fonts.
(textcomp)             See the documentation for details.
Package textcomp Info: Setting ? sub-encoding to TS1/1 on input line 79.

(/usr/local/texlive/2018/texmf-dist/tex/latex/base/ts1enc.def
File: ts1enc.def 2001/06/05 v3.0e (jk/car/fm) Standard LaTeX file
)
LaTeX Info: Redefining \oldstylenums on input line 334.
Package textcomp Info: Setting cmr sub-encoding to TS1/0 on input line 349.
Package textcomp Info: Setting cmss sub-encoding to TS1/0 on input line 350.
Package textcomp Info: Setting cmtt sub-encoding to TS1/0 on input line 351.
Package textcomp Info: Setting cmvtt sub-encoding to TS1/0 on input line 352.
Package textcomp Info: Setting cmbr sub-encoding to TS1/0 on input line 353.
Package textcomp Info: Setting cmtl sub-encoding to TS1/0 on input line 354.
Package textcomp Info: Setting ccr sub-encoding to TS1/0 on input line 355.
Package textcomp Info: Setting ptm sub-encoding to TS1/4 on input line 356.
Package textcomp Info: Setting pcr sub-encoding to TS1/4 on input line 357.
Package textcomp Info: Setting phv sub-encoding to TS1/4 on input line 358.
Package textcomp Info: Setting ppl sub-encoding to TS1/3 on input line 359.
Package textcomp Info: Setting pag sub-encoding to TS1/4 on input line 360.
Package textcomp Info: Setting pbk sub-encoding to TS1/4 on input line 361.
Package textcomp Info: Setting pnc sub-encoding to TS1/4 on input line 362.
Package textcomp Info: Setting pzc sub-encoding to TS1/4 on input line 363.
Package textcomp Info: Setting bch sub-encoding to TS1/4 on input line 364.
Package textcomp Info: Setting put sub-encoding to TS1/5 on input line 365.
Package textcomp Info: Setting uag sub-encoding to TS1/5 on input line 366.
Package textcomp Info: Setting ugq sub-encoding to TS1/5 on input line 367.
Package textcomp Info: Setting ul8 sub-encoding to TS1/4 on input line 368.
Package textcomp Info: Setting ul9 sub-encoding to TS1/4 on input line 369.
Package textcomp Info: Setting augie sub-encoding to TS1/5 on input line 370.
Package textcomp Info: Setting dayrom sub-encoding to TS1/3 on input line 371.
Package textcomp Info: Setting dayroms sub-encoding to TS1/3 on input line 372.

Package textcomp Info: Setting pxr sub-encoding to TS1/0 on input line 373.
Package textcomp Info: Setting pxss sub-encoding to TS1/0 on input line 374.
Package textcomp Info: Setting pxtt sub-encoding to TS1/0 on input line 375.
Package textcomp Info: Setting txr sub-encoding to TS1/0 on input line 376.
Package textcomp Info: Setting txss sub-encoding to TS1/0 on input line 377.
Package textcomp Info: Setting txtt sub-encoding to TS1/0 on input line 378.
Package textcomp Info: Setting lmr sub-encoding to TS1/0 on input line 379.
Package textcomp Info: Setting lmdh sub-encoding to TS1/0 on input line 380.
Package textcomp Info: Setting lmss sub-encoding to TS1/0 on input line 381.
Package textcomp Info: Setting lmssq sub-encoding to TS1/0 on input line 382.
Package textcomp Info: Setting lmvtt sub-encoding to TS1/0 on input line 383.
Package textcomp Info: Setting lmtt sub-encoding to TS1/0 on input line 384.
Package textcomp Info: Setting qhv sub-encoding to TS1/0 on input line 385.
Package textcomp Info: Setting qag sub-encoding to TS1/0 on input line 386.
Package textcomp Info: Setting qbk sub-encoding to TS1/0 on input line 387.
Package textcomp Info: Setting qcr sub-encoding to TS1/0 on input line 388.
Package textcomp Info: Setting qcs sub-encoding to TS1/0 on input line 389.
Package textcomp Info: Setting qpl sub-encoding to TS1/0 on input line 390.
Package textcomp Info: Setting qtm sub-encoding to TS1/0 on input line 391.
Package textcomp Info: Setting qzc sub-encoding to TS1/0 on input line 392.
Package textcomp Info: Setting qhvc sub-encoding to TS1/0 on input line 393.
Package textcomp Info: Setting futs sub-encoding to TS1/4 on input line 394.
Package textcomp Info: Setting futx sub-encoding to TS1/4 on input line 395.
Package textcomp Info: Setting futj sub-encoding to TS1/4 on input line 396.
Package textcomp Info: Setting hlh sub-encoding to TS1/3 on input line 397.
Package textcomp Info: Setting hls sub-encoding to TS1/3 on input line 398.
Package textcomp Info: Setting hlst sub-encoding to TS1/3 on input line 399.
Package textcomp Info: Setting hlct sub-encoding to TS1/5 on input line 400.
Package textcomp Info: Setting hlx sub-encoding to TS1/5 on input line 401.
Package textcomp Info: Setting hlce sub-encoding to TS1/5 on input line 402.
Package textcomp Info: Setting hlcn sub-encoding to TS1/5 on input line 403.
Package textcomp Info: Setting hlcw sub-encoding to TS1/5 on input line 404.
Package textcomp Info: Setting hlcf sub-encoding to TS1/5 on input line 405.
Package textcomp Info: Setting pplx sub-encoding to TS1/3 on input line 406.
Package textcomp Info: Setting pplj sub-encoding to TS1/3 on input line 407.
Package textcomp Info: Setting ptmx sub-encoding to TS1/4 on input line 408.
Package textcomp Info: Setting ptmj sub-encoding to TS1/4 on input line 409.
)
(/usr/local/texlive/2018/texmf-dist/tex/latex/base/fontenc.sty
Package: fontenc 2017/04/05 v2.0i Standard LaTeX package

(/usr/local/texlive/2018/texmf-dist/tex/latex/base/t1enc.def
File: t1enc.def 2017/04/05 v2.0i Standard LaTeX file
LaTeX Font Info:    Redeclaring font encoding T1 on input line 48.
)
LaTeX Font Info:    Try loading font information for T1+lmss on input line 105.


(/usr/local/texlive/2018/texmf-dist/tex/latex/lm/t1lmss.fd
File: t1lmss.fd 2009/10/30 v1.6 Font defs for Latin Modern
))
(/usr/local/texlive/2018/texmf-dist/tex/latex/oberdiek/epstopdf.sty
Package: epstopdf 2016/05/15 v2.6 Conversion with epstopdf on the fly (HO)

(/usr/local/texlive/2018/texmf-dist/tex/latex/oberdiek/epstopdf-base.sty
Package: epstopdf-base 2016/05/15 v2.6 Base part for package epstopdf

(/usr/local/texlive/2018/texmf-dist/tex/latex/oberdiek/grfext.sty
Package: grfext 2016/05/16 v1.2 Manage graphics extensions (HO)
)

Package epstopdf Warning: Drivers other than `pdftex' and `luatex' are not supp
orted.

)) (/usr/local/texlive/2018/texmf-dist/tex/latex/beamer/beamerthemeWarsaw.sty
(/usr/local/texlive/2018/texmf-dist/tex/latex/beamer/beamerinnerthemerounded.st
y)
(/usr/local/texlive/2018/texmf-dist/tex/latex/beamer/beamerouterthemeshadow.sty
(/usr/local/texlive/2018/texmf-dist/tex/latex/beamer/beamerouterthemesplit.sty)
)
(/usr/local/texlive/2018/texmf-dist/tex/latex/beamer/beamercolorthemeorchid.sty
)
(/usr/local/texlive/2018/texmf-dist/tex/latex/beamer/beamercolorthemewhale.sty)
)
(/usr/local/texlive/2018/texmf-dist/tex/latex/beamer/beamerfontthemeprofessiona
lfonts.sty)
\c@algorithm=\count167
\c@lem=\count168
\c@them=\count169
\c@assumption=\count170
\c@remark=\count171
\c@question=\count172
\c@RomanNumber=\count173
 (./zhou_zhuhai.aux)
\openout1 = `zhou_zhuhai.aux'.

LaTeX Font Info:    Checking defaults for OML/cmm/m/it on input line 166.
LaTeX Font Info:    ... okay on input line 166.
LaTeX Font Info:    Checking defaults for T1/cmr/m/n on input line 166.
LaTeX Font Info:    ... okay on input line 166.
LaTeX Font Info:    Checking defaults for OT1/cmr/m/n on input line 166.
LaTeX Font Info:    ... okay on input line 166.
LaTeX Font Info:    Checking defaults for OMS/cmsy/m/n on input line 166.
LaTeX Font Info:    ... okay on input line 166.
LaTeX Font Info:    Checking defaults for TU/lmr/m/n on input line 166.
LaTeX Font Info:    ... okay on input line 166.
LaTeX Font Info:    Checking defaults for OMX/cmex/m/n on input line 166.
LaTeX Font Info:    ... okay on input line 166.
LaTeX Font Info:    Checking defaults for U/clock/m/n on input line 166.
LaTeX Font Info:    ... okay on input line 166.
LaTeX Font Info:    Checking defaults for PD1/pdf/m/n on input line 166.
LaTeX Font Info:    ... okay on input line 166.
LaTeX Font Info:    Checking defaults for PU/pdf/m/n on input line 166.
LaTeX Font Info:    ... okay on input line 166.
LaTeX Font Info:    Checking defaults for TS1/cmr/m/n on input line 166.
LaTeX Font Info:    Try loading font information for TS1+cmr on input line 166.


(/usr/local/texlive/2018/texmf-dist/tex/latex/base/ts1cmr.fd
File: ts1cmr.fd 2014/09/29 v2.5h Standard LaTeX font definitions
)
LaTeX Font Info:    ... okay on input line 166.

*geometry* driver: auto-detecting
*geometry* detected driver: xetex
*geometry* verbose mode - [ preamble ] result:
* driver: xetex
* paper: custom
* layout: <same size as paper>
* layoutoffset:(h,v)=(0.0pt,0.0pt)
* modes: includehead includefoot 
* h-part:(L,W,R)=(28.45274pt, 307.28987pt, 28.45274pt)
* v-part:(T,H,B)=(0.0pt, 273.14662pt, 0.0pt)
* \paperwidth=364.19536pt
* \paperheight=273.14662pt
* \textwidth=307.28987pt
* \textheight=244.6939pt
* \oddsidemargin=-43.81725pt
* \evensidemargin=-43.81725pt
* \topmargin=-72.26999pt
* \headheight=14.22636pt
* \headsep=0.0pt
* \topskip=9.0pt
* \footskip=14.22636pt
* \marginparwidth=4.0pt
* \marginparsep=10.0pt
* \columnsep=10.0pt
* \skip\footins=7.0pt plus 4.0pt minus 2.0pt
* \hoffset=0.0pt
* \voffset=0.0pt
* \mag=1000
* \@twocolumnfalse
* \@twosidefalse
* \@mparswitchfalse
* \@reversemarginfalse
* (1in=72.27pt=25.4mm, 1cm=28.453pt)

ABD: EveryShipout initializing macros
\AtBeginShipoutBox=\box54
Package hyperref Info: Link coloring OFF on input line 166.

(/usr/local/texlive/2018/texmf-dist/tex/latex/hyperref/nameref.sty
Package: nameref 2016/05/21 v2.44 Cross-referencing by name of section

(/usr/local/texlive/2018/texmf-dist/tex/generic/oberdiek/gettitlestring.sty
Package: gettitlestring 2016/05/16 v1.5 Cleanup title references (HO)
)
\c@section@level=\count174
)
LaTeX Info: Redefining \ref on input line 166.
LaTeX Info: Redefining \pageref on input line 166.
LaTeX Info: Redefining \nameref on input line 166.

(./zhou_zhuhai.out) (./zhou_zhuhai.out)
\@outlinefile=\write5
\openout5 = `zhou_zhuhai.out'.


(/usr/local/texlive/2018/texmf-dist/tex/latex/translator/translator-basic-dicti
onary-English.dict
Dictionary: translator-basic-dictionary, Language: English 
)
(/usr/local/texlive/2018/texmf-dist/tex/latex/translator/translator-bibliograph
y-dictionary-English.dict
Dictionary: translator-bibliography-dictionary, Language: English 
)
(/usr/local/texlive/2018/texmf-dist/tex/latex/translator/translator-environment
-dictionary-English.dict
Dictionary: translator-environment-dictionary, Language: English 
)
(/usr/local/texlive/2018/texmf-dist/tex/latex/translator/translator-months-dict
ionary-English.dict
Dictionary: translator-months-dictionary, Language: English 
)
(/usr/local/texlive/2018/texmf-dist/tex/latex/translator/translator-numbers-dic
tionary-English.dict
Dictionary: translator-numbers-dictionary, Language: English 
)
(/usr/local/texlive/2018/texmf-dist/tex/latex/translator/translator-theorem-dic
tionary-English.dict
Dictionary: translator-theorem-dictionary, Language: English 
) (./zhou_zhuhai.nav)

Package hyperref Warning: Option `pdfauthor' has already been used,
(hyperref)                setting the option has no effect on input line 171.

Missing character: There is no 周 in font ec-lmss12!
Missing character: There is no 世 in font ec-lmss12!
Missing character: There is no 奇 in font ec-lmss12!
[1

] [2

] (./zhou_zhuhai.toc) [3

]
File: ./figure/seismic.png Graphic file (type bmp)
<./figure/seismic.png>
 [4

]
LaTeX Font Info:    Try loading font information for U+msa on input line 247.

(/usr/local/texlive/2018/texmf-dist/tex/latex/amsfonts/umsa.fd
File: umsa.fd 2013/01/14 v3.01 AMS symbols A
)
LaTeX Font Info:    Try loading font information for U+msb on input line 247.

(/usr/local/texlive/2018/texmf-dist/tex/latex/amsfonts/umsb.fd
File: umsb.fd 2013/01/14 v3.01 AMS symbols B
)
LaTeX Font Info:    Try loading font information for U+rsfs on input line 247.

(/usr/local/texlive/2018/texmf-dist/tex/latex/jknapltx/ursfs.fd
File: ursfs.fd 1998/03/24 rsfs font definition file (jk)
) [5

]
File: ./figure/half_forward.jpg Graphic file (type bmp)
<./figure/half_forward.jpg>

Overfull \hbox (34.1353pt too wide) in paragraph at lines 254--254
 [] 
 []


Overfull \vbox (12.5516pt too high) detected at line 254
 []

[6

] [7

] [8

] [9

]
LaTeX Font Info:    Font shape `T1/lmss/m/it' in size <8> not available
(Font)              Font shape `T1/lmss/m/sl' tried instead on input line 356.

Overfull \hbox (24.16965pt too wide) in alignment at lines 356--356
 [][][] []
 []

[10

]
LaTeX Font Info:    Font shape `T1/lmss/m/it' in size <7> not available
(Font)              Font shape `T1/lmss/m/sl' tried instead on input line 393.
 [11

]
Overfull \hbox (33.3263pt too wide) in alignment at lines 429--429
 [][][] []
 []

File: ./figure/half_forward.jpg Graphic file (type bmp)
<./figure/half_forward.jpg>

Overfull \hbox (17.06766pt too wide) in paragraph at lines 429--429
 [] 
 []

[12

] [13

]
Overfull \vbox (3.63614pt too high) detected at line 509
 []

[14

]
File: ./figure/half_forward.jpg Graphic file (type bmp)
<./figure/half_forward.jpg>

Overfull \hbox (34.1353pt too wide) in paragraph at lines 516--516
 [] 
 []


Overfull \vbox (12.5516pt too high) detected at line 516
 []

[15

]
LaTeX Font Info:    Try loading font information for T1+lmr on input line 534.
 (/usr/local/texlive/2018/texmf-dist/tex/latex/lm/t1lmr.fd
File: t1lmr.fd 2009/10/30 v1.6 Font defs for Latin Modern
) [16

]
Overfull \hbox (23.45445pt too wide) in alignment at lines 551--551
 [][][] []
 []

[17

]
Invalid UTF-8 byte or sequence at line 560 replaced by U+FFFD.
File: ./psf/J.eps Graphic file (type eps)
<./psf/J.eps>

Overfull \vbox (1.1315pt too high) detected at line 560
 []

[18

] [19

] [20

]
Overfull \hbox (15.76778pt too wide) in alignment at lines 621--621
 [][][] []
 []

[21

] [22

]
Invalid UTF-8 byte or sequence at line 654 replaced by U+FFFD.
File: ./graphic/peanut_3pi.eps Graphic file (type eps)
<./graphic/peanut_3pi.eps>
Invalid UTF-8 byte or sequence at line 654 replaced by U+FFFD.
File: ./graphic/peanut_3pi_neumann.eps Graphic file (type eps)
<./graphic/peanut_3pi_neumann.eps>
Invalid UTF-8 byte or sequence at line 654 replaced by U+FFFD.
File: ./graphic/peanut_3pi_impedance_1.eps Graphic file (type eps)
<./graphic/peanut_3pi_impedance_1.eps>
Invalid UTF-8 byte or sequence at line 654 replaced by U+FFFD.
File: ./graphic/peanut_3pi_transmission.eps Graphic file (type eps)
<./graphic/peanut_3pi_transmission.eps>
Invalid UTF-8 byte or sequence at line 654 replaced by U+FFFD.
File: ./graphic/rectangle_3pi.eps Graphic file (type eps)
<./graphic/rectangle_3pi.eps>
Invalid UTF-8 byte or sequence at line 654 replaced by U+FFFD.
File: ./graphic/rectangle_3pi_neumann.eps Graphic file (type eps)
<./graphic/rectangle_3pi_neumann.eps>
Invalid UTF-8 byte or sequence at line 654 replaced by U+FFFD.
File: ./graphic/rectangle_3pi_impedance_1.eps Graphic file (type eps)
<./graphic/rectangle_3pi_impedance_1.eps>
Invalid UTF-8 byte or sequence at line 654 replaced by U+FFFD.
File: ./graphic/rectangle_3pi_transmission.eps Graphic file (type eps)
<./graphic/rectangle_3pi_transmission.eps>
 [23

]
Invalid UTF-8 byte or sequence at line 669 replaced by U+FFFD.
File: ./graphic/circle_3pi.eps Graphic file (type eps)
<./graphic/circle_3pi.eps>
Invalid UTF-8 byte or sequence at line 669 replaced by U+FFFD.
File: ./graphic/circle_5pi.eps Graphic file (type eps)
<./graphic/circle_5pi.eps>
Invalid UTF-8 byte or sequence at line 669 replaced by U+FFFD.
File: ./graphic/circle.eps Graphic file (type eps)
<./graphic/circle.eps>
File: ./graphic/peanut_3pi.eps Graphic file (type eps)
<./graphic/peanut_3pi.eps>
Invalid UTF-8 byte or sequence at line 669 replaced by U+FFFD.
File: ./graphic/peanut_5pi.eps Graphic file (type eps)
<./graphic/peanut_5pi.eps>
Invalid UTF-8 byte or sequence at line 669 replaced by U+FFFD.
File: ./graphic/peanut.eps Graphic file (type eps)
<./graphic/peanut.eps>
 [24

]
Invalid UTF-8 byte or sequence at line 684 replaced by U+FFFD.
File: ./graphic/p_leaf_3pi.eps Graphic file (type eps)
<./graphic/p_leaf_3pi.eps>
Invalid UTF-8 byte or sequence at line 684 replaced by U+FFFD.
File: ./graphic/p_leaf_5pi.eps Graphic file (type eps)
<./graphic/p_leaf_5pi.eps>
Invalid UTF-8 byte or sequence at line 684 replaced by U+FFFD.
File: ./graphic/p_leaf.eps Graphic file (type eps)
<./graphic/p_leaf.eps>
File: ./graphic/rectangle_3pi.eps Graphic file (type eps)
<./graphic/rectangle_3pi.eps>
Invalid UTF-8 byte or sequence at line 684 replaced by U+FFFD.
File: ./graphic/rectangle_5pi.eps Graphic file (type eps)
<./graphic/rectangle_5pi.eps>
Invalid UTF-8 byte or sequence at line 684 replaced by U+FFFD.
File: ./graphic/rectangle.eps Graphic file (type eps)
<./graphic/rectangle.eps>
 [25

]
Invalid UTF-8 byte or sequence at line 701 replaced by U+FFFD.
File: ./graphic/bi_circle_profile.eps Graphic file (type eps)
<./graphic/bi_circle_profile.eps>
Invalid UTF-8 byte or sequence at line 701 replaced by U+FFFD.
File: ./graphic/bi_circle_3pi.eps Graphic file (type eps)
<./graphic/bi_circle_3pi.eps>
Invalid UTF-8 byte or sequence at line 701 replaced by U+FFFD.
File: ./graphic/bi_circle.eps Graphic file (type eps)
<./graphic/bi_circle.eps>
Invalid UTF-8 byte or sequence at line 701 replaced by U+FFFD.
File: ./graphic/circle_0_4_peanut_1_profile.eps Graphic file (type eps)
<./graphic/circle_0_4_peanut_1_profile.eps>
Invalid UTF-8 byte or sequence at line 701 replaced by U+FFFD.
File: ./graphic/circle_0_4_peanut_1_3pi_1.eps Graphic file (type eps)
<./graphic/circle_0_4_peanut_1_3pi_1.eps>
Invalid UTF-8 byte or sequence at line 701 replaced by U+FFFD.
File: ./graphic/circle_0_4_peanut_1_multi_1.eps Graphic file (type eps)
<./graphic/circle_0_4_peanut_1_multi_1.eps>
 [26

]
Invalid UTF-8 byte or sequence at line 718 replaced by U+FFFD.
File: ./graphic/bi_circle_4pi_error2.eps Graphic file (type eps)
<./graphic/bi_circle_4pi_error2.eps>
Invalid UTF-8 byte or sequence at line 718 replaced by U+FFFD.
File: ./graphic/bi_circle_4pi_error4.eps Graphic file (type eps)
<./graphic/bi_circle_4pi_error4.eps>
Invalid UTF-8 byte or sequence at line 718 replaced by U+FFFD.
File: ./graphic/bi_circle_4pi_error6.eps Graphic file (type eps)
<./graphic/bi_circle_4pi_error6.eps>
Invalid UTF-8 byte or sequence at line 718 replaced by U+FFFD.
File: ./graphic/bi_circle_multi_2_8_error2.eps Graphic file (type eps)
<./graphic/bi_circle_multi_2_8_error2.eps>
Invalid UTF-8 byte or sequence at line 718 replaced by U+FFFD.
File: ./graphic/bi_circle_multi_2_8_error4.eps Graphic file (type eps)
<./graphic/bi_circle_multi_2_8_error4.eps>
Invalid UTF-8 byte or sequence at line 718 replaced by U+FFFD.
File: ./graphic/bi_circle_multi_2_8_error6.eps Graphic file (type eps)
<./graphic/bi_circle_multi_2_8_error6.eps>
 [27

]
Overfull \hbox (9.84062pt too wide) in alignment at lines 728--728
 [][][] []
 []

[28

] [29

] [30

] (./zhou_zhuhai.bbl)
\tf@nav=\write6
\openout6 = `zhou_zhuhai.nav'.

\tf@toc=\write7
\openout7 = `zhou_zhuhai.toc'.

\tf@snm=\write8
\openout8 = `zhou_zhuhai.snm'.

Package atveryend Info: Empty hook `BeforeClearDocument' on input line 764.
Package atveryend Info: Empty hook `AfterLastShipout' on input line 764.
 (./zhou_zhuhai.aux)
Package atveryend Info: Empty hook `AtVeryEndDocument' on input line 764.
Package atveryend Info: Executing hook `AtEndAfterFileList' on input line 764.
Package rerunfilecheck Info: File `zhou_zhuhai.out' has not changed.
(rerunfilecheck)             Checksum: D41D8CD98F00B204E9800998ECF8427E.
 )
(\end occurred when \ifx on line 161 was incomplete) 
Here is how much of TeX's memory you used:
 21014 strings out of 492970
 382777 string characters out of 6133939
 495624 words of memory out of 5000000
 24530 multiletter control sequences out of 15000+600000
 38312 words of font info for 53 fonts, out of 8000000 for 9000
 1348 hyphenation exceptions out of 8191
 56i,19n,61p,778b,918s stack positions out of 5000i,500n,10000p,200000b,80000s

Output written on zhou_zhuhai.pdf (30 pages).
