This is pdfTeX, Version 3.14159265-2.6-1.40.19 (TeX Live 2018/W32TeX) (preloaded format=pdflatex 2018.11.21)  12 MAR 2019 17:38
entering extended mode
 restricted \write18 enabled.
 %&-line parsing enabled.
**zhuhai.tex
(./zhuhai.tex
LaTeX2e <2018-04-01> patch level 2
Babel <3.18> and hyphenation patterns for 84 language(s) loaded.
(c:/texlive/2018/texmf-dist/tex/latex/beamer/beamer.cls
Document Class: beamer 2018/02/20 v3.50 A class for typesetting presentations
(c:/texlive/2018/texmf-dist/tex/latex/beamer/beamerbasemodes.sty
(c:/texlive/2018/texmf-dist/tex/latex/etoolbox/etoolbox.sty
Package: etoolbox 2018/02/11 v2.5e e-TeX tools for LaTeX (JAW)
\etb@tempcnta=\count80
)
\beamer@tempbox=\box26
\beamer@tempcount=\count81
\c@beamerpauses=\count82

(c:/texlive/2018/texmf-dist/tex/latex/beamer/beamerbasedecode.sty
\beamer@slideinframe=\count83
\beamer@minimum=\count84
)
\beamer@commentbox=\box27
\beamer@modecount=\count85
)
(c:/texlive/2018/texmf-dist/tex/generic/oberdiek/ifpdf.sty
Package: ifpdf 2017/03/15 v3.2 Provides the ifpdf switch
)
\headdp=\dimen102
\footheight=\dimen103
\sidebarheight=\dimen104
\beamer@tempdim=\dimen105
\beamer@finalheight=\dimen106
\beamer@animht=\dimen107
\beamer@animdp=\dimen108
\beamer@animwd=\dimen109
\beamer@leftmargin=\dimen110
\beamer@rightmargin=\dimen111
\beamer@leftsidebar=\dimen112
\beamer@rightsidebar=\dimen113
\beamer@boxsize=\dimen114
\beamer@vboxoffset=\dimen115
\beamer@descdefault=\dimen116
\beamer@descriptionwidth=\dimen117
\beamer@lastskip=\skip41
\beamer@areabox=\box28
\beamer@animcurrent=\box29
\beamer@animshowbox=\box30
\beamer@sectionbox=\box31
\beamer@logobox=\box32
\beamer@linebox=\box33
\beamer@sectioncount=\count86
\beamer@subsubsectionmax=\count87
\beamer@subsectionmax=\count88
\beamer@sectionmax=\count89
\beamer@totalheads=\count90
\beamer@headcounter=\count91
\beamer@partstartpage=\count92
\beamer@sectionstartpage=\count93
\beamer@subsectionstartpage=\count94
\beamer@animationtempa=\count95
\beamer@animationtempb=\count96
\beamer@xpos=\count97
\beamer@ypos=\count98
\beamer@ypos@offset=\count99
\beamer@showpartnumber=\count100
\beamer@currentsubsection=\count101
\beamer@coveringdepth=\count102
\beamer@sectionadjust=\count103
\beamer@tocsectionnumber=\count104

(c:/texlive/2018/texmf-dist/tex/latex/beamer/beamerbaseoptions.sty
(c:/texlive/2018/texmf-dist/tex/latex/graphics/keyval.sty
Package: keyval 2014/10/28 v1.15 key=value parser (DPC)
\KV@toks@=\toks14
))
\beamer@paperwidth=\skip42
\beamer@paperheight=\skip43

(c:/texlive/2018/texmf-dist/tex/latex/geometry/geometry.sty
Package: geometry 2018/03/24 v5.7 Page Geometry

(c:/texlive/2018/texmf-dist/tex/generic/oberdiek/ifvtex.sty
Package: ifvtex 2016/05/16 v1.6 Detect VTeX and its facilities (HO)
Package ifvtex Info: VTeX not detected.
)
(c:/texlive/2018/texmf-dist/tex/generic/ifxetex/ifxetex.sty
Package: ifxetex 2010/09/12 v0.6 Provides ifxetex conditional
)
\Gm@cnth=\count105
\Gm@cntv=\count106
\c@Gm@tempcnt=\count107
\Gm@bindingoffset=\dimen118
\Gm@wd@mp=\dimen119
\Gm@odd@mp=\dimen120
\Gm@even@mp=\dimen121
\Gm@layoutwidth=\dimen122
\Gm@layoutheight=\dimen123
\Gm@layouthoffset=\dimen124
\Gm@layoutvoffset=\dimen125
\Gm@dimlist=\toks15
)
(c:/texlive/2018/texmf-dist/tex/latex/extsizes/size8.clo
File: size8.clo 1999/11/11 v1.4a NON-Standard LaTeX file (size option)
)
(c:/texlive/2018/texmf-dist/tex/latex/pgf/basiclayer/pgfcore.sty
(c:/texlive/2018/texmf-dist/tex/latex/graphics/graphicx.sty
Package: graphicx 2017/06/01 v1.1a Enhanced LaTeX Graphics (DPC,SPQR)

(c:/texlive/2018/texmf-dist/tex/latex/graphics/graphics.sty
Package: graphics 2017/06/25 v1.2c Standard LaTeX Graphics (DPC,SPQR)

(c:/texlive/2018/texmf-dist/tex/latex/graphics/trig.sty
Package: trig 2016/01/03 v1.10 sin cos tan (DPC)
)
(c:/texlive/2018/texmf-dist/tex/latex/graphics-cfg/graphics.cfg
File: graphics.cfg 2016/06/04 v1.11 sample graphics configuration
)
Package graphics Info: Driver file: pdftex.def on input line 99.

(c:/texlive/2018/texmf-dist/tex/latex/graphics-def/pdftex.def
File: pdftex.def 2018/01/08 v1.0l Graphics/color driver for pdftex
))
\Gin@req@height=\dimen126
\Gin@req@width=\dimen127
)
(c:/texlive/2018/texmf-dist/tex/latex/pgf/systemlayer/pgfsys.sty
(c:/texlive/2018/texmf-dist/tex/latex/pgf/utilities/pgfrcs.sty
(c:/texlive/2018/texmf-dist/tex/generic/pgf/utilities/pgfutil-common.tex
\pgfutil@everybye=\toks16
\pgfutil@tempdima=\dimen128
\pgfutil@tempdimb=\dimen129

(c:/texlive/2018/texmf-dist/tex/generic/pgf/utilities/pgfutil-common-lists.tex)
) (c:/texlive/2018/texmf-dist/tex/generic/pgf/utilities/pgfutil-latex.def
\pgfutil@abb=\box34

(c:/texlive/2018/texmf-dist/tex/latex/ms/everyshi.sty
Package: everyshi 2001/05/15 v3.00 EveryShipout Package (MS)
))
(c:/texlive/2018/texmf-dist/tex/generic/pgf/utilities/pgfrcs.code.tex
Package: pgfrcs 2015/08/07 v3.0.1a (rcs-revision 1.31)
))
(c:/texlive/2018/texmf-dist/tex/generic/pgf/systemlayer/pgfsys.code.tex
Package: pgfsys 2014/07/09 v3.0.1a (rcs-revision 1.48)

(c:/texlive/2018/texmf-dist/tex/generic/pgf/utilities/pgfkeys.code.tex
\pgfkeys@pathtoks=\toks17
\pgfkeys@temptoks=\toks18

(c:/texlive/2018/texmf-dist/tex/generic/pgf/utilities/pgfkeysfiltered.code.tex
\pgfkeys@tmptoks=\toks19
))
\pgf@x=\dimen130
\pgf@y=\dimen131
\pgf@xa=\dimen132
\pgf@ya=\dimen133
\pgf@xb=\dimen134
\pgf@yb=\dimen135
\pgf@xc=\dimen136
\pgf@yc=\dimen137
\w@pgf@writea=\write3
\r@pgf@reada=\read1
\c@pgf@counta=\count108
\c@pgf@countb=\count109
\c@pgf@countc=\count110
\c@pgf@countd=\count111
\t@pgf@toka=\toks20
\t@pgf@tokb=\toks21
\t@pgf@tokc=\toks22
 (c:/texlive/2018/texmf-dist/tex/generic/pgf/systemlayer/pgf.cfg
File: pgf.cfg 2008/05/14  (rcs-revision 1.7)
)
Driver file for pgf: pgfsys-pdftex.def

(c:/texlive/2018/texmf-dist/tex/generic/pgf/systemlayer/pgfsys-pdftex.def
File: pgfsys-pdftex.def 2014/10/11  (rcs-revision 1.35)

(c:/texlive/2018/texmf-dist/tex/generic/pgf/systemlayer/pgfsys-common-pdf.def
File: pgfsys-common-pdf.def 2013/10/10  (rcs-revision 1.13)
)))
(c:/texlive/2018/texmf-dist/tex/generic/pgf/systemlayer/pgfsyssoftpath.code.tex
File: pgfsyssoftpath.code.tex 2013/09/09  (rcs-revision 1.9)
\pgfsyssoftpath@smallbuffer@items=\count112
\pgfsyssoftpath@bigbuffer@items=\count113
)
(c:/texlive/2018/texmf-dist/tex/generic/pgf/systemlayer/pgfsysprotocol.code.tex
File: pgfsysprotocol.code.tex 2006/10/16  (rcs-revision 1.4)
)) (c:/texlive/2018/texmf-dist/tex/latex/xcolor/xcolor.sty
Package: xcolor 2016/05/11 v2.12 LaTeX color extensions (UK)

(c:/texlive/2018/texmf-dist/tex/latex/graphics-cfg/color.cfg
File: color.cfg 2016/01/02 v1.6 sample color configuration
)
Package xcolor Info: Driver file: pdftex.def on input line 225.
Package xcolor Info: Model `cmy' substituted by `cmy0' on input line 1348.
Package xcolor Info: Model `hsb' substituted by `rgb' on input line 1352.
Package xcolor Info: Model `RGB' extended on input line 1364.
Package xcolor Info: Model `HTML' substituted by `rgb' on input line 1366.
Package xcolor Info: Model `Hsb' substituted by `hsb' on input line 1367.
Package xcolor Info: Model `tHsb' substituted by `hsb' on input line 1368.
Package xcolor Info: Model `HSB' substituted by `hsb' on input line 1369.
Package xcolor Info: Model `Gray' substituted by `gray' on input line 1370.
Package xcolor Info: Model `wave' substituted by `hsb' on input line 1371.
)
(c:/texlive/2018/texmf-dist/tex/generic/pgf/basiclayer/pgfcore.code.tex
Package: pgfcore 2010/04/11 v3.0.1a (rcs-revision 1.7)

(c:/texlive/2018/texmf-dist/tex/generic/pgf/math/pgfmath.code.tex
(c:/texlive/2018/texmf-dist/tex/generic/pgf/math/pgfmathcalc.code.tex
(c:/texlive/2018/texmf-dist/tex/generic/pgf/math/pgfmathutil.code.tex)
(c:/texlive/2018/texmf-dist/tex/generic/pgf/math/pgfmathparser.code.tex
\pgfmath@dimen=\dimen138
\pgfmath@count=\count114
\pgfmath@box=\box35
\pgfmath@toks=\toks23
\pgfmath@stack@operand=\toks24
\pgfmath@stack@operation=\toks25
)
(c:/texlive/2018/texmf-dist/tex/generic/pgf/math/pgfmathfunctions.code.tex
(c:/texlive/2018/texmf-dist/tex/generic/pgf/math/pgfmathfunctions.basic.code.te
x)
(c:/texlive/2018/texmf-dist/tex/generic/pgf/math/pgfmathfunctions.trigonometric
.code.tex)
(c:/texlive/2018/texmf-dist/tex/generic/pgf/math/pgfmathfunctions.random.code.t
ex)
(c:/texlive/2018/texmf-dist/tex/generic/pgf/math/pgfmathfunctions.comparison.co
de.tex)
(c:/texlive/2018/texmf-dist/tex/generic/pgf/math/pgfmathfunctions.base.code.tex
)
(c:/texlive/2018/texmf-dist/tex/generic/pgf/math/pgfmathfunctions.round.code.te
x)
(c:/texlive/2018/texmf-dist/tex/generic/pgf/math/pgfmathfunctions.misc.code.tex
)
(c:/texlive/2018/texmf-dist/tex/generic/pgf/math/pgfmathfunctions.integerarithm
etics.code.tex)))
(c:/texlive/2018/texmf-dist/tex/generic/pgf/math/pgfmathfloat.code.tex
\c@pgfmathroundto@lastzeros=\count115
))
(c:/texlive/2018/texmf-dist/tex/generic/pgf/basiclayer/pgfcorepoints.code.tex
File: pgfcorepoints.code.tex 2013/10/07  (rcs-revision 1.27)
\pgf@picminx=\dimen139
\pgf@picmaxx=\dimen140
\pgf@picminy=\dimen141
\pgf@picmaxy=\dimen142
\pgf@pathminx=\dimen143
\pgf@pathmaxx=\dimen144
\pgf@pathminy=\dimen145
\pgf@pathmaxy=\dimen146
\pgf@xx=\dimen147
\pgf@xy=\dimen148
\pgf@yx=\dimen149
\pgf@yy=\dimen150
\pgf@zx=\dimen151
\pgf@zy=\dimen152
)
(c:/texlive/2018/texmf-dist/tex/generic/pgf/basiclayer/pgfcorepathconstruct.cod
e.tex
File: pgfcorepathconstruct.code.tex 2013/10/07  (rcs-revision 1.29)
\pgf@path@lastx=\dimen153
\pgf@path@lasty=\dimen154
)
(c:/texlive/2018/texmf-dist/tex/generic/pgf/basiclayer/pgfcorepathusage.code.te
x
File: pgfcorepathusage.code.tex 2014/11/02  (rcs-revision 1.24)
\pgf@shorten@end@additional=\dimen155
\pgf@shorten@start@additional=\dimen156
)
(c:/texlive/2018/texmf-dist/tex/generic/pgf/basiclayer/pgfcorescopes.code.tex
File: pgfcorescopes.code.tex 2015/05/08  (rcs-revision 1.46)
\pgfpic=\box36
\pgf@hbox=\box37
\pgf@layerbox@main=\box38
\pgf@picture@serial@count=\count116
)
(c:/texlive/2018/texmf-dist/tex/generic/pgf/basiclayer/pgfcoregraphicstate.code
.tex
File: pgfcoregraphicstate.code.tex 2014/11/02  (rcs-revision 1.12)
\pgflinewidth=\dimen157
)
(c:/texlive/2018/texmf-dist/tex/generic/pgf/basiclayer/pgfcoretransformations.c
ode.tex
File: pgfcoretransformations.code.tex 2015/08/07  (rcs-revision 1.20)
\pgf@pt@x=\dimen158
\pgf@pt@y=\dimen159
\pgf@pt@temp=\dimen160
)
(c:/texlive/2018/texmf-dist/tex/generic/pgf/basiclayer/pgfcorequick.code.tex
File: pgfcorequick.code.tex 2008/10/09  (rcs-revision 1.3)
)
(c:/texlive/2018/texmf-dist/tex/generic/pgf/basiclayer/pgfcoreobjects.code.tex
File: pgfcoreobjects.code.tex 2006/10/11  (rcs-revision 1.2)
)
(c:/texlive/2018/texmf-dist/tex/generic/pgf/basiclayer/pgfcorepathprocessing.co
de.tex
File: pgfcorepathprocessing.code.tex 2013/09/09  (rcs-revision 1.9)
)
(c:/texlive/2018/texmf-dist/tex/generic/pgf/basiclayer/pgfcorearrows.code.tex
File: pgfcorearrows.code.tex 2015/05/14  (rcs-revision 1.43)
\pgfarrowsep=\dimen161
)
(c:/texlive/2018/texmf-dist/tex/generic/pgf/basiclayer/pgfcoreshade.code.tex
File: pgfcoreshade.code.tex 2013/07/15  (rcs-revision 1.15)
\pgf@max=\dimen162
\pgf@sys@shading@range@num=\count117
)
(c:/texlive/2018/texmf-dist/tex/generic/pgf/basiclayer/pgfcoreimage.code.tex
File: pgfcoreimage.code.tex 2013/07/15  (rcs-revision 1.18)

(c:/texlive/2018/texmf-dist/tex/generic/pgf/basiclayer/pgfcoreexternal.code.tex
File: pgfcoreexternal.code.tex 2014/07/09  (rcs-revision 1.21)
\pgfexternal@startupbox=\box39
))
(c:/texlive/2018/texmf-dist/tex/generic/pgf/basiclayer/pgfcorelayers.code.tex
File: pgfcorelayers.code.tex 2013/07/18  (rcs-revision 1.7)
)
(c:/texlive/2018/texmf-dist/tex/generic/pgf/basiclayer/pgfcoretransparency.code
.tex
File: pgfcoretransparency.code.tex 2013/09/30  (rcs-revision 1.5)
)
(c:/texlive/2018/texmf-dist/tex/generic/pgf/basiclayer/pgfcorepatterns.code.tex
File: pgfcorepatterns.code.tex 2013/11/07  (rcs-revision 1.5)
))) (c:/texlive/2018/texmf-dist/tex/latex/pgf/utilities/xxcolor.sty
Package: xxcolor 2003/10/24 ver 0.1
\XC@nummixins=\count118
\XC@countmixins=\count119
)
(c:/texlive/2018/texmf-dist/tex/generic/oberdiek/atbegshi.sty
Package: atbegshi 2016/06/09 v1.18 At begin shipout hook (HO)

(c:/texlive/2018/texmf-dist/tex/generic/oberdiek/infwarerr.sty
Package: infwarerr 2016/05/16 v1.4 Providing info/warning/error messages (HO)
)
(c:/texlive/2018/texmf-dist/tex/generic/oberdiek/ltxcmds.sty
Package: ltxcmds 2016/05/16 v1.23 LaTeX kernel commands for general use (HO)
))
(c:/texlive/2018/texmf-dist/tex/latex/hyperref/hyperref.sty
Package: hyperref 2018/02/06 v6.86b Hypertext links for LaTeX

(c:/texlive/2018/texmf-dist/tex/generic/oberdiek/hobsub-hyperref.sty
Package: hobsub-hyperref 2016/05/16 v1.14 Bundle oberdiek, subset hyperref (HO)


(c:/texlive/2018/texmf-dist/tex/generic/oberdiek/hobsub-generic.sty
Package: hobsub-generic 2016/05/16 v1.14 Bundle oberdiek, subset generic (HO)
Package: hobsub 2016/05/16 v1.14 Construct package bundles (HO)
Package hobsub Info: Skipping package `infwarerr' (already loaded).
Package hobsub Info: Skipping package `ltxcmds' (already loaded).
Package: ifluatex 2016/05/16 v1.4 Provides the ifluatex switch (HO)
Package ifluatex Info: LuaTeX not detected.
Package hobsub Info: Skipping package `ifvtex' (already loaded).
Package: intcalc 2016/05/16 v1.2 Expandable calculations with integers (HO)
Package hobsub Info: Skipping package `ifpdf' (already loaded).
Package: etexcmds 2016/05/16 v1.6 Avoid name clashes with e-TeX commands (HO)
Package etexcmds Info: Could not find \expanded.
(etexcmds)             That can mean that you are not using pdfTeX 1.50 or
(etexcmds)             that some package has redefined \expanded.
(etexcmds)             In the latter case, load this package earlier.
Package: kvsetkeys 2016/05/16 v1.17 Key value parser (HO)
Package: kvdefinekeys 2016/05/16 v1.4 Define keys (HO)
Package: pdftexcmds 2018/01/30 v0.27 Utility functions of pdfTeX for LuaTeX (HO
)
Package pdftexcmds Info: LuaTeX not detected.
Package pdftexcmds Info: \pdf@primitive is available.
Package pdftexcmds Info: \pdf@ifprimitive is available.
Package pdftexcmds Info: \pdfdraftmode found.
Package: pdfescape 2016/05/16 v1.14 Implements pdfTeX's escape features (HO)
Package: bigintcalc 2016/05/16 v1.4 Expandable calculations on big integers (HO
)
Package: bitset 2016/05/16 v1.2 Handle bit-vector datatype (HO)
Package: uniquecounter 2016/05/16 v1.3 Provide unlimited unique counter (HO)
)
Package hobsub Info: Skipping package `hobsub' (already loaded).
Package: letltxmacro 2016/05/16 v1.5 Let assignment for LaTeX macros (HO)
Package: hopatch 2016/05/16 v1.3 Wrapper for package hooks (HO)
Package: xcolor-patch 2016/05/16 xcolor patch
Package: atveryend 2016/05/16 v1.9 Hooks at the very end of document (HO)
Package hobsub Info: Skipping package `atbegshi' (already loaded).
Package: refcount 2016/05/16 v3.5 Data extraction from label references (HO)
Package: hycolor 2016/05/16 v1.8 Color options for hyperref/bookmark (HO)
)
(c:/texlive/2018/texmf-dist/tex/latex/oberdiek/auxhook.sty
Package: auxhook 2016/05/16 v1.4 Hooks for auxiliary files (HO)
)
(c:/texlive/2018/texmf-dist/tex/latex/oberdiek/kvoptions.sty
Package: kvoptions 2016/05/16 v3.12 Key value format for package options (HO)
)
\@linkdim=\dimen163
\Hy@linkcounter=\count120
\Hy@pagecounter=\count121

(c:/texlive/2018/texmf-dist/tex/latex/hyperref/pd1enc.def
File: pd1enc.def 2018/02/06 v6.86b Hyperref: PDFDocEncoding definition (HO)
Now handling font encoding PD1 ...
... no UTF-8 mapping file for font encoding PD1
)
\Hy@SavedSpaceFactor=\count122

(c:/texlive/2018/texmf-dist/tex/latex/latexconfig/hyperref.cfg
File: hyperref.cfg 2002/06/06 v1.2 hyperref configuration of TeXLive
)
Package hyperref Info: Option `bookmarks' set `true' on input line 4383.
Package hyperref Info: Option `bookmarksopen' set `true' on input line 4383.
Package hyperref Info: Option `implicit' set `false' on input line 4383.
Package hyperref Info: Hyper figures OFF on input line 4509.
Package hyperref Info: Link nesting OFF on input line 4514.
Package hyperref Info: Hyper index ON on input line 4517.
Package hyperref Info: Plain pages OFF on input line 4524.
Package hyperref Info: Backreferencing OFF on input line 4529.
Package hyperref Info: Implicit mode OFF; no redefinition of LaTeX internals.
Package hyperref Info: Bookmarks ON on input line 4762.
\c@Hy@tempcnt=\count123

(c:/texlive/2018/texmf-dist/tex/latex/url/url.sty
\Urlmuskip=\muskip10
Package: url 2013/09/16  ver 3.4  Verb mode for urls, etc.
)
LaTeX Info: Redefining \url on input line 5115.
\XeTeXLinkMargin=\dimen164
\Fld@menulength=\count124
\Field@Width=\dimen165
\Fld@charsize=\dimen166
Package hyperref Info: Hyper figures OFF on input line 6369.
Package hyperref Info: Link nesting OFF on input line 6374.
Package hyperref Info: Hyper index ON on input line 6377.
Package hyperref Info: backreferencing OFF on input line 6384.
Package hyperref Info: Link coloring OFF on input line 6389.
Package hyperref Info: Link coloring with OCG OFF on input line 6394.
Package hyperref Info: PDF/A mode OFF on input line 6399.
LaTeX Info: Redefining \ref on input line 6439.
LaTeX Info: Redefining \pageref on input line 6443.
\Hy@abspage=\count125


Package hyperref Message: Stopped early.

)
Package hyperref Info: Driver (autodetected): hpdftex.
 (c:/texlive/2018/texmf-dist/tex/latex/hyperref/hpdftex.def
File: hpdftex.def 2018/02/06 v6.86b Hyperref driver for pdfTeX
\Fld@listcount=\count126
\c@bookmark@seq@number=\count127

(c:/texlive/2018/texmf-dist/tex/latex/oberdiek/rerunfilecheck.sty
Package: rerunfilecheck 2016/05/16 v1.8 Rerun checks for auxiliary files (HO)
Package uniquecounter Info: New unique counter `rerunfilecheck' on input line 2
82.
))
Package hyperref Info: Option `CJKbookmarks' set `true' on input line 357.

(c:/texlive/2018/texmf-dist/tex/latex/beamer/beamerbaserequires.sty
(c:/texlive/2018/texmf-dist/tex/latex/beamer/beamerbasecompatibility.sty)
(c:/texlive/2018/texmf-dist/tex/latex/beamer/beamerbasefont.sty
(c:/texlive/2018/texmf-dist/tex/latex/amsfonts/amssymb.sty
Package: amssymb 2013/01/14 v3.01 AMS font symbols

(c:/texlive/2018/texmf-dist/tex/latex/amsfonts/amsfonts.sty
Package: amsfonts 2013/01/14 v3.01 Basic AMSFonts support
\@emptytoks=\toks26
\symAMSa=\mathgroup4
\symAMSb=\mathgroup5
LaTeX Font Info:    Overwriting math alphabet `\mathfrak' in version `bold'
(Font)                  U/euf/m/n --> U/euf/b/n on input line 106.
))
(c:/texlive/2018/texmf-dist/tex/latex/sansmathaccent/sansmathaccent.sty
Package: sansmathaccent 2013/03/28

(c:/texlive/2018/texmf-dist/tex/latex/filehook/filehook.sty
Package: filehook 2011/10/12 v0.5d Hooks for input files
)))
(c:/texlive/2018/texmf-dist/tex/latex/beamer/beamerbasetranslator.sty
(c:/texlive/2018/texmf-dist/tex/latex/translator/translator.sty
Package: translator 2018/01/04 v1.12 Easy translation of strings in LaTeX
))
(c:/texlive/2018/texmf-dist/tex/latex/beamer/beamerbasemisc.sty)
(c:/texlive/2018/texmf-dist/tex/latex/beamer/beamerbasetwoscreens.sty)
(c:/texlive/2018/texmf-dist/tex/latex/beamer/beamerbaseoverlay.sty
\beamer@argscount=\count128
\beamer@lastskipcover=\skip44
\beamer@trivlistdepth=\count129
)
(c:/texlive/2018/texmf-dist/tex/latex/beamer/beamerbasetitle.sty)
(c:/texlive/2018/texmf-dist/tex/latex/beamer/beamerbasesection.sty
\c@lecture=\count130
\c@part=\count131
\c@section=\count132
\c@subsection=\count133
\c@subsubsection=\count134
)
(c:/texlive/2018/texmf-dist/tex/latex/beamer/beamerbaseframe.sty
\beamer@framebox=\box40
\beamer@frametitlebox=\box41
\beamer@zoombox=\box42
\beamer@zoomcount=\count135
\beamer@zoomframecount=\count136
\beamer@frametextheight=\dimen167
\c@subsectionslide=\count137
\beamer@frametopskip=\skip45
\beamer@framebottomskip=\skip46
\beamer@frametopskipautobreak=\skip47
\beamer@framebottomskipautobreak=\skip48
\beamer@envbody=\toks27
\framewidth=\dimen168
\c@framenumber=\count138
)
(c:/texlive/2018/texmf-dist/tex/latex/beamer/beamerbaseverbatim.sty
\beamer@verbatimfileout=\write4
)
(c:/texlive/2018/texmf-dist/tex/latex/beamer/beamerbaseframesize.sty
\beamer@splitbox=\box43
\beamer@autobreakcount=\count139
\beamer@autobreaklastheight=\dimen169
\beamer@frametitletoks=\toks28
\beamer@framesubtitletoks=\toks29
)
(c:/texlive/2018/texmf-dist/tex/latex/beamer/beamerbaseframecomponents.sty
\beamer@footins=\box44
)
(c:/texlive/2018/texmf-dist/tex/latex/beamer/beamerbasecolor.sty
\beamer@bg@ht=\dimen170
\beamer@bg@wd=\dimen171
\beamer@bg@dp=\dimen172
)
(c:/texlive/2018/texmf-dist/tex/latex/beamer/beamerbasenotes.sty
\beamer@frameboxcopy=\box45
)
(c:/texlive/2018/texmf-dist/tex/latex/beamer/beamerbasetoc.sty)
(c:/texlive/2018/texmf-dist/tex/latex/beamer/beamerbasetemplates.sty
\beamer@sbttoks=\toks30

(c:/texlive/2018/texmf-dist/tex/latex/beamer/beamerbaseauxtemplates.sty
(c:/texlive/2018/texmf-dist/tex/latex/beamer/beamerbaseboxes.sty
\bmb@box=\box46
\bmb@colorbox=\box47
\bmb@boxshadow=\box48
\bmb@boxshadowball=\box49
\bmb@boxshadowballlarge=\box50
\bmb@temp=\dimen173
\bmb@dima=\dimen174
\bmb@dimb=\dimen175
\bmb@prevheight=\dimen176
)
\beamer@blockheadheight=\dimen177
))
(c:/texlive/2018/texmf-dist/tex/latex/beamer/beamerbaselocalstructure.sty
(c:/texlive/2018/texmf-dist/tex/latex/tools/enumerate.sty
Package: enumerate 2015/07/23 v3.00 enumerate extensions (DPC)
\@enLab=\toks31
)
\c@figure=\count140
\c@table=\count141
\abovecaptionskip=\skip49
\belowcaptionskip=\skip50
)
(c:/texlive/2018/texmf-dist/tex/latex/beamer/beamerbasenavigation.sty
\beamer@section@min@dim=\dimen178
)
(c:/texlive/2018/texmf-dist/tex/latex/beamer/beamerbasetheorems.sty
(c:/texlive/2018/texmf-dist/tex/latex/amsmath/amsmath.sty
Package: amsmath 2017/09/02 v2.17a AMS math features
\@mathmargin=\skip51

For additional information on amsmath, use the `?' option.
(c:/texlive/2018/texmf-dist/tex/latex/amsmath/amstext.sty
Package: amstext 2000/06/29 v2.01 AMS text

(c:/texlive/2018/texmf-dist/tex/latex/amsmath/amsgen.sty
File: amsgen.sty 1999/11/30 v2.0 generic functions
\@emptytoks=\toks32
\ex@=\dimen179
))
(c:/texlive/2018/texmf-dist/tex/latex/amsmath/amsbsy.sty
Package: amsbsy 1999/11/29 v1.2d Bold Symbols
\pmbraise@=\dimen180
)
(c:/texlive/2018/texmf-dist/tex/latex/amsmath/amsopn.sty
Package: amsopn 2016/03/08 v2.02 operator names
)
\inf@bad=\count142
LaTeX Info: Redefining \frac on input line 213.
\uproot@=\count143
\leftroot@=\count144
LaTeX Info: Redefining \overline on input line 375.
\classnum@=\count145
\DOTSCASE@=\count146
LaTeX Info: Redefining \ldots on input line 472.
LaTeX Info: Redefining \dots on input line 475.
LaTeX Info: Redefining \cdots on input line 596.
\Mathstrutbox@=\box51
\strutbox@=\box52
\big@size=\dimen181
LaTeX Font Info:    Redeclaring font encoding OML on input line 712.
LaTeX Font Info:    Redeclaring font encoding OMS on input line 713.
\macc@depth=\count147
\c@MaxMatrixCols=\count148
\dotsspace@=\muskip11
\c@parentequation=\count149
\dspbrk@lvl=\count150
\tag@help=\toks33
\row@=\count151
\column@=\count152
\maxfields@=\count153
\andhelp@=\toks34
\eqnshift@=\dimen182
\alignsep@=\dimen183
\tagshift@=\dimen184
\tagwidth@=\dimen185
\totwidth@=\dimen186
\lineht@=\dimen187
\@envbody=\toks35
\multlinegap=\skip52
\multlinetaggap=\skip53
\mathdisplay@stack=\toks36
LaTeX Info: Redefining \[ on input line 2817.
LaTeX Info: Redefining \] on input line 2818.
)
(c:/texlive/2018/texmf-dist/tex/latex/amscls/amsthm.sty
Package: amsthm 2017/10/31 v2.20.4
\thm@style=\toks37
\thm@bodyfont=\toks38
\thm@headfont=\toks39
\thm@notefont=\toks40
\thm@headpunct=\toks41
\thm@preskip=\skip54
\thm@postskip=\skip55
\thm@headsep=\skip56
\dth@everypar=\toks42
)
\c@theorem=\count154
)
(c:/texlive/2018/texmf-dist/tex/latex/beamer/beamerbasethemes.sty))
(c:/texlive/2018/texmf-dist/tex/latex/beamer/beamerthemedefault.sty
(c:/texlive/2018/texmf-dist/tex/latex/beamer/beamerfontthemedefault.sty)
(c:/texlive/2018/texmf-dist/tex/latex/beamer/beamercolorthemedefault.sty)
(c:/texlive/2018/texmf-dist/tex/latex/beamer/beamerinnerthemedefault.sty
\beamer@dima=\dimen188
\beamer@dimb=\dimen189
)
(c:/texlive/2018/texmf-dist/tex/latex/beamer/beamerouterthemedefault.sty)))
(c:/texlive/2018/texmf-dist/tex/latex/jknapltx/mathrsfs.sty
Package: mathrsfs 1996/01/01 Math RSFS package v1.0 (jk)
\symrsfs=\mathgroup6
)
(c:/texlive/2018/texmf-dist/tex/latex/clock/clock.sty
Package: clock 2001/04/10 v0.1 TeXclock

(c:/texlive/2018/texmf-dist/tex/latex/clock/clock.tex
\time@in@minutes=\count155
\floor@minutes=\count156
\hour@minutes=\count157
\text@hours=\count158
\text@minutes=\count159
\my@minute=\count160
\my@minutes=\count161
\my@hour=\count162
\ClockStyle=\count163
))
(c:/texlive/2018/texmf-dist/tex/latex/base/textcomp.sty
Package: textcomp 2017/04/05 v2.0i Standard LaTeX package
Package textcomp Info: Sub-encoding information:
(textcomp)               5 = only ISO-Adobe without \textcurrency
(textcomp)               4 = 5 + \texteuro
(textcomp)               3 = 4 + \textohm
(textcomp)               2 = 3 + \textestimated + \textcurrency
(textcomp)               1 = TS1 - \textcircled - \t
(textcomp)               0 = TS1 (full)
(textcomp)             Font families with sub-encoding setting implement
(textcomp)             only a restricted character set as indicated.
(textcomp)             Family '?' is the default used for unknown fonts.
(textcomp)             See the documentation for details.
Package textcomp Info: Setting ? sub-encoding to TS1/1 on input line 79.

(c:/texlive/2018/texmf-dist/tex/latex/base/ts1enc.def
File: ts1enc.def 2001/06/05 v3.0e (jk/car/fm) Standard LaTeX file
Now handling font encoding TS1 ...
... processing UTF-8 mapping file for font encoding TS1

(c:/texlive/2018/texmf-dist/tex/latex/base/ts1enc.dfu
File: ts1enc.dfu 2018/04/05 v1.2c UTF-8 support for inputenc
   defining Unicode char U+00A2 (decimal 162)
   defining Unicode char U+00A3 (decimal 163)
   defining Unicode char U+00A4 (decimal 164)
   defining Unicode char U+00A5 (decimal 165)
   defining Unicode char U+00A6 (decimal 166)
   defining Unicode char U+00A7 (decimal 167)
   defining Unicode char U+00A8 (decimal 168)
   defining Unicode char U+00A9 (decimal 169)
   defining Unicode char U+00AA (decimal 170)
   defining Unicode char U+00AC (decimal 172)
   defining Unicode char U+00AE (decimal 174)
   defining Unicode char U+00AF (decimal 175)
   defining Unicode char U+00B0 (decimal 176)
   defining Unicode char U+00B1 (decimal 177)
   defining Unicode char U+00B2 (decimal 178)
   defining Unicode char U+00B3 (decimal 179)
   defining Unicode char U+00B4 (decimal 180)
   defining Unicode char U+00B5 (decimal 181)
   defining Unicode char U+00B6 (decimal 182)
   defining Unicode char U+00B7 (decimal 183)
   defining Unicode char U+00B9 (decimal 185)
   defining Unicode char U+00BA (decimal 186)
   defining Unicode char U+00BC (decimal 188)
   defining Unicode char U+00BD (decimal 189)
   defining Unicode char U+00BE (decimal 190)
   defining Unicode char U+00D7 (decimal 215)
   defining Unicode char U+00F7 (decimal 247)
   defining Unicode char U+0192 (decimal 402)
   defining Unicode char U+02C7 (decimal 711)
   defining Unicode char U+02D8 (decimal 728)
   defining Unicode char U+02DD (decimal 733)
   defining Unicode char U+0E3F (decimal 3647)
   defining Unicode char U+2016 (decimal 8214)
   defining Unicode char U+2020 (decimal 8224)
   defining Unicode char U+2021 (decimal 8225)
   defining Unicode char U+2022 (decimal 8226)
   defining Unicode char U+2030 (decimal 8240)
   defining Unicode char U+2031 (decimal 8241)
   defining Unicode char U+203B (decimal 8251)
   defining Unicode char U+203D (decimal 8253)
   defining Unicode char U+2044 (decimal 8260)
   defining Unicode char U+204E (decimal 8270)
   defining Unicode char U+2052 (decimal 8274)
   defining Unicode char U+20A1 (decimal 8353)
   defining Unicode char U+20A4 (decimal 8356)
   defining Unicode char U+20A6 (decimal 8358)
   defining Unicode char U+20A9 (decimal 8361)
   defining Unicode char U+20AB (decimal 8363)
   defining Unicode char U+20AC (decimal 8364)
   defining Unicode char U+20B1 (decimal 8369)
   defining Unicode char U+2103 (decimal 8451)
   defining Unicode char U+2116 (decimal 8470)
   defining Unicode char U+2117 (decimal 8471)
   defining Unicode char U+211E (decimal 8478)
   defining Unicode char U+2120 (decimal 8480)
   defining Unicode char U+2122 (decimal 8482)
   defining Unicode char U+2126 (decimal 8486)
   defining Unicode char U+2127 (decimal 8487)
   defining Unicode char U+212E (decimal 8494)
   defining Unicode char U+2190 (decimal 8592)
   defining Unicode char U+2191 (decimal 8593)
   defining Unicode char U+2192 (decimal 8594)
   defining Unicode char U+2193 (decimal 8595)
   defining Unicode char U+2329 (decimal 9001)
   defining Unicode char U+232A (decimal 9002)
   defining Unicode char U+2422 (decimal 9250)
   defining Unicode char U+25E6 (decimal 9702)
   defining Unicode char U+25EF (decimal 9711)
   defining Unicode char U+266A (decimal 9834)
   defining Unicode char U+FEFF (decimal 65279)
))
LaTeX Info: Redefining \oldstylenums on input line 334.
Package textcomp Info: Setting cmr sub-encoding to TS1/0 on input line 349.
Package textcomp Info: Setting cmss sub-encoding to TS1/0 on input line 350.
Package textcomp Info: Setting cmtt sub-encoding to TS1/0 on input line 351.
Package textcomp Info: Setting cmvtt sub-encoding to TS1/0 on input line 352.
Package textcomp Info: Setting cmbr sub-encoding to TS1/0 on input line 353.
Package textcomp Info: Setting cmtl sub-encoding to TS1/0 on input line 354.
Package textcomp Info: Setting ccr sub-encoding to TS1/0 on input line 355.
Package textcomp Info: Setting ptm sub-encoding to TS1/4 on input line 356.
Package textcomp Info: Setting pcr sub-encoding to TS1/4 on input line 357.
Package textcomp Info: Setting phv sub-encoding to TS1/4 on input line 358.
Package textcomp Info: Setting ppl sub-encoding to TS1/3 on input line 359.
Package textcomp Info: Setting pag sub-encoding to TS1/4 on input line 360.
Package textcomp Info: Setting pbk sub-encoding to TS1/4 on input line 361.
Package textcomp Info: Setting pnc sub-encoding to TS1/4 on input line 362.
Package textcomp Info: Setting pzc sub-encoding to TS1/4 on input line 363.
Package textcomp Info: Setting bch sub-encoding to TS1/4 on input line 364.
Package textcomp Info: Setting put sub-encoding to TS1/5 on input line 365.
Package textcomp Info: Setting uag sub-encoding to TS1/5 on input line 366.
Package textcomp Info: Setting ugq sub-encoding to TS1/5 on input line 367.
Package textcomp Info: Setting ul8 sub-encoding to TS1/4 on input line 368.
Package textcomp Info: Setting ul9 sub-encoding to TS1/4 on input line 369.
Package textcomp Info: Setting augie sub-encoding to TS1/5 on input line 370.
Package textcomp Info: Setting dayrom sub-encoding to TS1/3 on input line 371.
Package textcomp Info: Setting dayroms sub-encoding to TS1/3 on input line 372.

Package textcomp Info: Setting pxr sub-encoding to TS1/0 on input line 373.
Package textcomp Info: Setting pxss sub-encoding to TS1/0 on input line 374.
Package textcomp Info: Setting pxtt sub-encoding to TS1/0 on input line 375.
Package textcomp Info: Setting txr sub-encoding to TS1/0 on input line 376.
Package textcomp Info: Setting txss sub-encoding to TS1/0 on input line 377.
Package textcomp Info: Setting txtt sub-encoding to TS1/0 on input line 378.
Package textcomp Info: Setting lmr sub-encoding to TS1/0 on input line 379.
Package textcomp Info: Setting lmdh sub-encoding to TS1/0 on input line 380.
Package textcomp Info: Setting lmss sub-encoding to TS1/0 on input line 381.
Package textcomp Info: Setting lmssq sub-encoding to TS1/0 on input line 382.
Package textcomp Info: Setting lmvtt sub-encoding to TS1/0 on input line 383.
Package textcomp Info: Setting lmtt sub-encoding to TS1/0 on input line 384.
Package textcomp Info: Setting qhv sub-encoding to TS1/0 on input line 385.
Package textcomp Info: Setting qag sub-encoding to TS1/0 on input line 386.
Package textcomp Info: Setting qbk sub-encoding to TS1/0 on input line 387.
Package textcomp Info: Setting qcr sub-encoding to TS1/0 on input line 388.
Package textcomp Info: Setting qcs sub-encoding to TS1/0 on input line 389.
Package textcomp Info: Setting qpl sub-encoding to TS1/0 on input line 390.
Package textcomp Info: Setting qtm sub-encoding to TS1/0 on input line 391.
Package textcomp Info: Setting qzc sub-encoding to TS1/0 on input line 392.
Package textcomp Info: Setting qhvc sub-encoding to TS1/0 on input line 393.
Package textcomp Info: Setting futs sub-encoding to TS1/4 on input line 394.
Package textcomp Info: Setting futx sub-encoding to TS1/4 on input line 395.
Package textcomp Info: Setting futj sub-encoding to TS1/4 on input line 396.
Package textcomp Info: Setting hlh sub-encoding to TS1/3 on input line 397.
Package textcomp Info: Setting hls sub-encoding to TS1/3 on input line 398.
Package textcomp Info: Setting hlst sub-encoding to TS1/3 on input line 399.
Package textcomp Info: Setting hlct sub-encoding to TS1/5 on input line 400.
Package textcomp Info: Setting hlx sub-encoding to TS1/5 on input line 401.
Package textcomp Info: Setting hlce sub-encoding to TS1/5 on input line 402.
Package textcomp Info: Setting hlcn sub-encoding to TS1/5 on input line 403.
Package textcomp Info: Setting hlcw sub-encoding to TS1/5 on input line 404.
Package textcomp Info: Setting hlcf sub-encoding to TS1/5 on input line 405.
Package textcomp Info: Setting pplx sub-encoding to TS1/3 on input line 406.
Package textcomp Info: Setting pplj sub-encoding to TS1/3 on input line 407.
Package textcomp Info: Setting ptmx sub-encoding to TS1/4 on input line 408.
Package textcomp Info: Setting ptmj sub-encoding to TS1/4 on input line 409.
)
(c:/texlive/2018/texmf-dist/tex/latex/base/fontenc.sty
Package: fontenc 2017/04/05 v2.0i Standard LaTeX package

(c:/texlive/2018/texmf-dist/tex/latex/base/t1enc.def
File: t1enc.def 2017/04/05 v2.0i Standard LaTeX file
LaTeX Font Info:    Redeclaring font encoding T1 on input line 48.
))
(c:/texlive/2018/texmf-dist/tex/latex/oberdiek/epstopdf.sty
Package: epstopdf 2016/05/15 v2.6 Conversion with epstopdf on the fly (HO)

(c:/texlive/2018/texmf-dist/tex/latex/oberdiek/epstopdf-base.sty
Package: epstopdf-base 2016/05/15 v2.6 Base part for package epstopdf

(c:/texlive/2018/texmf-dist/tex/latex/oberdiek/grfext.sty
Package: grfext 2016/05/16 v1.2 Manage graphics extensions (HO)
)
Package epstopdf-base Info: Redefining graphics rule for `.eps' on input line 4
38.
Package grfext Info: Graphics extension search list:
(grfext)             [.pdf,.png,.jpg,.mps,.jpeg,.jbig2,.jb2,.PDF,.PNG,.JPG,.JPE
G,.JBIG2,.JB2,.eps]
(grfext)             \AppendGraphicsExtensions on input line 456.

(c:/texlive/2018/texmf-dist/tex/latex/latexconfig/epstopdf-sys.cfg
File: epstopdf-sys.cfg 2010/07/13 v1.3 Configuration of (r)epstopdf for TeX Liv
e
)))
(c:/texlive/2018/texmf-dist/tex/latex/beamer/beamerthemeWarsaw.sty
(c:/texlive/2018/texmf-dist/tex/latex/beamer/beamerinnerthemerounded.sty)
(c:/texlive/2018/texmf-dist/tex/latex/beamer/beamerouterthemeshadow.sty
(c:/texlive/2018/texmf-dist/tex/latex/beamer/beamerouterthemesplit.sty))
(c:/texlive/2018/texmf-dist/tex/latex/beamer/beamercolorthemeorchid.sty)
(c:/texlive/2018/texmf-dist/tex/latex/beamer/beamercolorthemewhale.sty))
(c:/texlive/2018/texmf-dist/tex/latex/beamer/beamerfontthemeprofessionalfonts.s
ty) (c:/texlive/2018/texmf-dist/tex/latex/cjk/texinput/CJK.sty
Package: CJK 2015/04/18 4.8.4

(c:/texlive/2018/texmf-dist/tex/latex/cjk/texinput/mule/MULEenc.sty
Package: MULEenc 2015/04/18 4.8.4
)
(c:/texlive/2018/texmf-dist/tex/latex/cjk/texinput/CJK.enc
File: CJK.enc 2015/04/18 4.8.4
Now handling font encoding C00 ...
... no UTF-8 mapping file for font encoding C00
Now handling font encoding C05 ...
... no UTF-8 mapping file for font encoding C05
Now handling font encoding C09 ...
... no UTF-8 mapping file for font encoding C09
Now handling font encoding C10 ...
... no UTF-8 mapping file for font encoding C10
Now handling font encoding C20 ...
... no UTF-8 mapping file for font encoding C20
Now handling font encoding C19 ...
... no UTF-8 mapping file for font encoding C19
Now handling font encoding C40 ...
... no UTF-8 mapping file for font encoding C40
Now handling font encoding C42 ...
... no UTF-8 mapping file for font encoding C42
Now handling font encoding C43 ...
... no UTF-8 mapping file for font encoding C43
Now handling font encoding C50 ...
... no UTF-8 mapping file for font encoding C50
Now handling font encoding C52 ...
... no UTF-8 mapping file for font encoding C52
Now handling font encoding C49 ...
... no UTF-8 mapping file for font encoding C49
Now handling font encoding C60 ...
... no UTF-8 mapping file for font encoding C60
Now handling font encoding C61 ...
... no UTF-8 mapping file for font encoding C61
Now handling font encoding C63 ...
... no UTF-8 mapping file for font encoding C63
Now handling font encoding C64 ...
... no UTF-8 mapping file for font encoding C64
Now handling font encoding C65 ...
... no UTF-8 mapping file for font encoding C65
Now handling font encoding C70 ...
... no UTF-8 mapping file for font encoding C70
Now handling font encoding C31 ...
... no UTF-8 mapping file for font encoding C31
Now handling font encoding C32 ...
... no UTF-8 mapping file for font encoding C32
Now handling font encoding C33 ...
... no UTF-8 mapping file for font encoding C33
Now handling font encoding C34 ...
... no UTF-8 mapping file for font encoding C34
Now handling font encoding C35 ...
... no UTF-8 mapping file for font encoding C35
Now handling font encoding C36 ...
... no UTF-8 mapping file for font encoding C36
Now handling font encoding C37 ...
... no UTF-8 mapping file for font encoding C37
Now handling font encoding C80 ...
... no UTF-8 mapping file for font encoding C80
Now handling font encoding C81 ...
... no UTF-8 mapping file for font encoding C81
Now handling font encoding C01 ...
... no UTF-8 mapping file for font encoding C01
Now handling font encoding C11 ...
... no UTF-8 mapping file for font encoding C11
Now handling font encoding C21 ...
... no UTF-8 mapping file for font encoding C21
Now handling font encoding C41 ...
... no UTF-8 mapping file for font encoding C41
Now handling font encoding C62 ...
... no UTF-8 mapping file for font encoding C62
)
LaTeX Info: Redefining \selectfont on input line 755.
\CJK@indent=\box53
)
\c@algorithm=\count164
\c@lem=\count165
\c@them=\count166
\c@assumption=\count167
\c@remark=\count168
\c@question=\count169
\c@RomanNumber=\count170
 (./zhuhai.aux

LaTeX Warning: Label `eq_d1' multiply defined.

)
\openout1 = `zhuhai.aux'.

LaTeX Font Info:    Checking defaults for OML/cmm/m/it on input line 166.
LaTeX Font Info:    ... okay on input line 166.
LaTeX Font Info:    Checking defaults for T1/cmr/m/n on input line 166.
LaTeX Font Info:    ... okay on input line 166.
LaTeX Font Info:    Checking defaults for OT1/cmr/m/n on input line 166.
LaTeX Font Info:    ... okay on input line 166.
LaTeX Font Info:    Checking defaults for OMS/cmsy/m/n on input line 166.
LaTeX Font Info:    ... okay on input line 166.
LaTeX Font Info:    Checking defaults for OMX/cmex/m/n on input line 166.
LaTeX Font Info:    ... okay on input line 166.
LaTeX Font Info:    Checking defaults for U/clock/m/n on input line 166.
LaTeX Font Info:    ... okay on input line 166.
LaTeX Font Info:    Checking defaults for PD1/pdf/m/n on input line 166.
LaTeX Font Info:    ... okay on input line 166.
LaTeX Font Info:    Checking defaults for TS1/cmr/m/n on input line 166.
LaTeX Font Info:    Try loading font information for TS1+cmr on input line 166.

 (c:/texlive/2018/texmf-dist/tex/latex/base/ts1cmr.fd
File: ts1cmr.fd 2014/09/29 v2.5h Standard LaTeX font definitions
)
LaTeX Font Info:    ... okay on input line 166.
LaTeX Font Info:    Checking defaults for C00/song/m/n on input line 166.
LaTeX Font Info:    ... okay on input line 166.
LaTeX Font Info:    Checking defaults for C05/song/m/n on input line 166.
LaTeX Font Info:    ... okay on input line 166.
LaTeX Font Info:    Checking defaults for C09/song/m/n on input line 166.
LaTeX Font Info:    ... okay on input line 166.
LaTeX Font Info:    Checking defaults for C10/song/m/n on input line 166.
LaTeX Font Info:    ... okay on input line 166.
LaTeX Font Info:    Checking defaults for C20/song/m/n on input line 166.
LaTeX Font Info:    ... okay on input line 166.
LaTeX Font Info:    Checking defaults for C19/song/m/n on input line 166.
LaTeX Font Info:    ... okay on input line 166.
LaTeX Font Info:    Checking defaults for C40/song/m/n on input line 166.
LaTeX Font Info:    ... okay on input line 166.
LaTeX Font Info:    Checking defaults for C42/song/m/n on input line 166.
LaTeX Font Info:    ... okay on input line 166.
LaTeX Font Info:    Checking defaults for C43/song/m/n on input line 166.
LaTeX Font Info:    ... okay on input line 166.
LaTeX Font Info:    Checking defaults for C50/song/m/n on input line 166.
LaTeX Font Info:    ... okay on input line 166.
LaTeX Font Info:    Checking defaults for C52/song/m/n on input line 166.
LaTeX Font Info:    ... okay on input line 166.
LaTeX Font Info:    Checking defaults for C49/song/m/n on input line 166.
LaTeX Font Info:    ... okay on input line 166.
LaTeX Font Info:    Checking defaults for C60/mj/m/n on input line 166.
LaTeX Font Info:    ... okay on input line 166.
LaTeX Font Info:    Checking defaults for C61/mj/m/n on input line 166.
LaTeX Font Info:    ... okay on input line 166.
LaTeX Font Info:    Checking defaults for C63/mj/m/n on input line 166.
LaTeX Font Info:    ... okay on input line 166.
LaTeX Font Info:    Checking defaults for C64/mj/m/n on input line 166.
LaTeX Font Info:    ... okay on input line 166.
LaTeX Font Info:    Checking defaults for C65/mj/m/n on input line 166.
LaTeX Font Info:    ... okay on input line 166.
LaTeX Font Info:    Checking defaults for C70/song/m/n on input line 166.
LaTeX Font Info:    ... okay on input line 166.
LaTeX Font Info:    Checking defaults for C31/song/m/n on input line 166.
LaTeX Font Info:    ... okay on input line 166.
LaTeX Font Info:    Checking defaults for C32/song/m/n on input line 166.
LaTeX Font Info:    ... okay on input line 166.
LaTeX Font Info:    Checking defaults for C33/song/m/n on input line 166.
LaTeX Font Info:    ... okay on input line 166.
LaTeX Font Info:    Checking defaults for C34/song/m/n on input line 166.
LaTeX Font Info:    ... okay on input line 166.
LaTeX Font Info:    Checking defaults for C35/song/m/n on input line 166.
LaTeX Font Info:    ... okay on input line 166.
LaTeX Font Info:    Checking defaults for C36/song/m/n on input line 166.
LaTeX Font Info:    ... okay on input line 166.
LaTeX Font Info:    Checking defaults for C37/song/m/n on input line 166.
LaTeX Font Info:    ... okay on input line 166.
LaTeX Font Info:    Checking defaults for C80/song/m/n on input line 166.
LaTeX Font Info:    ... okay on input line 166.
LaTeX Font Info:    Checking defaults for C81/song/m/n on input line 166.
LaTeX Font Info:    ... okay on input line 166.
LaTeX Font Info:    Checking defaults for C01/song/m/n on input line 166.
LaTeX Font Info:    ... okay on input line 166.
LaTeX Font Info:    Checking defaults for C11/song/m/n on input line 166.
LaTeX Font Info:    ... okay on input line 166.
LaTeX Font Info:    Checking defaults for C21/song/m/n on input line 166.
LaTeX Font Info:    ... okay on input line 166.
LaTeX Font Info:    Checking defaults for C41/song/m/n on input line 166.
LaTeX Font Info:    ... okay on input line 166.
LaTeX Font Info:    Checking defaults for C62/song/m/n on input line 166.
LaTeX Font Info:    ... okay on input line 166.

*geometry* driver: auto-detecting
*geometry* detected driver: pdftex
*geometry* verbose mode - [ preamble ] result:
* driver: pdftex
* paper: custom
* layout: <same size as paper>
* layoutoffset:(h,v)=(0.0pt,0.0pt)
* modes: includehead includefoot 
* h-part:(L,W,R)=(28.45274pt, 307.28987pt, 28.45274pt)
* v-part:(T,H,B)=(0.0pt, 273.14662pt, 0.0pt)
* \paperwidth=364.19536pt
* \paperheight=273.14662pt
* \textwidth=307.28987pt
* \textheight=244.6939pt
* \oddsidemargin=-43.81725pt
* \evensidemargin=-43.81725pt
* \topmargin=-72.26999pt
* \headheight=14.22636pt
* \headsep=0.0pt
* \topskip=9.0pt
* \footskip=14.22636pt
* \marginparwidth=4.0pt
* \marginparsep=10.0pt
* \columnsep=10.0pt
* \skip\footins=7.0pt plus 4.0pt minus 2.0pt
* \hoffset=0.0pt
* \voffset=0.0pt
* \mag=1000
* \@twocolumnfalse
* \@twosidefalse
* \@mparswitchfalse
* \@reversemarginfalse
* (1in=72.27pt=25.4mm, 1cm=28.453pt)

(c:/texlive/2018/texmf-dist/tex/context/base/mkii/supp-pdf.mkii
[Loading MPS to PDF converter (version 2006.09.02).]
\scratchcounter=\count171
\scratchdimen=\dimen190
\scratchbox=\box54
\nofMPsegments=\count172
\nofMParguments=\count173
\everyMPshowfont=\toks43
\MPscratchCnt=\count174
\MPscratchDim=\dimen191
\MPnumerator=\count175
\makeMPintoPDFobject=\count176
\everyMPtoPDFconversion=\toks44
) ABD: EveryShipout initializing macros
\AtBeginShipoutBox=\box55
Package hyperref Info: Link coloring OFF on input line 166.

(c:/texlive/2018/texmf-dist/tex/latex/hyperref/nameref.sty
Package: nameref 2016/05/21 v2.44 Cross-referencing by name of section

(c:/texlive/2018/texmf-dist/tex/generic/oberdiek/gettitlestring.sty
Package: gettitlestring 2016/05/16 v1.5 Cleanup title references (HO)
)
\c@section@level=\count177
)
LaTeX Info: Redefining \ref on input line 166.
LaTeX Info: Redefining \pageref on input line 166.
LaTeX Info: Redefining \nameref on input line 166.

(./zhuhai.out) (./zhuhai.out)
\@outlinefile=\write5
\openout5 = `zhuhai.out'.


(c:/texlive/2018/texmf-dist/tex/latex/translator/translator-basic-dictionary-En
glish.dict
Dictionary: translator-basic-dictionary, Language: English 
)
(c:/texlive/2018/texmf-dist/tex/latex/translator/translator-bibliography-dictio
nary-English.dict
Dictionary: translator-bibliography-dictionary, Language: English 
)
(c:/texlive/2018/texmf-dist/tex/latex/translator/translator-environment-diction
ary-English.dict
Dictionary: translator-environment-dictionary, Language: English 
)
(c:/texlive/2018/texmf-dist/tex/latex/translator/translator-months-dictionary-E
nglish.dict
Dictionary: translator-months-dictionary, Language: English 
)
(c:/texlive/2018/texmf-dist/tex/latex/translator/translator-numbers-dictionary-
English.dict
Dictionary: translator-numbers-dictionary, Language: English 
)
(c:/texlive/2018/texmf-dist/tex/latex/translator/translator-theorem-dictionary-
English.dict
Dictionary: translator-theorem-dictionary, Language: English 
) (./zhuhai.nav)
(c:/texlive/2018/texmf-dist/tex/latex/cjk/texinput/standard.bdg
File: standard.bdg 2015/04/18 4.8.4
)
(c:/texlive/2018/texmf-dist/tex/latex/cjk/texinput/extended.enc
File: extended.enc 2015/04/18 4.8.4
)
(c:/texlive/2018/texmf-dist/tex/latex/cjk/texinput/extended.chr
File: extended.chr 2015/04/18 4.8.4
)

Package hyperref Warning: Option `pdfauthor' has already been used,
(hyperref)                setting the option has no effect on input line 171.

[1{c:/texlive/2018/texmf-var/fonts/map/pdftex/updmap/pdftex.map}

] (./zhuhai.toc) [2

]
<./figure/seismic.png, id=103, 761.84625pt x 453.94594pt>
File: ./figure/seismic.png Graphic file (type png)
<use ./figure/seismic.png>
Package pdftex.def Info: ./figure/seismic.png  used on input line 207.
(pdftex.def)             Requested size: 284.51753pt x 142.25949pt.
 [3

 <./figure/seismic.png>]
LaTeX Font Info:    Try loading font information for U+msa on input line 225.

(c:/texlive/2018/texmf-dist/tex/latex/amsfonts/umsa.fd
File: umsa.fd 2013/01/14 v3.01 AMS symbols A
)
LaTeX Font Info:    Try loading font information for U+msb on input line 225.

(c:/texlive/2018/texmf-dist/tex/latex/amsfonts/umsb.fd
File: umsb.fd 2013/01/14 v3.01 AMS symbols B
)
LaTeX Font Info:    Try loading font information for U+rsfs on input line 225.

(c:/texlive/2018/texmf-dist/tex/latex/jknapltx/ursfs.fd
File: ursfs.fd 1998/03/24 rsfs font definition file (jk)
) [4

]
<./figure/half_forward.jpg, id=177, 1279.78125pt x 518.93875pt>
File: ./figure/half_forward.jpg Graphic file (type jpg)
<use ./figure/half_forward.jpg>
Package pdftex.def Info: ./figure/half_forward.jpg  used on input line 232.
(pdftex.def)             Requested size: 341.42517pt x 227.6211pt.

Overfull \hbox (34.1353pt too wide) in paragraph at lines 232--232
 [] 
 []


Overfull \vbox (12.66293pt too high) detected at line 232
 []

[5

 <./figure/half_forward.jpg>] [6

] [7

] [8

]
Overfull \hbox (24.16965pt too wide) in alignment at lines 334--334
 [][][] []
 []

[9

] [10

]
Overfull \hbox (34.78174pt too wide) in alignment at lines 407--407
 [][][] []
 []

File: ./figure/half_forward.jpg Graphic file (type jpg)
<use ./figure/half_forward.jpg>
Package pdftex.def Info: ./figure/half_forward.jpg  used on input line 407.
(pdftex.def)             Requested size: 170.71259pt x 85.35197pt.

Overfull \hbox (17.06766pt too wide) in paragraph at lines 407--407
 [] 
 []

[11

] [12

]
Overfull \vbox (3.75629pt too high) detected at line 487
 []

[13

]
File: ./figure/half_forward.jpg Graphic file (type jpg)
<use ./figure/half_forward.jpg>
Package pdftex.def Info: ./figure/half_forward.jpg  used on input line 494.
(pdftex.def)             Requested size: 341.42517pt x 227.6211pt.

Overfull \hbox (34.1353pt too wide) in paragraph at lines 494--494
 [] 
 []


Overfull \vbox (12.66293pt too high) detected at line 494
 []

[14

] [15

]pdfTeX warning (ext4): destination with the same identifier (name{eq_d1}) has 
been already used, duplicate ignored
<to be read again> 
                   \relax 
l.529 \end{frame}
                 
Overfull \hbox (23.442pt too wide) in alignment at lines 529--529
 [][][] []
 []

[16

]
Package epstopdf Info: Source file: <./psf/J.eps>
(epstopdf)                    date: 2018-06-29 17:01:32
(epstopdf)                    size: 193072 bytes
(epstopdf)             Output file: <./psf/J-eps-converted-to.pdf>
(epstopdf)                    date: 2018-09-04 21:11:43
(epstopdf)                    size: 46686 bytes
(epstopdf)             Command: <repstopdf --outfile=./psf/J-eps-converted-to.p
df ./psf/J.eps>
(epstopdf)             \includegraphics on input line 538.
Package epstopdf Info: Output file is already uptodate.
<./psf/J-eps-converted-to.pdf, id=573, 421.575pt x 317.185pt>
File: ./psf/J-eps-converted-to.pdf Graphic file (type pdf)
<use ./psf/J-eps-converted-to.pdf>
Package pdftex.def Info: ./psf/J-eps-converted-to.pdf  used on input line 538.
(pdftex.def)             Requested size: 245.83282pt x 184.96442pt.

Overfull \vbox (1.24155pt too high) detected at line 538
 []

[17

 <./psf/J-eps-converted-to.pdf>] [18

] [19

]
Overfull \hbox (15.76778pt too wide) in alignment at lines 599--599
 [][][] []
 []

[20

] [21

]
Package epstopdf Info: Source file: <./graphic/peanut_3pi.eps>
(epstopdf)                    date: 2017-12-12 14:48:10
(epstopdf)                    size: 58482 bytes
(epstopdf)             Output file: <./graphic/peanut_3pi-eps-converted-to.pdf>

(epstopdf)                    date: 2017-12-12 14:48:10
(epstopdf)                    size: 19981 bytes
(epstopdf)             Command: <repstopdf --outfile=./graphic/peanut_3pi-eps-c
onverted-to.pdf ./graphic/peanut_3pi.eps>
(epstopdf)             \includegraphics on input line 632.
Package epstopdf Info: Output file is already uptodate.
<./graphic/peanut_3pi-eps-converted-to.pdf, id=743, 418.56375pt x 314.17375pt>
File: ./graphic/peanut_3pi-eps-converted-to.pdf Graphic file (type pdf)
<use ./graphic/peanut_3pi-eps-converted-to.pdf>
Package pdftex.def Info: ./graphic/peanut_3pi-eps-converted-to.pdf  used on inp
ut line 632.
(pdftex.def)             Requested size: 73.75125pt x 55.35515pt.
Package epstopdf Info: Source file: <./graphic/peanut_3pi_neumann.eps>
(epstopdf)                    date: 2017-12-21 21:39:54
(epstopdf)                    size: 59342 bytes
(epstopdf)             Output file: <./graphic/peanut_3pi_neumann-eps-converted
-to.pdf>
(epstopdf)                    date: 2017-12-28 21:42:12
(epstopdf)                    size: 23117 bytes
(epstopdf)             Command: <repstopdf --outfile=./graphic/peanut_3pi_neuma
nn-eps-converted-to.pdf ./graphic/peanut_3pi_neumann.eps>
(epstopdf)             \includegraphics on input line 632.
Package epstopdf Info: Output file is already uptodate.
<./graphic/peanut_3pi_neumann-eps-converted-to.pdf, id=744, 418.56375pt x 314.1
7375pt>
File: ./graphic/peanut_3pi_neumann-eps-converted-to.pdf Graphic file (type pdf)

<use ./graphic/peanut_3pi_neumann-eps-converted-to.pdf>
Package pdftex.def Info: ./graphic/peanut_3pi_neumann-eps-converted-to.pdf  use
d on input line 632.
(pdftex.def)             Requested size: 73.75125pt x 55.35515pt.
Package epstopdf Info: Source file: <./graphic/peanut_3pi_impedance_1.eps>
(epstopdf)                    date: 2017-12-28 18:50:28
(epstopdf)                    size: 58248 bytes
(epstopdf)             Output file: <./graphic/peanut_3pi_impedance_1-eps-conve
rted-to.pdf>
(epstopdf)                    date: 2017-12-28 21:42:14
(epstopdf)                    size: 21957 bytes
(epstopdf)             Command: <repstopdf --outfile=./graphic/peanut_3pi_imped
ance_1-eps-converted-to.pdf ./graphic/peanut_3pi_impedance_1.eps>
(epstopdf)             \includegraphics on input line 632.
Package epstopdf Info: Output file is already uptodate.
<./graphic/peanut_3pi_impedance_1-eps-converted-to.pdf, id=745, 418.56375pt x 3
14.17375pt>
File: ./graphic/peanut_3pi_impedance_1-eps-converted-to.pdf Graphic file (type 
pdf)
<use ./graphic/peanut_3pi_impedance_1-eps-converted-to.pdf>
Package pdftex.def Info: ./graphic/peanut_3pi_impedance_1-eps-converted-to.pdf 
 used on input line 632.
(pdftex.def)             Requested size: 73.75125pt x 55.35515pt.
Package epstopdf Info: Source file: <./graphic/peanut_3pi_transmission.eps>
(epstopdf)                    date: 2017-12-28 18:50:28
(epstopdf)                    size: 53258 bytes
(epstopdf)             Output file: <./graphic/peanut_3pi_transmission-eps-conv
erted-to.pdf>
(epstopdf)                    date: 2017-12-28 21:42:14
(epstopdf)                    size: 21134 bytes
(epstopdf)             Command: <repstopdf --outfile=./graphic/peanut_3pi_trans
mission-eps-converted-to.pdf ./graphic/peanut_3pi_transmission.eps>
(epstopdf)             \includegraphics on input line 632.
Package epstopdf Info: Output file is already uptodate.
<./graphic/peanut_3pi_transmission-eps-converted-to.pdf, id=746, 418.56375pt x 
314.17375pt>
File: ./graphic/peanut_3pi_transmission-eps-converted-to.pdf Graphic file (type
 pdf)
<use ./graphic/peanut_3pi_transmission-eps-converted-to.pdf>
Package pdftex.def Info: ./graphic/peanut_3pi_transmission-eps-converted-to.pdf
  used on input line 632.
(pdftex.def)             Requested size: 73.75125pt x 55.35515pt.
Package epstopdf Info: Source file: <./graphic/rectangle_3pi.eps>
(epstopdf)                    date: 2017-12-12 14:48:10
(epstopdf)                    size: 46426 bytes
(epstopdf)             Output file: <./graphic/rectangle_3pi-eps-converted-to.p
df>
(epstopdf)                    date: 2017-12-12 14:48:10
(epstopdf)                    size: 16083 bytes
(epstopdf)             Command: <repstopdf --outfile=./graphic/rectangle_3pi-ep
s-converted-to.pdf ./graphic/rectangle_3pi.eps>
(epstopdf)             \includegraphics on input line 632.
Package epstopdf Info: Output file is already uptodate.
<./graphic/rectangle_3pi-eps-converted-to.pdf, id=747, 418.56375pt x 314.17375p
t>
File: ./graphic/rectangle_3pi-eps-converted-to.pdf Graphic file (type pdf)
<use ./graphic/rectangle_3pi-eps-converted-to.pdf>
Package pdftex.def Info: ./graphic/rectangle_3pi-eps-converted-to.pdf  used on 
input line 632.
(pdftex.def)             Requested size: 73.75125pt x 55.35515pt.
Package epstopdf Info: Source file: <./graphic/rectangle_3pi_neumann.eps>
(epstopdf)                    date: 2017-12-28 18:50:28
(epstopdf)                    size: 48260 bytes
(epstopdf)             Output file: <./graphic/rectangle_3pi_neumann-eps-conver
ted-to.pdf>
(epstopdf)                    date: 2017-12-28 21:48:20
(epstopdf)                    size: 18731 bytes
(epstopdf)             Command: <repstopdf --outfile=./graphic/rectangle_3pi_ne
umann-eps-converted-to.pdf ./graphic/rectangle_3pi_neumann.eps>
(epstopdf)             \includegraphics on input line 632.
Package epstopdf Info: Output file is already uptodate.
<./graphic/rectangle_3pi_neumann-eps-converted-to.pdf, id=748, 418.56375pt x 31
4.17375pt>
File: ./graphic/rectangle_3pi_neumann-eps-converted-to.pdf Graphic file (type p
df)
<use ./graphic/rectangle_3pi_neumann-eps-converted-to.pdf>
Package pdftex.def Info: ./graphic/rectangle_3pi_neumann-eps-converted-to.pdf  
used on input line 632.
(pdftex.def)             Requested size: 73.75125pt x 55.35515pt.
Package epstopdf Info: Source file: <./graphic/rectangle_3pi_impedance_1.eps>
(epstopdf)                    date: 2017-12-28 18:50:28
(epstopdf)                    size: 46443 bytes
(epstopdf)             Output file: <./graphic/rectangle_3pi_impedance_1-eps-co
nverted-to.pdf>
(epstopdf)                    date: 2017-12-28 21:48:20
(epstopdf)                    size: 18229 bytes
(epstopdf)             Command: <repstopdf --outfile=./graphic/rectangle_3pi_im
pedance_1-eps-converted-to.pdf ./graphic/rectangle_3pi_impedance_1.eps>
(epstopdf)             \includegraphics on input line 632.
Package epstopdf Info: Output file is already uptodate.
<./graphic/rectangle_3pi_impedance_1-eps-converted-to.pdf, id=749, 418.56375pt 
x 314.17375pt>
File: ./graphic/rectangle_3pi_impedance_1-eps-converted-to.pdf Graphic file (ty
pe pdf)
<use ./graphic/rectangle_3pi_impedance_1-eps-converted-to.pdf>
Package pdftex.def Info: ./graphic/rectangle_3pi_impedance_1-eps-converted-to.p
df  used on input line 632.
(pdftex.def)             Requested size: 73.75125pt x 55.35515pt.
Package epstopdf Info: Source file: <./graphic/rectangle_3pi_transmission.eps>
(epstopdf)                    date: 2017-12-28 18:50:28
(epstopdf)                    size: 41633 bytes
(epstopdf)             Output file: <./graphic/rectangle_3pi_transmission-eps-c
onverted-to.pdf>
(epstopdf)                    date: 2017-12-28 21:48:20
(epstopdf)                    size: 17426 bytes
(epstopdf)             Command: <repstopdf --outfile=./graphic/rectangle_3pi_tr
ansmission-eps-converted-to.pdf ./graphic/rectangle_3pi_transmission.eps>
(epstopdf)             \includegraphics on input line 632.
Package epstopdf Info: Output file is already uptodate.
<./graphic/rectangle_3pi_transmission-eps-converted-to.pdf, id=750, 418.56375pt
 x 314.17375pt>
File: ./graphic/rectangle_3pi_transmission-eps-converted-to.pdf Graphic file (t
ype pdf)
<use ./graphic/rectangle_3pi_transmission-eps-converted-to.pdf>
Package pdftex.def Info: ./graphic/rectangle_3pi_transmission-eps-converted-to.
pdf  used on input line 632.
(pdftex.def)             Requested size: 73.75125pt x 55.35515pt.
 [22

 <./graphic/peanut_3pi-eps-converted-to.pdf> <./graphic/peanut_3pi_neumann-eps-
converted-to.pdf> <./graphic/peanut_3pi_impedance_1-eps-converted-to.pdf> <./gr
aphic/peanut_3pi_transmission-eps-converted-to.pdf> <./graphic/rectangle_3pi-ep
s-converted-to.pdf> <./graphic/rectangle_3pi_neumann-eps-converted-to.pdf> <./g
raphic/rectangle_3pi_impedance_1-eps-converted-to.pdf> <./graphic/rectangle_3pi
_transmission-eps-converted-to.pdf>]
Package epstopdf Info: Source file: <./graphic/circle_3pi.eps>
(epstopdf)                    date: 2017-12-12 14:48:10
(epstopdf)                    size: 56486 bytes
(epstopdf)             Output file: <./graphic/circle_3pi-eps-converted-to.pdf>

(epstopdf)                    date: 2017-12-12 14:48:10
(epstopdf)                    size: 19157 bytes
(epstopdf)             Command: <repstopdf --outfile=./graphic/circle_3pi-eps-c
onverted-to.pdf ./graphic/circle_3pi.eps>
(epstopdf)             \includegraphics on input line 647.
Package epstopdf Info: Output file is already uptodate.
<./graphic/circle_3pi-eps-converted-to.pdf, id=849, 418.56375pt x 314.17375pt>
File: ./graphic/circle_3pi-eps-converted-to.pdf Graphic file (type pdf)
<use ./graphic/circle_3pi-eps-converted-to.pdf>
Package pdftex.def Info: ./graphic/circle_3pi-eps-converted-to.pdf  used on inp
ut line 647.
(pdftex.def)             Requested size: 98.335pt x 73.80687pt.
Package epstopdf Info: Source file: <./graphic/circle_5pi.eps>
(epstopdf)                    date: 2017-12-12 14:48:10
(epstopdf)                    size: 58287 bytes
(epstopdf)             Output file: <./graphic/circle_5pi-eps-converted-to.pdf>

(epstopdf)                    date: 2017-12-12 14:48:10
(epstopdf)                    size: 20264 bytes
(epstopdf)             Command: <repstopdf --outfile=./graphic/circle_5pi-eps-c
onverted-to.pdf ./graphic/circle_5pi.eps>
(epstopdf)             \includegraphics on input line 647.
Package epstopdf Info: Output file is already uptodate.
<./graphic/circle_5pi-eps-converted-to.pdf, id=850, 418.56375pt x 314.17375pt>
File: ./graphic/circle_5pi-eps-converted-to.pdf Graphic file (type pdf)
<use ./graphic/circle_5pi-eps-converted-to.pdf>
Package pdftex.def Info: ./graphic/circle_5pi-eps-converted-to.pdf  used on inp
ut line 647.
(pdftex.def)             Requested size: 98.335pt x 73.80687pt.
Package epstopdf Info: Source file: <./graphic/circle.eps>
(epstopdf)                    date: 2017-12-12 14:48:10
(epstopdf)                    size: 30590 bytes
(epstopdf)             Output file: <./graphic/circle-eps-converted-to.pdf>
(epstopdf)                    date: 2017-12-12 14:48:10
(epstopdf)                    size: 11486 bytes
(epstopdf)             Command: <repstopdf --outfile=./graphic/circle-eps-conve
rted-to.pdf ./graphic/circle.eps>
(epstopdf)             \includegraphics on input line 647.
Package epstopdf Info: Output file is already uptodate.
<./graphic/circle-eps-converted-to.pdf, id=851, 418.56375pt x 314.17375pt>
File: ./graphic/circle-eps-converted-to.pdf Graphic file (type pdf)
<use ./graphic/circle-eps-converted-to.pdf>
Package pdftex.def Info: ./graphic/circle-eps-converted-to.pdf  used on input l
ine 647.
(pdftex.def)             Requested size: 98.335pt x 73.80687pt.
Package epstopdf Info: Source file: <./graphic/peanut_3pi.eps>
(epstopdf)                    date: 2017-12-12 14:48:10
(epstopdf)                    size: 58482 bytes
(epstopdf)             Output file: <./graphic/peanut_3pi-eps-converted-to.pdf>

(epstopdf)                    date: 2017-12-12 14:48:10
(epstopdf)                    size: 19981 bytes
(epstopdf)             Command: <repstopdf --outfile=./graphic/peanut_3pi-eps-c
onverted-to.pdf ./graphic/peanut_3pi.eps>
(epstopdf)             \includegraphics on input line 647.
Package epstopdf Info: Output file is already uptodate.
File: ./graphic/peanut_3pi-eps-converted-to.pdf Graphic file (type pdf)
<use ./graphic/peanut_3pi-eps-converted-to.pdf>
Package pdftex.def Info: ./graphic/peanut_3pi-eps-converted-to.pdf  used on inp
ut line 647.
(pdftex.def)             Requested size: 98.335pt x 73.80687pt.
Package epstopdf Info: Source file: <./graphic/peanut_5pi.eps>
(epstopdf)                    date: 2017-12-12 14:48:10
(epstopdf)                    size: 60324 bytes
(epstopdf)             Output file: <./graphic/peanut_5pi-eps-converted-to.pdf>

(epstopdf)                    date: 2017-12-12 14:48:10
(epstopdf)                    size: 21898 bytes
(epstopdf)             Command: <repstopdf --outfile=./graphic/peanut_5pi-eps-c
onverted-to.pdf ./graphic/peanut_5pi.eps>
(epstopdf)             \includegraphics on input line 647.
Package epstopdf Info: Output file is already uptodate.
<./graphic/peanut_5pi-eps-converted-to.pdf, id=852, 418.56375pt x 314.17375pt>
File: ./graphic/peanut_5pi-eps-converted-to.pdf Graphic file (type pdf)
<use ./graphic/peanut_5pi-eps-converted-to.pdf>
Package pdftex.def Info: ./graphic/peanut_5pi-eps-converted-to.pdf  used on inp
ut line 647.
(pdftex.def)             Requested size: 98.335pt x 73.80687pt.
Package epstopdf Info: Source file: <./graphic/peanut.eps>
(epstopdf)                    date: 2017-12-12 14:48:10
(epstopdf)                    size: 30388 bytes
(epstopdf)             Output file: <./graphic/peanut-eps-converted-to.pdf>
(epstopdf)                    date: 2017-12-12 14:48:10
(epstopdf)                    size: 11680 bytes
(epstopdf)             Command: <repstopdf --outfile=./graphic/peanut-eps-conve
rted-to.pdf ./graphic/peanut.eps>
(epstopdf)             \includegraphics on input line 647.
Package epstopdf Info: Output file is already uptodate.
<./graphic/peanut-eps-converted-to.pdf, id=853, 418.56375pt x 314.17375pt>
File: ./graphic/peanut-eps-converted-to.pdf Graphic file (type pdf)
<use ./graphic/peanut-eps-converted-to.pdf>
Package pdftex.def Info: ./graphic/peanut-eps-converted-to.pdf  used on input l
ine 647.
(pdftex.def)             Requested size: 98.335pt x 73.80687pt.
 [23

 <./graphic/circle_3pi-eps-converted-to.pdf> <./graphic/circle_5pi-eps-converte
d-to.pdf> <./graphic/circle-eps-converted-to.pdf> <./graphic/peanut_5pi-eps-con
verted-to.pdf> <./graphic/peanut-eps-converted-to.pdf>]
Package epstopdf Info: Source file: <./graphic/p_leaf_3pi.eps>
(epstopdf)                    date: 2017-12-12 14:48:10
(epstopdf)                    size: 58693 bytes
(epstopdf)             Output file: <./graphic/p_leaf_3pi-eps-converted-to.pdf>

(epstopdf)                    date: 2017-12-12 14:48:10
(epstopdf)                    size: 20429 bytes
(epstopdf)             Command: <repstopdf --outfile=./graphic/p_leaf_3pi-eps-c
onverted-to.pdf ./graphic/p_leaf_3pi.eps>
(epstopdf)             \includegraphics on input line 662.
Package epstopdf Info: Output file is already uptodate.
<./graphic/p_leaf_3pi-eps-converted-to.pdf, id=915, 418.56375pt x 314.17375pt>
File: ./graphic/p_leaf_3pi-eps-converted-to.pdf Graphic file (type pdf)
<use ./graphic/p_leaf_3pi-eps-converted-to.pdf>
Package pdftex.def Info: ./graphic/p_leaf_3pi-eps-converted-to.pdf  used on inp
ut line 662.
(pdftex.def)             Requested size: 98.335pt x 73.80687pt.
Package epstopdf Info: Source file: <./graphic/p_leaf_5pi.eps>
(epstopdf)                    date: 2017-12-12 14:48:10
(epstopdf)                    size: 60785 bytes
(epstopdf)             Output file: <./graphic/p_leaf_5pi-eps-converted-to.pdf>

(epstopdf)                    date: 2017-12-12 14:48:10
(epstopdf)                    size: 22157 bytes
(epstopdf)             Command: <repstopdf --outfile=./graphic/p_leaf_5pi-eps-c
onverted-to.pdf ./graphic/p_leaf_5pi.eps>
(epstopdf)             \includegraphics on input line 662.
Package epstopdf Info: Output file is already uptodate.
<./graphic/p_leaf_5pi-eps-converted-to.pdf, id=916, 418.56375pt x 314.17375pt>
File: ./graphic/p_leaf_5pi-eps-converted-to.pdf Graphic file (type pdf)
<use ./graphic/p_leaf_5pi-eps-converted-to.pdf>
Package pdftex.def Info: ./graphic/p_leaf_5pi-eps-converted-to.pdf  used on inp
ut line 662.
(pdftex.def)             Requested size: 98.335pt x 73.80687pt.
Package epstopdf Info: Source file: <./graphic/p_leaf.eps>
(epstopdf)                    date: 2017-12-12 14:48:10
(epstopdf)                    size: 33176 bytes
(epstopdf)             Output file: <./graphic/p_leaf-eps-converted-to.pdf>
(epstopdf)                    date: 2017-12-12 14:48:10
(epstopdf)                    size: 12414 bytes
(epstopdf)             Command: <repstopdf --outfile=./graphic/p_leaf-eps-conve
rted-to.pdf ./graphic/p_leaf.eps>
(epstopdf)             \includegraphics on input line 662.
Package epstopdf Info: Output file is already uptodate.
<./graphic/p_leaf-eps-converted-to.pdf, id=917, 350.30875pt x 257.96375pt>
File: ./graphic/p_leaf-eps-converted-to.pdf Graphic file (type pdf)
<use ./graphic/p_leaf-eps-converted-to.pdf>
Package pdftex.def Info: ./graphic/p_leaf-eps-converted-to.pdf  used on input l
ine 662.
(pdftex.def)             Requested size: 98.335pt x 72.41042pt.
Package epstopdf Info: Source file: <./graphic/rectangle_3pi.eps>
(epstopdf)                    date: 2017-12-12 14:48:10
(epstopdf)                    size: 46426 bytes
(epstopdf)             Output file: <./graphic/rectangle_3pi-eps-converted-to.p
df>
(epstopdf)                    date: 2017-12-12 14:48:10
(epstopdf)                    size: 16083 bytes
(epstopdf)             Command: <repstopdf --outfile=./graphic/rectangle_3pi-ep
s-converted-to.pdf ./graphic/rectangle_3pi.eps>
(epstopdf)             \includegraphics on input line 662.
Package epstopdf Info: Output file is already uptodate.
File: ./graphic/rectangle_3pi-eps-converted-to.pdf Graphic file (type pdf)
<use ./graphic/rectangle_3pi-eps-converted-to.pdf>
Package pdftex.def Info: ./graphic/rectangle_3pi-eps-converted-to.pdf  used on 
input line 662.
(pdftex.def)             Requested size: 98.335pt x 73.80687pt.
Package epstopdf Info: Source file: <./graphic/rectangle_5pi.eps>
(epstopdf)                    date: 2017-12-12 14:48:10
(epstopdf)                    size: 50558 bytes
(epstopdf)             Output file: <./graphic/rectangle_5pi-eps-converted-to.p
df>
(epstopdf)                    date: 2017-12-12 14:48:10
(epstopdf)                    size: 17029 bytes
(epstopdf)             Command: <repstopdf --outfile=./graphic/rectangle_5pi-ep
s-converted-to.pdf ./graphic/rectangle_5pi.eps>
(epstopdf)             \includegraphics on input line 662.
Package epstopdf Info: Output file is already uptodate.
<./graphic/rectangle_5pi-eps-converted-to.pdf, id=918, 418.56375pt x 314.17375p
t>
File: ./graphic/rectangle_5pi-eps-converted-to.pdf Graphic file (type pdf)
<use ./graphic/rectangle_5pi-eps-converted-to.pdf>
Package pdftex.def Info: ./graphic/rectangle_5pi-eps-converted-to.pdf  used on 
input line 662.
(pdftex.def)             Requested size: 98.335pt x 73.80687pt.
Package epstopdf Info: Source file: <./graphic/rectangle.eps>
(epstopdf)                    date: 2017-12-12 14:48:10
(epstopdf)                    size: 21709 bytes
(epstopdf)             Output file: <./graphic/rectangle-eps-converted-to.pdf>
(epstopdf)                    date: 2017-12-12 14:48:10
(epstopdf)                    size: 9122 bytes
(epstopdf)             Command: <repstopdf --outfile=./graphic/rectangle-eps-co
nverted-to.pdf ./graphic/rectangle.eps>
(epstopdf)             \includegraphics on input line 662.
Package epstopdf Info: Output file is already uptodate.
<./graphic/rectangle-eps-converted-to.pdf, id=919, 418.56375pt x 314.17375pt>
File: ./graphic/rectangle-eps-converted-to.pdf Graphic file (type pdf)
<use ./graphic/rectangle-eps-converted-to.pdf>
Package pdftex.def Info: ./graphic/rectangle-eps-converted-to.pdf  used on inpu
t line 662.
(pdftex.def)             Requested size: 98.335pt x 73.80687pt.
 [24

 <./graphic/p_leaf_3pi-eps-converted-to.pdf> <./graphic/p_leaf_5pi-eps-converte
d-to.pdf> <./graphic/p_leaf-eps-converted-to.pdf> <./graphic/rectangle_5pi-eps-
converted-to.pdf> <./graphic/rectangle-eps-converted-to.pdf>]
Package epstopdf Info: Source file: <./graphic/bi_circle_profile.eps>
(epstopdf)                    date: 2018-01-15 14:52:08
(epstopdf)                    size: 13717 bytes
(epstopdf)             Output file: <./graphic/bi_circle_profile-eps-converted-
to.pdf>
(epstopdf)                    date: 2018-01-15 14:52:08
(epstopdf)                    size: 7995 bytes
(epstopdf)             Command: <repstopdf --outfile=./graphic/bi_circle_profil
e-eps-converted-to.pdf ./graphic/bi_circle_profile.eps>
(epstopdf)             \includegraphics on input line 679.
Package epstopdf Info: Output file is already uptodate.
<./graphic/bi_circle_profile-eps-converted-to.pdf, id=981, 365.365pt x 218.8175
pt>
File: ./graphic/bi_circle_profile-eps-converted-to.pdf Graphic file (type pdf)
<use ./graphic/bi_circle_profile-eps-converted-to.pdf>
Package pdftex.def Info: ./graphic/bi_circle_profile-eps-converted-to.pdf  used
 on input line 679.
(pdftex.def)             Requested size: 98.33209pt x 72.37025pt.
Package epstopdf Info: Source file: <./graphic/bi_circle_3pi.eps>
(epstopdf)                    date: 2018-01-15 14:52:08
(epstopdf)                    size: 107080 bytes
(epstopdf)             Output file: <./graphic/bi_circle_3pi-eps-converted-to.p
df>
(epstopdf)                    date: 2018-01-15 14:52:08
(epstopdf)                    size: 36365 bytes
(epstopdf)             Command: <repstopdf --outfile=./graphic/bi_circle_3pi-ep
s-converted-to.pdf ./graphic/bi_circle_3pi.eps>
(epstopdf)             \includegraphics on input line 679.
Package epstopdf Info: Output file is already uptodate.
<./graphic/bi_circle_3pi-eps-converted-to.pdf, id=982, 418.56375pt x 314.17375p
t>
File: ./graphic/bi_circle_3pi-eps-converted-to.pdf Graphic file (type pdf)
<use ./graphic/bi_circle_3pi-eps-converted-to.pdf>
Package pdftex.def Info: ./graphic/bi_circle_3pi-eps-converted-to.pdf  used on 
input line 679.
(pdftex.def)             Requested size: 98.335pt x 73.80687pt.
Package epstopdf Info: Source file: <./graphic/bi_circle.eps>
(epstopdf)                    date: 2017-12-12 14:48:10
(epstopdf)                    size: 77364 bytes
(epstopdf)             Output file: <./graphic/bi_circle-eps-converted-to.pdf>
(epstopdf)                    date: 2017-12-12 14:48:10
(epstopdf)                    size: 24580 bytes
(epstopdf)             Command: <repstopdf --outfile=./graphic/bi_circle-eps-co
nverted-to.pdf ./graphic/bi_circle.eps>
(epstopdf)             \includegraphics on input line 679.
Package epstopdf Info: Output file is already uptodate.
<./graphic/bi_circle-eps-converted-to.pdf, id=983, 418.56375pt x 314.17375pt>
File: ./graphic/bi_circle-eps-converted-to.pdf Graphic file (type pdf)
<use ./graphic/bi_circle-eps-converted-to.pdf>
Package pdftex.def Info: ./graphic/bi_circle-eps-converted-to.pdf  used on inpu
t line 679.
(pdftex.def)             Requested size: 98.335pt x 73.80687pt.
Package epstopdf Info: Source file: <./graphic/circle_0_4_peanut_1_profile.eps>

(epstopdf)                    date: 2018-01-15 14:52:08
(epstopdf)                    size: 13498 bytes
(epstopdf)             Output file: <./graphic/circle_0_4_peanut_1_profile-eps-
converted-to.pdf>
(epstopdf)                    date: 2018-01-15 14:52:08
(epstopdf)                    size: 7088 bytes
(epstopdf)             Command: <repstopdf --outfile=./graphic/circle_0_4_peanu
t_1_profile-eps-converted-to.pdf ./graphic/circle_0_4_peanut_1_profile.eps>
(epstopdf)             \includegraphics on input line 679.
Package epstopdf Info: Output file is already uptodate.
<./graphic/circle_0_4_peanut_1_profile-eps-converted-to.pdf, id=984, 365.365pt 
x 218.8175pt>
File: ./graphic/circle_0_4_peanut_1_profile-eps-converted-to.pdf Graphic file (
type pdf)
<use ./graphic/circle_0_4_peanut_1_profile-eps-converted-to.pdf>
Package pdftex.def Info: ./graphic/circle_0_4_peanut_1_profile-eps-converted-to
.pdf  used on input line 679.
(pdftex.def)             Requested size: 98.33209pt x 72.37025pt.
Package epstopdf Info: Source file: <./graphic/circle_0_4_peanut_1_3pi_1.eps>
(epstopdf)                    date: 2018-01-15 14:52:08
(epstopdf)                    size: 93894 bytes
(epstopdf)             Output file: <./graphic/circle_0_4_peanut_1_3pi_1-eps-co
nverted-to.pdf>
(epstopdf)                    date: 2018-01-15 14:52:08
(epstopdf)                    size: 27990 bytes
(epstopdf)             Command: <repstopdf --outfile=./graphic/circle_0_4_peanu
t_1_3pi_1-eps-converted-to.pdf ./graphic/circle_0_4_peanut_1_3pi_1.eps>
(epstopdf)             \includegraphics on input line 679.
Package epstopdf Info: Output file is already uptodate.
<./graphic/circle_0_4_peanut_1_3pi_1-eps-converted-to.pdf, id=985, 418.56375pt 
x 314.17375pt>
File: ./graphic/circle_0_4_peanut_1_3pi_1-eps-converted-to.pdf Graphic file (ty
pe pdf)
<use ./graphic/circle_0_4_peanut_1_3pi_1-eps-converted-to.pdf>
Package pdftex.def Info: ./graphic/circle_0_4_peanut_1_3pi_1-eps-converted-to.p
df  used on input line 679.
(pdftex.def)             Requested size: 98.335pt x 73.80687pt.
Package epstopdf Info: Source file: <./graphic/circle_0_4_peanut_1_multi_1.eps>

(epstopdf)                    date: 2018-01-15 14:52:08
(epstopdf)                    size: 51713 bytes
(epstopdf)             Output file: <./graphic/circle_0_4_peanut_1_multi_1-eps-
converted-to.pdf>
(epstopdf)                    date: 2018-01-15 14:52:08
(epstopdf)                    size: 18225 bytes
(epstopdf)             Command: <repstopdf --outfile=./graphic/circle_0_4_peanu
t_1_multi_1-eps-converted-to.pdf ./graphic/circle_0_4_peanut_1_multi_1.eps>
(epstopdf)             \includegraphics on input line 679.
Package epstopdf Info: Output file is already uptodate.
<./graphic/circle_0_4_peanut_1_multi_1-eps-converted-to.pdf, id=986, 418.56375p
t x 314.17375pt>
File: ./graphic/circle_0_4_peanut_1_multi_1-eps-converted-to.pdf Graphic file (
type pdf)
<use ./graphic/circle_0_4_peanut_1_multi_1-eps-converted-to.pdf>
Package pdftex.def Info: ./graphic/circle_0_4_peanut_1_multi_1-eps-converted-to
.pdf  used on input line 679.
(pdftex.def)             Requested size: 98.335pt x 73.80687pt.
 [25

 <./graphic/bi_circle_profile-eps-converted-to.pdf> <./graphic/bi_circle_3pi-ep
s-converted-to.pdf> <./graphic/bi_circle-eps-converted-to.pdf> <./graphic/circl
e_0_4_peanut_1_profile-eps-converted-to.pdf> <./graphic/circle_0_4_peanut_1_3pi
_1-eps-converted-to.pdf> <./graphic/circle_0_4_peanut_1_multi_1-eps-converted-t
o.pdf>]
Package epstopdf Info: Source file: <./graphic/bi_circle_4pi_error2.eps>
(epstopdf)                    date: 2017-12-12 14:48:10
(epstopdf)                    size: 112501 bytes
(epstopdf)             Output file: <./graphic/bi_circle_4pi_error2-eps-convert
ed-to.pdf>
(epstopdf)                    date: 2017-12-12 14:48:10
(epstopdf)                    size: 39746 bytes
(epstopdf)             Command: <repstopdf --outfile=./graphic/bi_circle_4pi_er
ror2-eps-converted-to.pdf ./graphic/bi_circle_4pi_error2.eps>
(epstopdf)             \includegraphics on input line 696.
Package epstopdf Info: Output file is already uptodate.
<./graphic/bi_circle_4pi_error2-eps-converted-to.pdf, id=1050, 421.575pt x 317.
185pt>
File: ./graphic/bi_circle_4pi_error2-eps-converted-to.pdf Graphic file (type pd
f)
<use ./graphic/bi_circle_4pi_error2-eps-converted-to.pdf>
Package pdftex.def Info: ./graphic/bi_circle_4pi_error2-eps-converted-to.pdf  u
sed on input line 696.
(pdftex.def)             Requested size: 98.335pt x 73.98189pt.
Package epstopdf Info: Source file: <./graphic/bi_circle_4pi_error4.eps>
(epstopdf)                    date: 2017-12-12 14:48:10
(epstopdf)                    size: 113428 bytes
(epstopdf)             Output file: <./graphic/bi_circle_4pi_error4-eps-convert
ed-to.pdf>
(epstopdf)                    date: 2017-12-12 14:48:10
(epstopdf)                    size: 40130 bytes
(epstopdf)             Command: <repstopdf --outfile=./graphic/bi_circle_4pi_er
ror4-eps-converted-to.pdf ./graphic/bi_circle_4pi_error4.eps>
(epstopdf)             \includegraphics on input line 696.
Package epstopdf Info: Output file is already uptodate.
<./graphic/bi_circle_4pi_error4-eps-converted-to.pdf, id=1051, 421.575pt x 317.
185pt>
File: ./graphic/bi_circle_4pi_error4-eps-converted-to.pdf Graphic file (type pd
f)
<use ./graphic/bi_circle_4pi_error4-eps-converted-to.pdf>
Package pdftex.def Info: ./graphic/bi_circle_4pi_error4-eps-converted-to.pdf  u
sed on input line 696.
(pdftex.def)             Requested size: 98.335pt x 73.98189pt.
Package epstopdf Info: Source file: <./graphic/bi_circle_4pi_error6.eps>
(epstopdf)                    date: 2017-12-12 14:48:10
(epstopdf)                    size: 115601 bytes
(epstopdf)             Output file: <./graphic/bi_circle_4pi_error6-eps-convert
ed-to.pdf>
(epstopdf)                    date: 2017-12-12 14:48:10
(epstopdf)                    size: 42377 bytes
(epstopdf)             Command: <repstopdf --outfile=./graphic/bi_circle_4pi_er
ror6-eps-converted-to.pdf ./graphic/bi_circle_4pi_error6.eps>
(epstopdf)             \includegraphics on input line 696.
Package epstopdf Info: Output file is already uptodate.
<./graphic/bi_circle_4pi_error6-eps-converted-to.pdf, id=1052, 421.575pt x 317.
185pt>
File: ./graphic/bi_circle_4pi_error6-eps-converted-to.pdf Graphic file (type pd
f)
<use ./graphic/bi_circle_4pi_error6-eps-converted-to.pdf>
Package pdftex.def Info: ./graphic/bi_circle_4pi_error6-eps-converted-to.pdf  u
sed on input line 696.
(pdftex.def)             Requested size: 98.335pt x 73.98189pt.
Package epstopdf Info: Source file: <./graphic/bi_circle_multi_2_8_error2.eps>
(epstopdf)                    date: 2017-12-12 14:48:10
(epstopdf)                    size: 86853 bytes
(epstopdf)             Output file: <./graphic/bi_circle_multi_2_8_error2-eps-c
onverted-to.pdf>
(epstopdf)                    date: 2017-12-12 14:48:10
(epstopdf)                    size: 30270 bytes
(epstopdf)             Command: <repstopdf --outfile=./graphic/bi_circle_multi_
2_8_error2-eps-converted-to.pdf ./graphic/bi_circle_multi_2_8_error2.eps>
(epstopdf)             \includegraphics on input line 696.
Package epstopdf Info: Output file is already uptodate.
<./graphic/bi_circle_multi_2_8_error2-eps-converted-to.pdf, id=1053, 421.575pt 
x 317.185pt>
File: ./graphic/bi_circle_multi_2_8_error2-eps-converted-to.pdf Graphic file (t
ype pdf)
<use ./graphic/bi_circle_multi_2_8_error2-eps-converted-to.pdf>
Package pdftex.def Info: ./graphic/bi_circle_multi_2_8_error2-eps-converted-to.
pdf  used on input line 696.
(pdftex.def)             Requested size: 98.335pt x 73.98189pt.
Package epstopdf Info: Source file: <./graphic/bi_circle_multi_2_8_error4.eps>
(epstopdf)                    date: 2017-12-12 14:48:10
(epstopdf)                    size: 95828 bytes
(epstopdf)             Output file: <./graphic/bi_circle_multi_2_8_error4-eps-c
onverted-to.pdf>
(epstopdf)                    date: 2017-12-12 14:48:10
(epstopdf)                    size: 32025 bytes
(epstopdf)             Command: <repstopdf --outfile=./graphic/bi_circle_multi_
2_8_error4-eps-converted-to.pdf ./graphic/bi_circle_multi_2_8_error4.eps>
(epstopdf)             \includegraphics on input line 696.
Package epstopdf Info: Output file is already uptodate.
<./graphic/bi_circle_multi_2_8_error4-eps-converted-to.pdf, id=1054, 421.575pt 
x 317.185pt>
File: ./graphic/bi_circle_multi_2_8_error4-eps-converted-to.pdf Graphic file (t
ype pdf)
<use ./graphic/bi_circle_multi_2_8_error4-eps-converted-to.pdf>
Package pdftex.def Info: ./graphic/bi_circle_multi_2_8_error4-eps-converted-to.
pdf  used on input line 696.
(pdftex.def)             Requested size: 98.335pt x 73.98189pt.
Package epstopdf Info: Source file: <./graphic/bi_circle_multi_2_8_error6.eps>
(epstopdf)                    date: 2017-12-12 14:48:10
(epstopdf)                    size: 102386 bytes
(epstopdf)             Output file: <./graphic/bi_circle_multi_2_8_error6-eps-c
onverted-to.pdf>
(epstopdf)                    date: 2017-12-12 14:48:10
(epstopdf)                    size: 33634 bytes
(epstopdf)             Command: <repstopdf --outfile=./graphic/bi_circle_multi_
2_8_error6-eps-converted-to.pdf ./graphic/bi_circle_multi_2_8_error6.eps>
(epstopdf)             \includegraphics on input line 696.
Package epstopdf Info: Output file is already uptodate.
<./graphic/bi_circle_multi_2_8_error6-eps-converted-to.pdf, id=1055, 421.575pt 
x 317.185pt>
File: ./graphic/bi_circle_multi_2_8_error6-eps-converted-to.pdf Graphic file (t
ype pdf)
<use ./graphic/bi_circle_multi_2_8_error6-eps-converted-to.pdf>
Package pdftex.def Info: ./graphic/bi_circle_multi_2_8_error6-eps-converted-to.
pdf  used on input line 696.
(pdftex.def)             Requested size: 98.335pt x 73.98189pt.
 [26

 <./graphic/bi_circle_4pi_error2-eps-converted-to.pdf> <./graphic/bi_circle_4pi
_error4-eps-converted-to.pdf> <./graphic/bi_circle_4pi_error6-eps-converted-to.
pdf> <./graphic/bi_circle_multi_2_8_error2-eps-converted-to.pdf> <./graphic/bi_
circle_multi_2_8_error4-eps-converted-to.pdf> <./graphic/bi_circle_multi_2_8_er
ror6-eps-converted-to.pdf>]
Overfull \hbox (9.84062pt too wide) in alignment at lines 706--706
 [][][] []
 []

[27

] [28

] (./zhuhai.bbl)
\tf@nav=\write6
\openout6 = `zhuhai.nav'.

\tf@toc=\write7
\openout7 = `zhuhai.toc'.

\tf@snm=\write8
\openout8 = `zhuhai.snm'.

Package atveryend Info: Empty hook `BeforeClearDocument' on input line 734.
Package atveryend Info: Empty hook `AfterLastShipout' on input line 734.
 (./zhuhai.aux)
Package atveryend Info: Executing hook `AtVeryEndDocument' on input line 734.
Package atveryend Info: Executing hook `AtEndAfterFileList' on input line 734.
Package rerunfilecheck Info: File `zhuhai.out' has not changed.
(rerunfilecheck)             Checksum: D41D8CD98F00B204E9800998ECF8427E;0.


LaTeX Warning: There were multiply-defined labels.

 ) 
Here is how much of TeX's memory you used:
 19331 strings out of 492649
 357375 string characters out of 6133383
 463315 words of memory out of 5000000
 22604 multiletter control sequences out of 15000+600000
 18035 words of font info for 51 fonts, out of 8000000 for 9000
 1141 hyphenation exceptions out of 8191
 56i,19n,61p,773b,1237s stack positions out of 5000i,500n,10000p,200000b,80000s
{c:/texlive/2018/texmf-dist/fonts/enc/dvips/cm-super/cm-super-t1.enc}<c:/texl
ive/2018/texmf-dist/fonts/type1/public/amsfonts/cm/cmbx5.pfb><c:/texlive/2018/t
exmf-dist/fonts/type1/public/amsfonts/cm/cmbx6.pfb><c:/texlive/2018/texmf-dist/
fonts/type1/public/amsfonts/cm/cmbx7.pfb><c:/texlive/2018/texmf-dist/fonts/type
1/public/amsfonts/cm/cmbx8.pfb><c:/texlive/2018/texmf-dist/fonts/type1/public/a
msfonts/cmextra/cmex7.pfb><c:/texlive/2018/texmf-dist/fonts/type1/public/amsfon
ts/cmextra/cmex8.pfb><c:/texlive/2018/texmf-dist/fonts/type1/public/amsfonts/cm
/cmmi5.pfb><c:/texlive/2018/texmf-dist/fonts/type1/public/amsfonts/cm/cmmi6.pfb
><c:/texlive/2018/texmf-dist/fonts/type1/public/amsfonts/cm/cmmi7.pfb><c:/texli
ve/2018/texmf-dist/fonts/type1/public/amsfonts/cm/cmmi8.pfb><c:/texlive/2018/te
xmf-dist/fonts/type1/public/amsfonts/cm/cmr5.pfb><c:/texlive/2018/texmf-dist/fo
nts/type1/public/amsfonts/cm/cmr6.pfb><c:/texlive/2018/texmf-dist/fonts/type1/p
ublic/amsfonts/cm/cmr7.pfb><c:/texlive/2018/texmf-dist/fonts/type1/public/amsfo
nts/cm/cmr8.pfb><c:/texlive/2018/texmf-dist/fonts/type1/public/amsfonts/cm/cmsy
5.pfb><c:/texlive/2018/texmf-dist/fonts/type1/public/amsfonts/cm/cmsy6.pfb><c:/
texlive/2018/texmf-dist/fonts/type1/public/amsfonts/cm/cmsy7.pfb><c:/texlive/20
18/texmf-dist/fonts/type1/public/amsfonts/cm/cmsy8.pfb><c:/texlive/2018/texmf-d
ist/fonts/type1/public/amsfonts/symbols/msbm10.pfb><c:/texlive/2018/texmf-dist/
fonts/type1/public/amsfonts/symbols/msbm5.pfb><c:/texlive/2018/texmf-dist/fonts
/type1/public/amsfonts/symbols/msbm7.pfb><c:/texlive/2018/texmf-dist/fonts/type
1/public/cm-super/sfrm0800.pfb><c:/texlive/2018/texmf-dist/fonts/type1/public/c
m-super/sfsi0700.pfb><c:/texlive/2018/texmf-dist/fonts/type1/public/cm-super/sf
si0800.pfb><c:/texlive/2018/texmf-dist/fonts/type1/public/cm-super/sfss0500.pfb
><c:/texlive/2018/texmf-dist/fonts/type1/public/cm-super/sfss0700.pfb><c:/texli
ve/2018/texmf-dist/fonts/type1/public/cm-super/sfss0800.pfb><c:/texlive/2018/te
xmf-dist/fonts/type1/public/cm-super/sfss1095.pfb><c:/texlive/2018/texmf-dist/f
onts/type1/public/cm-super/sfss1200.pfb><c:/texlive/2018/texmf-dist/fonts/type1
/public/cm-super/sfsx0800.pfb>
Output written on zhuhai.pdf (28 pages, 1800818 bytes).
PDF statistics:
 1298 PDF objects out of 1440 (max. 8388607)
 1134 compressed objects within 12 object streams
 78 named destinations out of 1000 (max. 500000)
 262 words of extra memory for PDF output out of 10000 (max. 10000000)

