This is pdfTeX, Version 3.14159265-2.6-1.40.16 (MiKTeX 2.9) (preloaded format=pdflatex 2017.10.26)  3 APR 2018 21:19
entering extended mode
**"./Estimate of Dirichlet Green Tensor.tex"
("Estimate of Dirichlet Green Tensor.tex"
LaTeX2e <2016/03/31>
Babel <3.9q> and hyphenation patterns for 1 language(s) loaded.
(iopart.cls
Document Class: iopart 1996/06/10 v0.0 IOP Journals LaTeX article class
(iopart12.clo
File: iopart12.clo 1997/01/15 v1.0 LaTeX2e file (size option)
)
\c@jnl=\count79
\c@section=\count80
\c@subsection=\count81
\c@subsubsection=\count82
\c@paragraph=\count83
\c@subparagraph=\count84
\c@figure=\count85
\c@table=\count86
\abovecaptionskip=\skip41
\belowcaptionskip=\skip42
\indentedwidth=\skip43
\mathindent=\dimen102
\c@eqnval=\count87
) (iopams.sty
Package: iopams 1997/02/13 v1.0
 (C:\CTEX\MiKTeX\tex\latex\ams\math\amsgen.sty
File: amsgen.sty 1999/11/30 v2.0
\@emptytoks=\toks14
\ex@=\dimen103
)
(C:\CTEX\MiKTeX\tex\latex\amsfonts\amsfonts.sty
Package: amsfonts 2013/01/14 v3.01 Basic AMSFonts support
\symAMSa=\mathgroup4
\symAMSb=\mathgroup5
LaTeX Font Info:    Overwriting math alphabet `\mathfrak' in version `bold'
(Font)                  U/euf/m/n --> U/euf/b/n on input line 106.
)
(C:\CTEX\MiKTeX\tex\latex\amsfonts\amssymb.sty
Package: amssymb 2013/01/14 v3.01 AMS font symbols
)
(C:\CTEX\MiKTeX\tex\latex\ams\math\amsbsy.sty
Package: amsbsy 1999/11/29 v1.2d
\pmbraise@=\dimen104
))
(C:\CTEX\MiKTeX\tex\latex\graphics\epsfig.sty
Package: epsfig 1999/02/16 v1.7a (e)psfig emulation (SPQR)

(C:\CTEX\MiKTeX\tex\latex\graphics\graphicx.sty
Package: graphicx 2014/10/28 v1.0g Enhanced LaTeX Graphics (DPC,SPQR)

(C:\CTEX\MiKTeX\tex\latex\graphics\keyval.sty
Package: keyval 2014/10/28 v1.15 key=value parser (DPC)
\KV@toks@=\toks15
)
(C:\CTEX\MiKTeX\tex\latex\graphics\graphics.sty
Package: graphics 2016/01/03 v1.0q Standard LaTeX Graphics (DPC,SPQR)

(C:\CTEX\MiKTeX\tex\latex\graphics\trig.sty
Package: trig 2016/01/03 v1.10 sin cos tan (DPC)
)
(C:\CTEX\MiKTeX\tex\latex\00miktex\graphics.cfg
File: graphics.cfg 2010/04/23 v1.9 graphics configuration of TeX Live
)
Package graphics Info: Driver file: pdftex.def on input line 95.

(C:\CTEX\MiKTeX\tex\latex\pdftex-def\pdftex.def
File: pdftex.def 2011/05/27 v0.06d Graphics/color for pdfTeX

(C:\CTEX\MiKTeX\tex\generic\oberdiek\infwarerr.sty
Package: infwarerr 2010/04/08 v1.3 Providing info/warning/error messages (HO)
)
(C:\CTEX\MiKTeX\tex\generic\oberdiek\ltxcmds.sty
Package: ltxcmds 2011/11/09 v1.22 LaTeX kernel commands for general use (HO)
)
\Gread@gobject=\count88
))
\Gin@req@height=\dimen105
\Gin@req@width=\dimen106
)
\epsfxsize=\dimen107
\epsfysize=\dimen108
)
(C:\CTEX\MiKTeX\tex\latex\base\latexsym.sty
Package: latexsym 1998/08/17 v2.2e Standard LaTeX package (lasy symbols)
\symlasy=\mathgroup6
LaTeX Font Info:    Overwriting symbol font `lasy' in version `bold'
(Font)                  U/lasy/m/n --> U/lasy/b/n on input line 52.
)
(C:\CTEX\MiKTeX\tex\latex\graphics\color.sty
Package: color 2016/01/03 v1.1b Standard LaTeX Color (DPC)

(C:\CTEX\MiKTeX\tex\latex\00miktex\color.cfg
File: color.cfg 2007/01/18 v1.5 color configuration of teTeX/TeXLive
)
Package color Info: Driver file: pdftex.def on input line 143.
)
("Estimate of Dirichlet Green Tensor.aux"

LaTeX Warning: Label `I_splits' multiply defined.


LaTeX Warning: Label `van' multiply defined.

)
\openout1 = `"Estimate of Dirichlet Green Tensor.aux"'.

LaTeX Font Info:    Checking defaults for OML/cmm/m/it on input line 16.
LaTeX Font Info:    ... okay on input line 16.
LaTeX Font Info:    Checking defaults for T1/cmr/m/n on input line 16.
LaTeX Font Info:    ... okay on input line 16.
LaTeX Font Info:    Checking defaults for OT1/cmr/m/n on input line 16.
LaTeX Font Info:    ... okay on input line 16.
LaTeX Font Info:    Checking defaults for OMS/cmsy/m/n on input line 16.
LaTeX Font Info:    ... okay on input line 16.
LaTeX Font Info:    Checking defaults for OMX/cmex/m/n on input line 16.
LaTeX Font Info:    ... okay on input line 16.
LaTeX Font Info:    Checking defaults for U/cmr/m/n on input line 16.
LaTeX Font Info:    ... okay on input line 16.
 (C:\CTEX\MiKTeX\tex\context\base\supp-pdf.mkii
[Loading MPS to PDF converter (version 2006.09.02).]
\scratchcounter=\count89
\scratchdimen=\dimen109
\scratchbox=\box26
\nofMPsegments=\count90
\nofMParguments=\count91
\everyMPshowfont=\toks16
\MPscratchCnt=\count92
\MPscratchDim=\dimen110
\MPnumerator=\count93
\makeMPintoPDFobject=\count94
\everyMPtoPDFconversion=\toks17
) (C:\CTEX\MiKTeX\tex\generic\oberdiek\pdftexcmds.sty
Package: pdftexcmds 2011/11/29 v0.20 Utility functions of pdfTeX for LuaTeX (HO
)

(C:\CTEX\MiKTeX\tex\generic\oberdiek\ifluatex.sty
Package: ifluatex 2010/03/01 v1.3 Provides the ifluatex switch (HO)
Package ifluatex Info: LuaTeX not detected.
)
(C:\CTEX\MiKTeX\tex\generic\oberdiek\ifpdf.sty
Package: ifpdf 2011/01/30 v2.3 Provides the ifpdf switch (HO)
Package ifpdf Info: pdfTeX in PDF mode is detected.
)
Package pdftexcmds Info: LuaTeX not detected.
Package pdftexcmds Info: \pdf@primitive is available.
Package pdftexcmds Info: \pdf@ifprimitive is available.
Package pdftexcmds Info: \pdfdraftmode found.
)
(C:\CTEX\MiKTeX\tex\latex\oberdiek\epstopdf-base.sty
Package: epstopdf-base 2010/02/09 v2.5 Base part for package epstopdf

(C:\CTEX\MiKTeX\tex\latex\oberdiek\grfext.sty
Package: grfext 2010/08/19 v1.1 Manage graphics extensions (HO)

(C:\CTEX\MiKTeX\tex\generic\oberdiek\kvdefinekeys.sty
Package: kvdefinekeys 2011/04/07 v1.3 Define keys (HO)
))
(C:\CTEX\MiKTeX\tex\latex\oberdiek\kvoptions.sty
Package: kvoptions 2011/06/30 v3.11 Key value format for package options (HO)

(C:\CTEX\MiKTeX\tex\generic\oberdiek\kvsetkeys.sty
Package: kvsetkeys 2012/04/25 v1.16 Key value parser (HO)

(C:\CTEX\MiKTeX\tex\generic\oberdiek\etexcmds.sty
Package: etexcmds 2011/02/16 v1.5 Avoid name clashes with e-TeX commands (HO)
Package etexcmds Info: Could not find \expanded.
(etexcmds)             That can mean that you are not using pdfTeX 1.50 or
(etexcmds)             that some package has redefined \expanded.
(etexcmds)             In the latter case, load this package earlier.
)))
Package grfext Info: Graphics extension search list:
(grfext)             [.png,.pdf,.jpg,.mps,.jpeg,.jbig2,.jb2,.PNG,.PDF,.JPG,.JPE
G,.JBIG2,.JB2,.eps]
(grfext)             \AppendGraphicsExtensions on input line 452.
) [1

]
\c@lem=\count95
\c@prop=\count96
\c@cor=\count97
\c@thm=\count98
\c@rem=\count99
\c@alg=\count100
\c@assum=\count101
\c@definition=\count102
\c@RomanNumber=\count103
LaTeX Font Info:    Try loading font information for U+msa on input line 137.

(C:\CTEX\MiKTeX\tex\latex\amsfonts\umsa.fd
File: umsa.fd 2013/01/14 v3.01 AMS symbols A
)
LaTeX Font Info:    Try loading font information for U+msb on input line 137.

(C:\CTEX\MiKTeX\tex\latex\amsfonts\umsb.fd
File: umsb.fd 2013/01/14 v3.01 AMS symbols B
)
LaTeX Font Info:    Try loading font information for U+lasy on input line 137.

(C:\CTEX\MiKTeX\tex\latex\base\ulasy.fd
File: ulasy.fd 1998/08/17 v2.2e LaTeX symbol font definitions
)
Underfull \hbox (badness 10000) in paragraph at lines 186--188

 []

[2{C:/CTEX/UserData/pdftex/config/pdftex.map{Unicode.sfd}{UGBK.sfd}}]
Missing character: There is no â in font cmr12!
Missing character: There is no € in font cmr12!
Missing character: There is no ˜ in font cmr12!

Underfull \hbox (badness 10000) in paragraph at lines 227--230

 []

[3] [4]
Overfull \hbox (14.33205pt too wide) in alignment at lines 315--321
 [] [] [] [] 
 []

[5] [6]
Underfull \hbox (badness 10000) in paragraph at lines 366--369

 []

[7]

LaTeX Warning: Reference `pr_dgreen' on page 8 undefined on input line 427.

[8]
Overfull \hbox (2.51326pt too wide) in alignment at lines 492--497
 [] [] [] [] 
 []

[9] [10]
Underfull \hbox (badness 10000) in paragraph at lines 544--547

 []

[11] [12] [13] [14]
Overfull \hbox (5.16249pt too wide) in alignment at lines 728--743
 [] [] [] [] 
 []

[15]
Underfull \hbox (badness 10000) in paragraph at lines 755--758

 []

[16]
Underfull \hbox (badness 10000) in paragraph at lines 773--777

 []

[17]
Underfull \hbox (badness 10000) in paragraph at lines 818--821

 []

[18]
Underfull \hbox (badness 10000) in paragraph at lines 854--857

 []


Underfull \hbox (badness 10000) in paragraph at lines 869--871

 []

[19]
Overfull \hbox (96.88068pt too wide) in alignment at lines 904--907
 [] [] [] [] 
 []

[20]
Overfull \hbox (43.05328pt too wide) in alignment at lines 930--935
 [] [] [] [] 
 []


Overfull \hbox (10.41873pt too wide) in alignment at lines 941--946
 [] [] [] [] 
 []


Overfull \hbox (81.63339pt too wide) in alignment at lines 954--960
 [] [] [] [] 
 []

[21]
Overfull \hbox (1.5077pt too wide) in alignment at lines 961--963
 [] [] [] [] 
 []


LaTeX Warning: Citation `hsiao2008boundary' on page 22 undefined on input line 
977.

[22]

LaTeX Warning: Citation `guiggiani1987direct' on page 23 undefined on input lin
e 1032.


Overfull \hbox (39.42789pt too wide) in alignment at lines 1043--1046
 [] [] [] [] 
 []


Overfull \hbox (41.91685pt too wide) in alignment at lines 1048--1050
 [] [] [] [] 
 []


Overfull \hbox (5.21272pt too wide) in alignment at lines 1068--1071
 [] [] [] [] 
 []


Overfull \hbox (40.26367pt too wide) in alignment at lines 1073--1081
 [] [] [] [] 
 []

[23]
Overfull \hbox (77.88857pt too wide) in alignment at lines 1083--1090
 [] [] [] [] 
 []


Overfull \hbox (8.24463pt too wide) in alignment at lines 1106--1116
 [] [] [] [] 
 []


Overfull \hbox (54.47012pt too wide) in alignment at lines 1118--1128
 [] [] [] [] 
 []


Overfull \hbox (63.5521pt too wide) in alignment at lines 1129--1139
 [] [] [] [] 
 []

[24]
Overfull \hbox (11.91653pt too wide) in alignment at lines 1202--1212
 [] [] [] [] 
 []


Overfull \hbox (12.29839pt too wide) in alignment at lines 1242--1252
 [] [] [] [] 
 []

[25] [26] [27]
Package epstopdf Info: Source file: <./graphic/pwave_kirchhoffpi0.eps>
(epstopdf)                    date: 2017-12-28 18:45:18
(epstopdf)                    size: 40726 bytes
(epstopdf)             Output file: <./graphic/pwave_kirchhoffpi0-eps-converted
-to.pdf>
(epstopdf)                    date: 2018-01-02 14:47:25
(epstopdf)                    size: 19880 bytes
(epstopdf)             Command: <epstopdf --outfile=./graphic/pwave_kirchhoffpi
0-eps-converted-to.pdf ./graphic/pwave_kirchhoffpi0.eps>
(epstopdf)             \includegraphics on input line 1357.
Package epstopdf Info: Output file is already uptodate.

<./graphic/pwave_kirchhoffpi0-eps-converted-to.pdf, id=103, 421.575pt x 317.185
pt>
File: ./graphic/pwave_kirchhoffpi0-eps-converted-to.pdf Graphic file (type pdf)

 <use ./graphic/pwave_kirchhoffpi0-eps-converted-to.pdf>
Package pdftex.def Info: ./graphic/pwave_kirchhoffpi0-eps-converted-to.pdf used
 on input line 1357.
(pdftex.def)             Requested size: 357.12132pt x 268.69377pt.
Package epstopdf Info: Source file: <./graphic/swave_kirchhoffpi0.eps>
(epstopdf)                    date: 2017-12-28 18:45:42
(epstopdf)                    size: 40356 bytes
(epstopdf)             Output file: <./graphic/swave_kirchhoffpi0-eps-converted
-to.pdf>
(epstopdf)                    date: 2018-01-02 14:47:25
(epstopdf)                    size: 19433 bytes
(epstopdf)             Command: <epstopdf --outfile=./graphic/swave_kirchhoffpi
0-eps-converted-to.pdf ./graphic/swave_kirchhoffpi0.eps>
(epstopdf)             \includegraphics on input line 1358.
Package epstopdf Info: Output file is already uptodate.

<./graphic/swave_kirchhoffpi0-eps-converted-to.pdf, id=104, 421.575pt x 317.185
pt>
File: ./graphic/swave_kirchhoffpi0-eps-converted-to.pdf Graphic file (type pdf)

 <use ./graphic/swave_kirchhoffpi0-eps-converted-to.pdf>
Package pdftex.def Info: ./graphic/swave_kirchhoffpi0-eps-converted-to.pdf used
 on input line 1358.
(pdftex.def)             Requested size: 357.12132pt x 268.69377pt.
Package epstopdf Info: Source file: <./graphic/pwave_kirchhoff.eps>
(epstopdf)                    date: 2017-12-28 18:26:47
(epstopdf)                    size: 63143 bytes
(epstopdf)             Output file: <./graphic/pwave_kirchhoff-eps-converted-to
.pdf>
(epstopdf)                    date: 2018-01-02 14:47:25
(epstopdf)                    size: 29304 bytes
(epstopdf)             Command: <epstopdf --outfile=./graphic/pwave_kirchhoff-e
ps-converted-to.pdf ./graphic/pwave_kirchhoff.eps>
(epstopdf)             \includegraphics on input line 1363.
Package epstopdf Info: Output file is already uptodate.

<./graphic/pwave_kirchhoff-eps-converted-to.pdf, id=105, 421.575pt x 317.185pt>
File: ./graphic/pwave_kirchhoff-eps-converted-to.pdf Graphic file (type pdf)
<use ./graphic/pwave_kirchhoff-eps-converted-to.pdf>
Package pdftex.def Info: ./graphic/pwave_kirchhoff-eps-converted-to.pdf used on
 input line 1363.
(pdftex.def)             Requested size: 357.12132pt x 268.69377pt.
Package epstopdf Info: Source file: <./graphic/swave_kirchhoff.eps>
(epstopdf)                    date: 2017-12-28 18:27:02
(epstopdf)                    size: 64023 bytes
(epstopdf)             Output file: <./graphic/swave_kirchhoff-eps-converted-to
.pdf>
(epstopdf)                    date: 2018-01-02 14:47:25
(epstopdf)                    size: 31985 bytes
(epstopdf)             Command: <epstopdf --outfile=./graphic/swave_kirchhoff-e
ps-converted-to.pdf ./graphic/swave_kirchhoff.eps>
(epstopdf)             \includegraphics on input line 1364.
Package epstopdf Info: Output file is already uptodate.

<./graphic/swave_kirchhoff-eps-converted-to.pdf, id=106, 421.575pt x 317.185pt>
File: ./graphic/swave_kirchhoff-eps-converted-to.pdf Graphic file (type pdf)
<use ./graphic/swave_kirchhoff-eps-converted-to.pdf>
Package pdftex.def Info: ./graphic/swave_kirchhoff-eps-converted-to.pdf used on
 input line 1364.
(pdftex.def)             Requested size: 357.12132pt x 268.69377pt.
Package epstopdf Info: Source file: <./graphic/pwave_kirchhoffpi3.eps>
(epstopdf)                    date: 2017-12-28 19:00:51
(epstopdf)                    size: 40609 bytes
(epstopdf)             Output file: <./graphic/pwave_kirchhoffpi3-eps-converted
-to.pdf>
(epstopdf)                    date: 2018-01-02 14:47:25
(epstopdf)                    size: 20301 bytes
(epstopdf)             Command: <epstopdf --outfile=./graphic/pwave_kirchhoffpi
3-eps-converted-to.pdf ./graphic/pwave_kirchhoffpi3.eps>
(epstopdf)             \includegraphics on input line 1369.
Package epstopdf Info: Output file is already uptodate.

<./graphic/pwave_kirchhoffpi3-eps-converted-to.pdf, id=107, 421.575pt x 317.185
pt>
File: ./graphic/pwave_kirchhoffpi3-eps-converted-to.pdf Graphic file (type pdf)

 <use ./graphic/pwave_kirchhoffpi3-eps-converted-to.pdf>
Package pdftex.def Info: ./graphic/pwave_kirchhoffpi3-eps-converted-to.pdf used
 on input line 1369.
(pdftex.def)             Requested size: 357.12132pt x 268.69377pt.
Package epstopdf Info: Source file: <./graphic/swave_kirchhoffpi3.eps>
(epstopdf)                    date: 2017-12-28 19:00:36
(epstopdf)                    size: 40617 bytes
(epstopdf)             Output file: <./graphic/swave_kirchhoffpi3-eps-converted
-to.pdf>
(epstopdf)                    date: 2018-01-02 14:47:25
(epstopdf)                    size: 20224 bytes
(epstopdf)             Command: <epstopdf --outfile=./graphic/swave_kirchhoffpi
3-eps-converted-to.pdf ./graphic/swave_kirchhoffpi3.eps>
(epstopdf)             \includegraphics on input line 1370.
Package epstopdf Info: Output file is already uptodate.

<./graphic/swave_kirchhoffpi3-eps-converted-to.pdf, id=108, 421.575pt x 317.185
pt>
File: ./graphic/swave_kirchhoffpi3-eps-converted-to.pdf Graphic file (type pdf)

 <use ./graphic/swave_kirchhoffpi3-eps-converted-to.pdf>
Package pdftex.def Info: ./graphic/swave_kirchhoffpi3-eps-converted-to.pdf used
 on input line 1370.
(pdftex.def)             Requested size: 357.12132pt x 268.69377pt.
 [28]
Underfull \vbox (badness 10000) has occurred while \output is active []

 [29 <./graphic/pwave_kirchhoffpi0-eps-converted-to.pdf> <./graphic/swave_kirch
hoffpi0-eps-converted-to.pdf>]
Underfull \vbox (badness 10000) has occurred while \output is active []

 [30 <./graphic/pwave_kirchhoff-eps-converted-to.pdf> <./graphic/swave_kirchhof
f-eps-converted-to.pdf>]
Underfull \vbox (badness 10000) has occurred while \output is active []

 [31 <./graphic/pwave_kirchhoffpi3-eps-converted-to.pdf> <./graphic/swave_kirch
hoffpi3-eps-converted-to.pdf>]
Overfull \hbox (3.63979pt too wide) in alignment at lines 1432--1445
 [] [] [] [] 
 []


Overfull \hbox (19.80634pt too wide) in alignment at lines 1468--1470
 [] [] [] [] 
 []

[32]
Underfull \hbox (badness 10000) in paragraph at lines 1490--1494

 []


Overfull \hbox (59.42242pt too wide) in alignment at lines 1499--1501
 [] [] [] [] 
 []

[33]
Package epstopdf Info: Source file: <./graphic/peanut_2pi.eps>
(epstopdf)                    date: 2017-12-11 11:53:02
(epstopdf)                    size: 55010 bytes
(epstopdf)             Output file: <./graphic/peanut_2pi-eps-converted-to.pdf>

(epstopdf)                    date: 2017-12-11 12:00:48
(epstopdf)                    size: 18265 bytes
(epstopdf)             Command: <epstopdf --outfile=./graphic/peanut_2pi-eps-co
nverted-to.pdf ./graphic/peanut_2pi.eps>
(epstopdf)             \includegraphics on input line 1530.
Package epstopdf Info: Output file is already uptodate.

<./graphic/peanut_2pi-eps-converted-to.pdf, id=167, 418.56375pt x 314.17375pt>
File: ./graphic/peanut_2pi-eps-converted-to.pdf Graphic file (type pdf)

<use ./graphic/peanut_2pi-eps-converted-to.pdf>
Package pdftex.def Info: ./graphic/peanut_2pi-eps-converted-to.pdf used on inpu
t line 1530.
(pdftex.def)             Requested size: 107.13844pt x 80.41765pt.
Package epstopdf Info: Source file: <./graphic/peanut_2pi_neumann.eps>
(epstopdf)                    date: 2017-12-21 17:46:44
(epstopdf)                    size: 58347 bytes
(epstopdf)             Output file: <./graphic/peanut_2pi_neumann-eps-converted
-to.pdf>
(epstopdf)                    date: 2018-01-02 14:48:57
(epstopdf)                    size: 21622 bytes
(epstopdf)             Command: <epstopdf --outfile=./graphic/peanut_2pi_neuman
n-eps-converted-to.pdf ./graphic/peanut_2pi_neumann.eps>
(epstopdf)             \includegraphics on input line 1531.
Package epstopdf Info: Output file is already uptodate.

<./graphic/peanut_2pi_neumann-eps-converted-to.pdf, id=168, 418.56375pt x 314.1
7375pt>
File: ./graphic/peanut_2pi_neumann-eps-converted-to.pdf Graphic file (type pdf)

 <use ./graphic/peanut_2pi_neumann-eps-converted-to.pdf>
Package pdftex.def Info: ./graphic/peanut_2pi_neumann-eps-converted-to.pdf used
 on input line 1531.
(pdftex.def)             Requested size: 107.13844pt x 80.41765pt.
Package epstopdf Info: Source file: <./graphic/peanut_2pi_impedance_1.eps>
(epstopdf)                    date: 2017-12-27 15:57:14
(epstopdf)                    size: 56447 bytes
(epstopdf)             Output file: <./graphic/peanut_2pi_impedance_1-eps-conve
rted-to.pdf>
(epstopdf)                    date: 2018-01-02 14:48:57
(epstopdf)                    size: 20507 bytes
(epstopdf)             Command: <epstopdf --outfile=./graphic/peanut_2pi_impeda
nce_1-eps-converted-to.pdf ./graphic/peanut_2pi_impedance_1.eps>
(epstopdf)             \includegraphics on input line 1532.
Package epstopdf Info: Output file is already uptodate.

<./graphic/peanut_2pi_impedance_1-eps-converted-to.pdf, id=169, 418.56375pt x 3
14.17375pt>
File: ./graphic/peanut_2pi_impedance_1-eps-converted-to.pdf Graphic file (type 
pdf)
 <use ./graphic/peanut_2pi_impedance_1-eps-converted-to.pdf>
Package pdftex.def Info: ./graphic/peanut_2pi_impedance_1-eps-converted-to.pdf 
used on input line 1532.
(pdftex.def)             Requested size: 107.13844pt x 80.41765pt.
Package epstopdf Info: Source file: <./graphic/peanut_2pi_transmission.eps>
(epstopdf)                    date: 2017-12-27 13:41:51
(epstopdf)                    size: 50534 bytes
(epstopdf)             Output file: <./graphic/peanut_2pi_transmission-eps-conv
erted-to.pdf>
(epstopdf)                    date: 2018-01-02 14:48:57
(epstopdf)                    size: 19644 bytes
(epstopdf)             Command: <epstopdf --outfile=./graphic/peanut_2pi_transm
ission-eps-converted-to.pdf ./graphic/peanut_2pi_transmission.eps>
(epstopdf)             \includegraphics on input line 1533.
Package epstopdf Info: Output file is already uptodate.

<./graphic/peanut_2pi_transmission-eps-converted-to.pdf, id=170, 418.56375pt x 
314.17375pt>
File: ./graphic/peanut_2pi_transmission-eps-converted-to.pdf Graphic file (type
 pdf)
 <use ./graphic/peanut_2pi_transmission-eps-converted-to.pdf>
Package pdftex.def Info: ./graphic/peanut_2pi_transmission-eps-converted-to.pdf
 used on input line 1533.
(pdftex.def)             Requested size: 107.13844pt x 80.41765pt.
Package epstopdf Info: Source file: <./graphic/peanut_3pi.eps>
(epstopdf)                    date: 2017-12-11 10:17:58
(epstopdf)                    size: 59513 bytes
(epstopdf)             Output file: <./graphic/peanut_3pi-eps-converted-to.pdf>

(epstopdf)                    date: 2017-12-11 10:42:04
(epstopdf)                    size: 19981 bytes
(epstopdf)             Command: <epstopdf --outfile=./graphic/peanut_3pi-eps-co
nverted-to.pdf ./graphic/peanut_3pi.eps>
(epstopdf)             \includegraphics on input line 1534.
Package epstopdf Info: Output file is already uptodate.

<./graphic/peanut_3pi-eps-converted-to.pdf, id=171, 418.56375pt x 314.17375pt>
File: ./graphic/peanut_3pi-eps-converted-to.pdf Graphic file (type pdf)

<use ./graphic/peanut_3pi-eps-converted-to.pdf>
Package pdftex.def Info: ./graphic/peanut_3pi-eps-converted-to.pdf used on inpu
t line 1534.
(pdftex.def)             Requested size: 107.13844pt x 80.41765pt.
Package epstopdf Info: Source file: <./graphic/peanut_3pi_neumann.eps>
(epstopdf)                    date: 2017-12-21 14:36:14
(epstopdf)                    size: 60380 bytes
(epstopdf)             Output file: <./graphic/peanut_3pi_neumann-eps-converted
-to.pdf>
(epstopdf)                    date: 2018-01-02 14:48:57
(epstopdf)                    size: 23117 bytes
(epstopdf)             Command: <epstopdf --outfile=./graphic/peanut_3pi_neuman
n-eps-converted-to.pdf ./graphic/peanut_3pi_neumann.eps>
(epstopdf)             \includegraphics on input line 1535.
Package epstopdf Info: Output file is already uptodate.

<./graphic/peanut_3pi_neumann-eps-converted-to.pdf, id=172, 418.56375pt x 314.1
7375pt>
File: ./graphic/peanut_3pi_neumann-eps-converted-to.pdf Graphic file (type pdf)

 <use ./graphic/peanut_3pi_neumann-eps-converted-to.pdf>
Package pdftex.def Info: ./graphic/peanut_3pi_neumann-eps-converted-to.pdf used
 on input line 1535.
(pdftex.def)             Requested size: 107.13844pt x 80.41765pt.
Package epstopdf Info: Source file: <./graphic/peanut_3pi_impedance_1.eps>
(epstopdf)                    date: 2017-12-27 15:57:03
(epstopdf)                    size: 59273 bytes
(epstopdf)             Output file: <./graphic/peanut_3pi_impedance_1-eps-conve
rted-to.pdf>
(epstopdf)                    date: 2018-01-02 14:48:57
(epstopdf)                    size: 21957 bytes
(epstopdf)             Command: <epstopdf --outfile=./graphic/peanut_3pi_impeda
nce_1-eps-converted-to.pdf ./graphic/peanut_3pi_impedance_1.eps>
(epstopdf)             \includegraphics on input line 1536.
Package epstopdf Info: Output file is already uptodate.

<./graphic/peanut_3pi_impedance_1-eps-converted-to.pdf, id=173, 418.56375pt x 3
14.17375pt>
File: ./graphic/peanut_3pi_impedance_1-eps-converted-to.pdf Graphic file (type 
pdf)
 <use ./graphic/peanut_3pi_impedance_1-eps-converted-to.pdf>
Package pdftex.def Info: ./graphic/peanut_3pi_impedance_1-eps-converted-to.pdf 
used on input line 1536.
(pdftex.def)             Requested size: 107.13844pt x 80.41765pt.
Package epstopdf Info: Source file: <./graphic/peanut_3pi_transmission.eps>
(epstopdf)                    date: 2017-12-27 13:43:02
(epstopdf)                    size: 54234 bytes
(epstopdf)             Output file: <./graphic/peanut_3pi_transmission-eps-conv
erted-to.pdf>
(epstopdf)                    date: 2018-01-02 14:48:57
(epstopdf)                    size: 21134 bytes
(epstopdf)             Command: <epstopdf --outfile=./graphic/peanut_3pi_transm
ission-eps-converted-to.pdf ./graphic/peanut_3pi_transmission.eps>
(epstopdf)             \includegraphics on input line 1537.
Package epstopdf Info: Output file is already uptodate.

<./graphic/peanut_3pi_transmission-eps-converted-to.pdf, id=174, 418.56375pt x 
314.17375pt>
File: ./graphic/peanut_3pi_transmission-eps-converted-to.pdf Graphic file (type
 pdf)
 <use ./graphic/peanut_3pi_transmission-eps-converted-to.pdf>
Package pdftex.def Info: ./graphic/peanut_3pi_transmission-eps-converted-to.pdf
 used on input line 1537.
(pdftex.def)             Requested size: 107.13844pt x 80.41765pt.
Package epstopdf Info: Source file: <./graphic/peanut_4pi.eps>
(epstopdf)                    date: 2017-12-11 10:23:12
(epstopdf)                    size: 60331 bytes
(epstopdf)             Output file: <./graphic/peanut_4pi-eps-converted-to.pdf>

(epstopdf)                    date: 2017-12-11 10:42:40
(epstopdf)                    size: 21433 bytes
(epstopdf)             Command: <epstopdf --outfile=./graphic/peanut_4pi-eps-co
nverted-to.pdf ./graphic/peanut_4pi.eps>
(epstopdf)             \includegraphics on input line 1538.
Package epstopdf Info: Output file is already uptodate.

<./graphic/peanut_4pi-eps-converted-to.pdf, id=175, 418.56375pt x 314.17375pt>
File: ./graphic/peanut_4pi-eps-converted-to.pdf Graphic file (type pdf)

<use ./graphic/peanut_4pi-eps-converted-to.pdf>
Package pdftex.def Info: ./graphic/peanut_4pi-eps-converted-to.pdf used on inpu
t line 1538.
(pdftex.def)             Requested size: 107.13844pt x 80.41765pt.
Package epstopdf Info: Source file: <./graphic/peanut_4pi_neumann.eps>
(epstopdf)                    date: 2017-12-26 18:40:29
(epstopdf)                    size: 62325 bytes
(epstopdf)             Output file: <./graphic/peanut_4pi_neumann-eps-converted
-to.pdf>
(epstopdf)                    date: 2018-01-02 14:48:57
(epstopdf)                    size: 24399 bytes
(epstopdf)             Command: <epstopdf --outfile=./graphic/peanut_4pi_neuman
n-eps-converted-to.pdf ./graphic/peanut_4pi_neumann.eps>
(epstopdf)             \includegraphics on input line 1539.
Package epstopdf Info: Output file is already uptodate.

<./graphic/peanut_4pi_neumann-eps-converted-to.pdf, id=176, 418.56375pt x 314.1
7375pt>
File: ./graphic/peanut_4pi_neumann-eps-converted-to.pdf Graphic file (type pdf)

 <use ./graphic/peanut_4pi_neumann-eps-converted-to.pdf>
Package pdftex.def Info: ./graphic/peanut_4pi_neumann-eps-converted-to.pdf used
 on input line 1539.
(pdftex.def)             Requested size: 107.13844pt x 80.41765pt.
Package epstopdf Info: Source file: <./graphic/peanut_4pi_impedance_1.eps>
(epstopdf)                    date: 2017-12-26 19:37:26
(epstopdf)                    size: 60565 bytes
(epstopdf)             Output file: <./graphic/peanut_4pi_impedance_1-eps-conve
rted-to.pdf>
(epstopdf)                    date: 2018-01-02 14:48:57
(epstopdf)                    size: 23069 bytes
(epstopdf)             Command: <epstopdf --outfile=./graphic/peanut_4pi_impeda
nce_1-eps-converted-to.pdf ./graphic/peanut_4pi_impedance_1.eps>
(epstopdf)             \includegraphics on input line 1540.
Package epstopdf Info: Output file is already uptodate.

<./graphic/peanut_4pi_impedance_1-eps-converted-to.pdf, id=177, 418.56375pt x 3
14.17375pt>
File: ./graphic/peanut_4pi_impedance_1-eps-converted-to.pdf Graphic file (type 
pdf)
 <use ./graphic/peanut_4pi_impedance_1-eps-converted-to.pdf>
Package pdftex.def Info: ./graphic/peanut_4pi_impedance_1-eps-converted-to.pdf 
used on input line 1540.
(pdftex.def)             Requested size: 107.13844pt x 80.41765pt.
Package epstopdf Info: Source file: <./graphic/peanut_4pi_transmission.eps>
(epstopdf)                    date: 2017-12-26 14:31:55
(epstopdf)                    size: 55810 bytes
(epstopdf)             Output file: <./graphic/peanut_4pi_transmission-eps-conv
erted-to.pdf>
(epstopdf)                    date: 2018-01-02 14:48:57
(epstopdf)                    size: 21777 bytes
(epstopdf)             Command: <epstopdf --outfile=./graphic/peanut_4pi_transm
ission-eps-converted-to.pdf ./graphic/peanut_4pi_transmission.eps>
(epstopdf)             \includegraphics on input line 1541.
Package epstopdf Info: Output file is already uptodate.

<./graphic/peanut_4pi_transmission-eps-converted-to.pdf, id=178, 418.56375pt x 
314.17375pt>
File: ./graphic/peanut_4pi_transmission-eps-converted-to.pdf Graphic file (type
 pdf)
 <use ./graphic/peanut_4pi_transmission-eps-converted-to.pdf>
Package pdftex.def Info: ./graphic/peanut_4pi_transmission-eps-converted-to.pdf
 used on input line 1541.
(pdftex.def)             Requested size: 107.13844pt x 80.41765pt.
Package epstopdf Info: Source file: <./graphic/rectangle_2pi.eps>
(epstopdf)                    date: 2017-12-11 11:56:44
(epstopdf)                    size: 45543 bytes
(epstopdf)             Output file: <./graphic/rectangle_2pi-eps-converted-to.p
df>
(epstopdf)                    date: 2017-12-11 12:00:50
(epstopdf)                    size: 15432 bytes
(epstopdf)             Command: <epstopdf --outfile=./graphic/rectangle_2pi-eps
-converted-to.pdf ./graphic/rectangle_2pi.eps>
(epstopdf)             \includegraphics on input line 1542.
Package epstopdf Info: Output file is already uptodate.

<./graphic/rectangle_2pi-eps-converted-to.pdf, id=179, 418.56375pt x 314.17375p
t>
File: ./graphic/rectangle_2pi-eps-converted-to.pdf Graphic file (type pdf)
 <use ./graphic/rectangle_2pi-eps-converted-to.pdf>
Package pdftex.def Info: ./graphic/rectangle_2pi-eps-converted-to.pdf used on i
nput line 1542.
(pdftex.def)             Requested size: 107.13844pt x 80.41765pt.
Package epstopdf Info: Source file: <./graphic/rectangle_2pi_neumann.eps>
(epstopdf)                    date: 2017-12-27 15:54:04
(epstopdf)                    size: 41147 bytes
(epstopdf)             Output file: <./graphic/rectangle_2pi_neumann-eps-conver
ted-to.pdf>
(epstopdf)                    date: 2018-01-02 14:48:57
(epstopdf)                    size: 16870 bytes
(epstopdf)             Command: <epstopdf --outfile=./graphic/rectangle_2pi_neu
mann-eps-converted-to.pdf ./graphic/rectangle_2pi_neumann.eps>
(epstopdf)             \includegraphics on input line 1543.
Package epstopdf Info: Output file is already uptodate.

<./graphic/rectangle_2pi_neumann-eps-converted-to.pdf, id=180, 418.56375pt x 31
4.17375pt>
File: ./graphic/rectangle_2pi_neumann-eps-converted-to.pdf Graphic file (type p
df)
 <use ./graphic/rectangle_2pi_neumann-eps-converted-to.pdf>
Package pdftex.def Info: ./graphic/rectangle_2pi_neumann-eps-converted-to.pdf u
sed on input line 1543.
(pdftex.def)             Requested size: 107.13844pt x 80.41765pt.
Package epstopdf Info: Source file: <./graphic/rectangle_2pi_impedance_1.eps>
(epstopdf)                    date: 2017-12-27 15:49:47
(epstopdf)                    size: 43452 bytes
(epstopdf)             Output file: <./graphic/rectangle_2pi_impedance_1-eps-co
nverted-to.pdf>
(epstopdf)                    date: 2018-01-02 14:48:57
(epstopdf)                    size: 17419 bytes
(epstopdf)             Command: <epstopdf --outfile=./graphic/rectangle_2pi_imp
edance_1-eps-converted-to.pdf ./graphic/rectangle_2pi_impedance_1.eps>
(epstopdf)             \includegraphics on input line 1544.
Package epstopdf Info: Output file is already uptodate.

<./graphic/rectangle_2pi_impedance_1-eps-converted-to.pdf, id=181, 418.56375pt 
x 314.17375pt>
File: ./graphic/rectangle_2pi_impedance_1-eps-converted-to.pdf Graphic file (ty
pe pdf)
 <use ./graphic/rectangle_2pi_impedance_1-eps-converted-to.pdf>
Package pdftex.def Info: ./graphic/rectangle_2pi_impedance_1-eps-converted-to.p
df used on input line 1544.
(pdftex.def)             Requested size: 107.13844pt x 80.41765pt.
Package epstopdf Info: Source file: <./graphic/rectangle_2pi_transmission.eps>
(epstopdf)                    date: 2017-12-27 13:39:43
(epstopdf)                    size: 40894 bytes
(epstopdf)             Output file: <./graphic/rectangle_2pi_transmission-eps-c
onverted-to.pdf>
(epstopdf)                    date: 2018-01-02 14:48:57
(epstopdf)                    size: 16799 bytes
(epstopdf)             Command: <epstopdf --outfile=./graphic/rectangle_2pi_tra
nsmission-eps-converted-to.pdf ./graphic/rectangle_2pi_transmission.eps>
(epstopdf)             \includegraphics on input line 1545.
Package epstopdf Info: Output file is already uptodate.

<./graphic/rectangle_2pi_transmission-eps-converted-to.pdf, id=182, 418.56375pt
 x 314.17375pt>
File: ./graphic/rectangle_2pi_transmission-eps-converted-to.pdf Graphic file (t
ype pdf)

<use ./graphic/rectangle_2pi_transmission-eps-converted-to.pdf>
Package pdftex.def Info: ./graphic/rectangle_2pi_transmission-eps-converted-to.
pdf used on input line 1545.
(pdftex.def)             Requested size: 107.13844pt x 80.41765pt.
Package epstopdf Info: Source file: <./graphic/rectangle_3pi.eps>
(epstopdf)                    date: 2017-12-11 10:20:18
(epstopdf)                    size: 47306 bytes
(epstopdf)             Output file: <./graphic/rectangle_3pi-eps-converted-to.p
df>
(epstopdf)                    date: 2017-12-11 10:42:05
(epstopdf)                    size: 16083 bytes
(epstopdf)             Command: <epstopdf --outfile=./graphic/rectangle_3pi-eps
-converted-to.pdf ./graphic/rectangle_3pi.eps>
(epstopdf)             \includegraphics on input line 1546.
Package epstopdf Info: Output file is already uptodate.

<./graphic/rectangle_3pi-eps-converted-to.pdf, id=183, 418.56375pt x 314.17375p
t>
File: ./graphic/rectangle_3pi-eps-converted-to.pdf Graphic file (type pdf)
 <use ./graphic/rectangle_3pi-eps-converted-to.pdf>
Package pdftex.def Info: ./graphic/rectangle_3pi-eps-converted-to.pdf used on i
nput line 1546.
(pdftex.def)             Requested size: 107.13844pt x 80.41765pt.
Package epstopdf Info: Source file: <./graphic/rectangle_3pi_neumann.eps>
(epstopdf)                    date: 2017-12-27 15:53:09
(epstopdf)                    size: 49156 bytes
(epstopdf)             Output file: <./graphic/rectangle_3pi_neumann-eps-conver
ted-to.pdf>
(epstopdf)                    date: 2018-01-02 14:48:57
(epstopdf)                    size: 18731 bytes
(epstopdf)             Command: <epstopdf --outfile=./graphic/rectangle_3pi_neu
mann-eps-converted-to.pdf ./graphic/rectangle_3pi_neumann.eps>
(epstopdf)             \includegraphics on input line 1547.
Package epstopdf Info: Output file is already uptodate.

<./graphic/rectangle_3pi_neumann-eps-converted-to.pdf, id=184, 418.56375pt x 31
4.17375pt>
File: ./graphic/rectangle_3pi_neumann-eps-converted-to.pdf Graphic file (type p
df)
 <use ./graphic/rectangle_3pi_neumann-eps-converted-to.pdf>
Package pdftex.def Info: ./graphic/rectangle_3pi_neumann-eps-converted-to.pdf u
sed on input line 1547.
(pdftex.def)             Requested size: 107.13844pt x 80.41765pt.
Package epstopdf Info: Source file: <./graphic/rectangle_3pi_impedance_1.eps>
(epstopdf)                    date: 2017-12-27 15:50:25
(epstopdf)                    size: 47323 bytes
(epstopdf)             Output file: <./graphic/rectangle_3pi_impedance_1-eps-co
nverted-to.pdf>
(epstopdf)                    date: 2018-01-02 14:48:57
(epstopdf)                    size: 18229 bytes
(epstopdf)             Command: <epstopdf --outfile=./graphic/rectangle_3pi_imp
edance_1-eps-converted-to.pdf ./graphic/rectangle_3pi_impedance_1.eps>
(epstopdf)             \includegraphics on input line 1548.
Package epstopdf Info: Output file is already uptodate.

<./graphic/rectangle_3pi_impedance_1-eps-converted-to.pdf, id=185, 418.56375pt 
x 314.17375pt>
File: ./graphic/rectangle_3pi_impedance_1-eps-converted-to.pdf Graphic file (ty
pe pdf)
 <use ./graphic/rectangle_3pi_impedance_1-eps-converted-to.pdf>
Package pdftex.def Info: ./graphic/rectangle_3pi_impedance_1-eps-converted-to.p
df used on input line 1548.
(pdftex.def)             Requested size: 107.13844pt x 80.41765pt.
Package epstopdf Info: Source file: <./graphic/rectangle_3pi_transmission.eps>
(epstopdf)                    date: 2017-12-27 13:39:05
(epstopdf)                    size: 42463 bytes
(epstopdf)             Output file: <./graphic/rectangle_3pi_transmission-eps-c
onverted-to.pdf>
(epstopdf)                    date: 2018-01-02 14:48:57
(epstopdf)                    size: 17426 bytes
(epstopdf)             Command: <epstopdf --outfile=./graphic/rectangle_3pi_tra
nsmission-eps-converted-to.pdf ./graphic/rectangle_3pi_transmission.eps>
(epstopdf)             \includegraphics on input line 1549.
Package epstopdf Info: Output file is already uptodate.

<./graphic/rectangle_3pi_transmission-eps-converted-to.pdf, id=186, 418.56375pt
 x 314.17375pt>
File: ./graphic/rectangle_3pi_transmission-eps-converted-to.pdf Graphic file (t
ype pdf)

<use ./graphic/rectangle_3pi_transmission-eps-converted-to.pdf>
Package pdftex.def Info: ./graphic/rectangle_3pi_transmission-eps-converted-to.
pdf used on input line 1549.
(pdftex.def)             Requested size: 107.13844pt x 80.41765pt.
Package epstopdf Info: Source file: <./graphic/rectangle_4pi.eps>
(epstopdf)                    date: 2017-12-11 10:21:20
(epstopdf)                    size: 49955 bytes
(epstopdf)             Output file: <./graphic/rectangle_4pi-eps-converted-to.p
df>
(epstopdf)                    date: 2017-12-11 10:42:42
(epstopdf)                    size: 16751 bytes
(epstopdf)             Command: <epstopdf --outfile=./graphic/rectangle_4pi-eps
-converted-to.pdf ./graphic/rectangle_4pi.eps>
(epstopdf)             \includegraphics on input line 1550.
Package epstopdf Info: Output file is already uptodate.

<./graphic/rectangle_4pi-eps-converted-to.pdf, id=187, 418.56375pt x 314.17375p
t>
File: ./graphic/rectangle_4pi-eps-converted-to.pdf Graphic file (type pdf)
 <use ./graphic/rectangle_4pi-eps-converted-to.pdf>
Package pdftex.def Info: ./graphic/rectangle_4pi-eps-converted-to.pdf used on i
nput line 1550.
(pdftex.def)             Requested size: 107.13844pt x 80.41765pt.
Package epstopdf Info: Source file: <./graphic/rectangle_4pi_neumann.eps>
(epstopdf)                    date: 2017-12-27 15:52:31
(epstopdf)                    size: 49388 bytes
(epstopdf)             Output file: <./graphic/rectangle_4pi_neumann-eps-conver
ted-to.pdf>
(epstopdf)                    date: 2018-01-02 14:48:57
(epstopdf)                    size: 19094 bytes
(epstopdf)             Command: <epstopdf --outfile=./graphic/rectangle_4pi_neu
mann-eps-converted-to.pdf ./graphic/rectangle_4pi_neumann.eps>
(epstopdf)             \includegraphics on input line 1551.
Package epstopdf Info: Output file is already uptodate.

<./graphic/rectangle_4pi_neumann-eps-converted-to.pdf, id=188, 418.56375pt x 31
4.17375pt>
File: ./graphic/rectangle_4pi_neumann-eps-converted-to.pdf Graphic file (type p
df)
 <use ./graphic/rectangle_4pi_neumann-eps-converted-to.pdf>
Package pdftex.def Info: ./graphic/rectangle_4pi_neumann-eps-converted-to.pdf u
sed on input line 1551.
(pdftex.def)             Requested size: 107.13844pt x 80.41765pt.
Package epstopdf Info: Source file: <./graphic/rectangle_4pi_impedance_1.eps>
(epstopdf)                    date: 2017-12-27 15:51:18
(epstopdf)                    size: 49900 bytes
(epstopdf)             Output file: <./graphic/rectangle_4pi_impedance_1-eps-co
nverted-to.pdf>
(epstopdf)                    date: 2018-01-02 14:48:57
(epstopdf)                    size: 18814 bytes
(epstopdf)             Command: <epstopdf --outfile=./graphic/rectangle_4pi_imp
edance_1-eps-converted-to.pdf ./graphic/rectangle_4pi_impedance_1.eps>
(epstopdf)             \includegraphics on input line 1552.
Package epstopdf Info: Output file is already uptodate.

<./graphic/rectangle_4pi_impedance_1-eps-converted-to.pdf, id=189, 418.56375pt 
x 314.17375pt>
File: ./graphic/rectangle_4pi_impedance_1-eps-converted-to.pdf Graphic file (ty
pe pdf)
 <use ./graphic/rectangle_4pi_impedance_1-eps-converted-to.pdf>
Package pdftex.def Info: ./graphic/rectangle_4pi_impedance_1-eps-converted-to.p
df used on input line 1552.
(pdftex.def)             Requested size: 107.13844pt x 80.41765pt.
Package epstopdf Info: Source file: <./graphic/rectangle_4pi_transmission.eps>
(epstopdf)                    date: 2017-12-27 13:38:05
(epstopdf)                    size: 41044 bytes
(epstopdf)             Output file: <./graphic/rectangle_4pi_transmission-eps-c
onverted-to.pdf>
(epstopdf)                    date: 2018-01-02 14:48:57
(epstopdf)                    size: 17119 bytes
(epstopdf)             Command: <epstopdf --outfile=./graphic/rectangle_4pi_tra
nsmission-eps-converted-to.pdf ./graphic/rectangle_4pi_transmission.eps>
(epstopdf)             \includegraphics on input line 1553.
Package epstopdf Info: Output file is already uptodate.

<./graphic/rectangle_4pi_transmission-eps-converted-to.pdf, id=190, 418.56375pt
 x 314.17375pt>
File: ./graphic/rectangle_4pi_transmission-eps-converted-to.pdf Graphic file (t
ype pdf)

<use ./graphic/rectangle_4pi_transmission-eps-converted-to.pdf>
Package pdftex.def Info: ./graphic/rectangle_4pi_transmission-eps-converted-to.
pdf used on input line 1553.
(pdftex.def)             Requested size: 107.13844pt x 80.41765pt.
Package epstopdf Info: Source file: <./graphic/p_leaf_2pi.eps>
(epstopdf)                    date: 2017-12-11 11:56:08
(epstopdf)                    size: 56434 bytes
(epstopdf)             Output file: <./graphic/p_leaf_2pi-eps-converted-to.pdf>

(epstopdf)                    date: 2017-12-11 12:00:49
(epstopdf)                    size: 18802 bytes
(epstopdf)             Command: <epstopdf --outfile=./graphic/p_leaf_2pi-eps-co
nverted-to.pdf ./graphic/p_leaf_2pi.eps>
(epstopdf)             \includegraphics on input line 1554.
Package epstopdf Info: Output file is already uptodate.

<./graphic/p_leaf_2pi-eps-converted-to.pdf, id=191, 418.56375pt x 314.17375pt>
File: ./graphic/p_leaf_2pi-eps-converted-to.pdf Graphic file (type pdf)

<use ./graphic/p_leaf_2pi-eps-converted-to.pdf>
Package pdftex.def Info: ./graphic/p_leaf_2pi-eps-converted-to.pdf used on inpu
t line 1554.
(pdftex.def)             Requested size: 107.13844pt x 80.41765pt.
Package epstopdf Info: Source file: <./graphic/p_leaf_2pi_neumann.eps>
(epstopdf)                    date: 2017-12-28 18:33:06
(epstopdf)                    size: 58066 bytes
(epstopdf)             Output file: <./graphic/p_leaf_2pi_neumann-eps-converted
-to.pdf>
(epstopdf)                    date: 2018-01-02 14:48:57
(epstopdf)                    size: 21573 bytes
(epstopdf)             Command: <epstopdf --outfile=./graphic/p_leaf_2pi_neuman
n-eps-converted-to.pdf ./graphic/p_leaf_2pi_neumann.eps>
(epstopdf)             \includegraphics on input line 1555.
Package epstopdf Info: Output file is already uptodate.

<./graphic/p_leaf_2pi_neumann-eps-converted-to.pdf, id=192, 418.56375pt x 314.1
7375pt>
File: ./graphic/p_leaf_2pi_neumann-eps-converted-to.pdf Graphic file (type pdf)

 <use ./graphic/p_leaf_2pi_neumann-eps-converted-to.pdf>
Package pdftex.def Info: ./graphic/p_leaf_2pi_neumann-eps-converted-to.pdf used
 on input line 1555.
(pdftex.def)             Requested size: 107.13844pt x 80.41765pt.
Package epstopdf Info: Source file: <./graphic/p_leaf_2pi_impedance_1.eps>
(epstopdf)                    date: 2018-01-02 14:48:57
(epstopdf)                    size: 57200 bytes
(epstopdf)             Output file: <./graphic/p_leaf_2pi_impedance_1-eps-conve
rted-to.pdf>
(epstopdf)                    date: 2018-01-02 14:48:57
(epstopdf)                    size: 20952 bytes
(epstopdf)             Command: <epstopdf --outfile=./graphic/p_leaf_2pi_impeda
nce_1-eps-converted-to.pdf ./graphic/p_leaf_2pi_impedance_1.eps>
(epstopdf)             \includegraphics on input line 1556.
Package epstopdf Info: Output file is already uptodate.

<./graphic/p_leaf_2pi_impedance_1-eps-converted-to.pdf, id=193, 418.56375pt x 3
14.17375pt>
File: ./graphic/p_leaf_2pi_impedance_1-eps-converted-to.pdf Graphic file (type 
pdf)
 <use ./graphic/p_leaf_2pi_impedance_1-eps-converted-to.pdf>
Package pdftex.def Info: ./graphic/p_leaf_2pi_impedance_1-eps-converted-to.pdf 
used on input line 1556.
(pdftex.def)             Requested size: 107.13844pt x 80.41765pt.
Package epstopdf Info: Source file: <./graphic/p_leaf_2pi_transmission.eps>
(epstopdf)                    date: 2017-12-28 18:38:24
(epstopdf)                    size: 50595 bytes
(epstopdf)             Output file: <./graphic/p_leaf_2pi_transmission-eps-conv
erted-to.pdf>
(epstopdf)                    date: 2018-01-02 14:48:57
(epstopdf)                    size: 19203 bytes
(epstopdf)             Command: <epstopdf --outfile=./graphic/p_leaf_2pi_transm
ission-eps-converted-to.pdf ./graphic/p_leaf_2pi_transmission.eps>
(epstopdf)             \includegraphics on input line 1557.
Package epstopdf Info: Output file is already uptodate.

<./graphic/p_leaf_2pi_transmission-eps-converted-to.pdf, id=194, 418.56375pt x 
314.17375pt>
File: ./graphic/p_leaf_2pi_transmission-eps-converted-to.pdf Graphic file (type
 pdf)
 <use ./graphic/p_leaf_2pi_transmission-eps-converted-to.pdf>
Package pdftex.def Info: ./graphic/p_leaf_2pi_transmission-eps-converted-to.pdf
 used on input line 1557.
(pdftex.def)             Requested size: 107.13844pt x 80.41765pt.
Package epstopdf Info: Source file: <./graphic/p_leaf_3pi.eps>
(epstopdf)                    date: 2017-12-11 10:19:10
(epstopdf)                    size: 59726 bytes
(epstopdf)             Output file: <./graphic/p_leaf_3pi-eps-converted-to.pdf>

(epstopdf)                    date: 2017-12-11 10:42:04
(epstopdf)                    size: 20429 bytes
(epstopdf)             Command: <epstopdf --outfile=./graphic/p_leaf_3pi-eps-co
nverted-to.pdf ./graphic/p_leaf_3pi.eps>
(epstopdf)             \includegraphics on input line 1558.
Package epstopdf Info: Output file is already uptodate.

<./graphic/p_leaf_3pi-eps-converted-to.pdf, id=195, 418.56375pt x 314.17375pt>
File: ./graphic/p_leaf_3pi-eps-converted-to.pdf Graphic file (type pdf)

<use ./graphic/p_leaf_3pi-eps-converted-to.pdf>
Package pdftex.def Info: ./graphic/p_leaf_3pi-eps-converted-to.pdf used on inpu
t line 1558.
(pdftex.def)             Requested size: 107.13844pt x 80.41765pt.
Package epstopdf Info: Source file: <./graphic/p_leaf_3pi_neumann.eps>
(epstopdf)                    date: 2017-12-28 18:33:51
(epstopdf)                    size: 61092 bytes
(epstopdf)             Output file: <./graphic/p_leaf_3pi_neumann-eps-converted
-to.pdf>
(epstopdf)                    date: 2018-01-02 14:48:57
(epstopdf)                    size: 23390 bytes
(epstopdf)             Command: <epstopdf --outfile=./graphic/p_leaf_3pi_neuman
n-eps-converted-to.pdf ./graphic/p_leaf_3pi_neumann.eps>
(epstopdf)             \includegraphics on input line 1559.
Package epstopdf Info: Output file is already uptodate.

<./graphic/p_leaf_3pi_neumann-eps-converted-to.pdf, id=196, 418.56375pt x 314.1
7375pt>
File: ./graphic/p_leaf_3pi_neumann-eps-converted-to.pdf Graphic file (type pdf)

 <use ./graphic/p_leaf_3pi_neumann-eps-converted-to.pdf>
Package pdftex.def Info: ./graphic/p_leaf_3pi_neumann-eps-converted-to.pdf used
 on input line 1559.
(pdftex.def)             Requested size: 107.13844pt x 80.41765pt.
Package epstopdf Info: Source file: <./graphic/p_leaf_3pi_impedance_1.eps>
(epstopdf)                    date: 2017-12-28 18:37:13
(epstopdf)                    size: 60031 bytes
(epstopdf)             Output file: <./graphic/p_leaf_3pi_impedance_1-eps-conve
rted-to.pdf>
(epstopdf)                    date: 2018-01-02 14:48:57
(epstopdf)                    size: 22553 bytes
(epstopdf)             Command: <epstopdf --outfile=./graphic/p_leaf_3pi_impeda
nce_1-eps-converted-to.pdf ./graphic/p_leaf_3pi_impedance_1.eps>
(epstopdf)             \includegraphics on input line 1560.
Package epstopdf Info: Output file is already uptodate.

<./graphic/p_leaf_3pi_impedance_1-eps-converted-to.pdf, id=197, 418.56375pt x 3
14.17375pt>
File: ./graphic/p_leaf_3pi_impedance_1-eps-converted-to.pdf Graphic file (type 
pdf)
 <use ./graphic/p_leaf_3pi_impedance_1-eps-converted-to.pdf>
Package pdftex.def Info: ./graphic/p_leaf_3pi_impedance_1-eps-converted-to.pdf 
used on input line 1560.
(pdftex.def)             Requested size: 107.13844pt x 80.41765pt.
Package epstopdf Info: Source file: <./graphic/p_leaf_3pi_transmission.eps>
(epstopdf)                    date: 2017-12-28 18:39:07
(epstopdf)                    size: 57329 bytes
(epstopdf)             Output file: <./graphic/p_leaf_3pi_transmission-eps-conv
erted-to.pdf>
(epstopdf)                    date: 2018-01-02 14:48:57
(epstopdf)                    size: 21411 bytes
(epstopdf)             Command: <epstopdf --outfile=./graphic/p_leaf_3pi_transm
ission-eps-converted-to.pdf ./graphic/p_leaf_3pi_transmission.eps>
(epstopdf)             \includegraphics on input line 1561.
Package epstopdf Info: Output file is already uptodate.

<./graphic/p_leaf_3pi_transmission-eps-converted-to.pdf, id=198, 418.56375pt x 
314.17375pt>
File: ./graphic/p_leaf_3pi_transmission-eps-converted-to.pdf Graphic file (type
 pdf)
 <use ./graphic/p_leaf_3pi_transmission-eps-converted-to.pdf>
Package pdftex.def Info: ./graphic/p_leaf_3pi_transmission-eps-converted-to.pdf
 used on input line 1561.
(pdftex.def)             Requested size: 107.13844pt x 80.41765pt.
Package epstopdf Info: Source file: <./graphic/p_leaf_4pi.eps>
(epstopdf)                    date: 2017-12-11 10:22:00
(epstopdf)                    size: 60864 bytes
(epstopdf)             Output file: <./graphic/p_leaf_4pi-eps-converted-to.pdf>

(epstopdf)                    date: 2017-12-11 10:42:41
(epstopdf)                    size: 21615 bytes
(epstopdf)             Command: <epstopdf --outfile=./graphic/p_leaf_4pi-eps-co
nverted-to.pdf ./graphic/p_leaf_4pi.eps>
(epstopdf)             \includegraphics on input line 1562.
Package epstopdf Info: Output file is already uptodate.

<./graphic/p_leaf_4pi-eps-converted-to.pdf, id=199, 418.56375pt x 314.17375pt>
File: ./graphic/p_leaf_4pi-eps-converted-to.pdf Graphic file (type pdf)

<use ./graphic/p_leaf_4pi-eps-converted-to.pdf>
Package pdftex.def Info: ./graphic/p_leaf_4pi-eps-converted-to.pdf used on inpu
t line 1562.
(pdftex.def)             Requested size: 107.13844pt x 80.41765pt.
Package epstopdf Info: Source file: <./graphic/p_leaf_4pi_neumann.eps>
(epstopdf)                    date: 2017-12-28 18:34:34
(epstopdf)                    size: 62386 bytes
(epstopdf)             Output file: <./graphic/p_leaf_4pi_neumann-eps-converted
-to.pdf>
(epstopdf)                    date: 2018-01-02 14:48:57
(epstopdf)                    size: 24601 bytes
(epstopdf)             Command: <epstopdf --outfile=./graphic/p_leaf_4pi_neuman
n-eps-converted-to.pdf ./graphic/p_leaf_4pi_neumann.eps>
(epstopdf)             \includegraphics on input line 1563.
Package epstopdf Info: Output file is already uptodate.

<./graphic/p_leaf_4pi_neumann-eps-converted-to.pdf, id=200, 418.56375pt x 314.1
7375pt>
File: ./graphic/p_leaf_4pi_neumann-eps-converted-to.pdf Graphic file (type pdf)

 <use ./graphic/p_leaf_4pi_neumann-eps-converted-to.pdf>
Package pdftex.def Info: ./graphic/p_leaf_4pi_neumann-eps-converted-to.pdf used
 on input line 1563.
(pdftex.def)             Requested size: 107.13844pt x 80.41765pt.
Package epstopdf Info: Source file: <./graphic/p_leaf_4pi_impedance_1.eps>
(epstopdf)                    date: 2017-12-28 18:35:40
(epstopdf)                    size: 60870 bytes
(epstopdf)             Output file: <./graphic/p_leaf_4pi_impedance_1-eps-conve
rted-to.pdf>
(epstopdf)                    date: 2018-01-02 14:48:57
(epstopdf)                    size: 23803 bytes
(epstopdf)             Command: <epstopdf --outfile=./graphic/p_leaf_4pi_impeda
nce_1-eps-converted-to.pdf ./graphic/p_leaf_4pi_impedance_1.eps>
(epstopdf)             \includegraphics on input line 1564.
Package epstopdf Info: Output file is already uptodate.

<./graphic/p_leaf_4pi_impedance_1-eps-converted-to.pdf, id=201, 418.56375pt x 3
14.17375pt>
File: ./graphic/p_leaf_4pi_impedance_1-eps-converted-to.pdf Graphic file (type 
pdf)
 <use ./graphic/p_leaf_4pi_impedance_1-eps-converted-to.pdf>
Package pdftex.def Info: ./graphic/p_leaf_4pi_impedance_1-eps-converted-to.pdf 
used on input line 1564.
(pdftex.def)             Requested size: 107.13844pt x 80.41765pt.
Package epstopdf Info: Source file: <./graphic/p_leaf_4pi_transmission.eps>
(epstopdf)                    date: 2017-12-28 18:39:47
(epstopdf)                    size: 58302 bytes
(epstopdf)             Output file: <./graphic/p_leaf_4pi_transmission-eps-conv
erted-to.pdf>
(epstopdf)                    date: 2018-01-02 14:48:57
(epstopdf)                    size: 22304 bytes
(epstopdf)             Command: <epstopdf --outfile=./graphic/p_leaf_4pi_transm
ission-eps-converted-to.pdf ./graphic/p_leaf_4pi_transmission.eps>
(epstopdf)             \includegraphics on input line 1565.
Package epstopdf Info: Output file is already uptodate.

<./graphic/p_leaf_4pi_transmission-eps-converted-to.pdf, id=202, 418.56375pt x 
314.17375pt>
File: ./graphic/p_leaf_4pi_transmission-eps-converted-to.pdf Graphic file (type
 pdf)
 <use ./graphic/p_leaf_4pi_transmission-eps-converted-to.pdf>
Package pdftex.def Info: ./graphic/p_leaf_4pi_transmission-eps-converted-to.pdf
 used on input line 1565.
(pdftex.def)             Requested size: 107.13844pt x 80.41765pt.


LaTeX Warning: Float too large for page by 111.25883pt on input line 1569.

Package epstopdf Info: Source file: <./graphic_phase/circle_r_10_k_4_vector.eps
>
(epstopdf)                    date: 2018-03-12 18:32:01
(epstopdf)                    size: 388833 bytes
(epstopdf)             Output file: <./graphic_phase/circle_r_10_k_4_vector-eps
-converted-to.pdf>
(epstopdf)                    date: 2018-03-12 18:32:01
(epstopdf)                    size: 21675 bytes
(epstopdf)             Command: <epstopdf --outfile=./graphic_phase/circle_r_10
_k_4_vector-eps-converted-to.pdf ./graphic_phase/circle_r_10_k_4_vector.eps>
(epstopdf)             \includegraphics on input line 1575.
Package epstopdf Info: Output file is already uptodate.

<./graphic_phase/circle_r_10_k_4_vector-eps-converted-to.pdf, id=203, 562.1pt x
 421.575pt>
File: ./graphic_phase/circle_r_10_k_4_vector-eps-converted-to.pdf Graphic file 
(type pdf)
 <use ./graphic_phase/circle_r_10_k_4_vector-eps-converted-to.pdf>
Package pdftex.def Info: ./graphic_phase/circle_r_10_k_4_vector-eps-converted-t
o.pdf used on input line 1575.
(pdftex.def)             Requested size: 107.13844pt x 80.35095pt.
Package epstopdf Info: Source file: <./graphic_phase/circle_r_10_k_4_scalar.eps
>
(epstopdf)                    date: 2018-03-12 18:32:01
(epstopdf)                    size: 388629 bytes
(epstopdf)             Output file: <./graphic_phase/circle_r_10_k_4_scalar-eps
-converted-to.pdf>
(epstopdf)                    date: 2018-03-12 18:32:01
(epstopdf)                    size: 22118 bytes
(epstopdf)             Command: <epstopdf --outfile=./graphic_phase/circle_r_10
_k_4_scalar-eps-converted-to.pdf ./graphic_phase/circle_r_10_k_4_scalar.eps>
(epstopdf)             \includegraphics on input line 1576.
Package epstopdf Info: Output file is already uptodate.

<./graphic_phase/circle_r_10_k_4_scalar-eps-converted-to.pdf, id=204, 562.1pt x
 421.575pt>
File: ./graphic_phase/circle_r_10_k_4_scalar-eps-converted-to.pdf Graphic file 
(type pdf)
 <use ./graphic_phase/circle_r_10_k_4_scalar-eps-converted-to.pdf>
Package pdftex.def Info: ./graphic_phase/circle_r_10_k_4_scalar-eps-converted-t
o.pdf used on input line 1576.
(pdftex.def)             Requested size: 107.13844pt x 80.35095pt.
Package epstopdf Info: Source file: <./graphic_phase/circle_r_10_k_4_phaseless_
n_128_bias_100.eps>
(epstopdf)                    date: 2018-03-12 18:32:01
(epstopdf)                    size: 388862 bytes
(epstopdf)             Output file: <./graphic_phase/circle_r_10_k_4_phaseless_
n_128_bias_100-eps-converted-to.pdf>
(epstopdf)                    date: 2018-03-12 18:32:01
(epstopdf)                    size: 26608 bytes
(epstopdf)             Command: <epstopdf --outfile=./graphic_phase/circle_r_10
_k_4_phaseless_n_128_bias_100-eps-converted-to.pdf ./graphic_phase/circle_r_10_
k_4_phaseless_n_128_bias_100.eps>
(epstopdf)             \includegraphics on input line 1577.
Package epstopdf Info: Output file is already uptodate.

<./graphic_phase/circle_r_10_k_4_phaseless_n_128_bias_100-eps-converted-to.pdf,
 id=205, 562.1pt x 421.575pt>
File: ./graphic_phase/circle_r_10_k_4_phaseless_n_128_bias_100-eps-converted-to
.pdf Graphic file (type pdf)

<use ./graphic_phase/circle_r_10_k_4_phaseless_n_128_bias_100-eps-converted-to.
pdf>
Package pdftex.def Info: ./graphic_phase/circle_r_10_k_4_phaseless_n_128_bias_1
00-eps-converted-to.pdf used on input line 1577.
(pdftex.def)             Requested size: 107.13844pt x 80.35095pt.
Package epstopdf Info: Source file: <./graphic_phase/circle_r_10_k_4_phaseless_
n_512_bias_100.eps>
(epstopdf)                    date: 2018-03-12 18:32:01
(epstopdf)                    size: 388861 bytes
(epstopdf)             Output file: <./graphic_phase/circle_r_10_k_4_phaseless_
n_512_bias_100-eps-converted-to.pdf>
(epstopdf)                    date: 2018-03-12 18:32:01
(epstopdf)                    size: 26650 bytes
(epstopdf)             Command: <epstopdf --outfile=./graphic_phase/circle_r_10
_k_4_phaseless_n_512_bias_100-eps-converted-to.pdf ./graphic_phase/circle_r_10_
k_4_phaseless_n_512_bias_100.eps>
(epstopdf)             \includegraphics on input line 1578.
Package epstopdf Info: Output file is already uptodate.

<./graphic_phase/circle_r_10_k_4_phaseless_n_512_bias_100-eps-converted-to.pdf,
 id=206, 562.1pt x 421.575pt>
File: ./graphic_phase/circle_r_10_k_4_phaseless_n_512_bias_100-eps-converted-to
.pdf Graphic file (type pdf)

<use ./graphic_phase/circle_r_10_k_4_phaseless_n_512_bias_100-eps-converted-to.
pdf>
Package pdftex.def Info: ./graphic_phase/circle_r_10_k_4_phaseless_n_512_bias_1
00-eps-converted-to.pdf used on input line 1578.
(pdftex.def)             Requested size: 107.13844pt x 80.35095pt.
Package epstopdf Info: Source file: <./graphic_phase/circle_r_100_k_4_vector.ep
s>
(epstopdf)                    date: 2018-03-12 18:32:01
(epstopdf)                    size: 388847 bytes
(epstopdf)             Output file: <./graphic_phase/circle_r_100_k_4_vector-ep
s-converted-to.pdf>
(epstopdf)                    date: 2018-03-12 18:32:01
(epstopdf)                    size: 21698 bytes
(epstopdf)             Command: <epstopdf --outfile=./graphic_phase/circle_r_10
0_k_4_vector-eps-converted-to.pdf ./graphic_phase/circle_r_100_k_4_vector.eps>
(epstopdf)             \includegraphics on input line 1579.
Package epstopdf Info: Output file is already uptodate.

<./graphic_phase/circle_r_100_k_4_vector-eps-converted-to.pdf, id=207, 562.1pt 
x 421.575pt>
File: ./graphic_phase/circle_r_100_k_4_vector-eps-converted-to.pdf Graphic file
 (type pdf)

<use ./graphic_phase/circle_r_100_k_4_vector-eps-converted-to.pdf>
Package pdftex.def Info: ./graphic_phase/circle_r_100_k_4_vector-eps-converted-
to.pdf used on input line 1579.
(pdftex.def)             Requested size: 107.13844pt x 80.35095pt.
Package epstopdf Info: Source file: <./graphic_phase/circle_r_100_k_4_scalar.ep
s>
(epstopdf)                    date: 2018-03-12 18:32:01
(epstopdf)                    size: 388848 bytes
(epstopdf)             Output file: <./graphic_phase/circle_r_100_k_4_scalar-ep
s-converted-to.pdf>
(epstopdf)                    date: 2018-03-12 18:32:01
(epstopdf)                    size: 21541 bytes
(epstopdf)             Command: <epstopdf --outfile=./graphic_phase/circle_r_10
0_k_4_scalar-eps-converted-to.pdf ./graphic_phase/circle_r_100_k_4_scalar.eps>
(epstopdf)             \includegraphics on input line 1580.
Package epstopdf Info: Output file is already uptodate.

<./graphic_phase/circle_r_100_k_4_scalar-eps-converted-to.pdf, id=208, 562.1pt 
x 421.575pt>
File: ./graphic_phase/circle_r_100_k_4_scalar-eps-converted-to.pdf Graphic file
 (type pdf)

<use ./graphic_phase/circle_r_100_k_4_scalar-eps-converted-to.pdf>
Package pdftex.def Info: ./graphic_phase/circle_r_100_k_4_scalar-eps-converted-
to.pdf used on input line 1580.
(pdftex.def)             Requested size: 107.13844pt x 80.35095pt.
Package epstopdf Info: Source file: <./graphic_phase/circle_r_100_k_4_phaseless
_n_128_bias_100.eps>
(epstopdf)                    date: 2018-03-12 18:32:01
(epstopdf)                    size: 388861 bytes
(epstopdf)             Output file: <./graphic_phase/circle_r_100_k_4_phaseless
_n_128_bias_100-eps-converted-to.pdf>
(epstopdf)                    date: 2018-03-12 18:32:01
(epstopdf)                    size: 29754 bytes
(epstopdf)             Command: <epstopdf --outfile=./graphic_phase/circle_r_10
0_k_4_phaseless_n_128_bias_100-eps-converted-to.pdf ./graphic_phase/circle_r_10
0_k_4_phaseless_n_128_bias_100.eps>
(epstopdf)             \includegraphics on input line 1581.
Package epstopdf Info: Output file is already uptodate.

<./graphic_phase/circle_r_100_k_4_phaseless_n_128_bias_100-eps-converted-to.pdf
, id=209, 562.1pt x 421.575pt>
File: ./graphic_phase/circle_r_100_k_4_phaseless_n_128_bias_100-eps-converted-t
o.pdf Graphic file (type pdf)

<use ./graphic_phase/circle_r_100_k_4_phaseless_n_128_bias_100-eps-converted-to
.pdf>
Package pdftex.def Info: ./graphic_phase/circle_r_100_k_4_phaseless_n_128_bias_
100-eps-converted-to.pdf used on input line 1581.
(pdftex.def)             Requested size: 107.13844pt x 80.35095pt.
Package epstopdf Info: Source file: <./graphic_phase/circle_r_100_k_4_phaseless
_n_512_bias_100.eps>
(epstopdf)                    date: 2018-03-12 18:32:01
(epstopdf)                    size: 388865 bytes
(epstopdf)             Output file: <./graphic_phase/circle_r_100_k_4_phaseless
_n_512_bias_100-eps-converted-to.pdf>
(epstopdf)                    date: 2018-03-12 18:32:01
(epstopdf)                    size: 25186 bytes
(epstopdf)             Command: <epstopdf --outfile=./graphic_phase/circle_r_10
0_k_4_phaseless_n_512_bias_100-eps-converted-to.pdf ./graphic_phase/circle_r_10
0_k_4_phaseless_n_512_bias_100.eps>
(epstopdf)             \includegraphics on input line 1582.
Package epstopdf Info: Output file is already uptodate.

<./graphic_phase/circle_r_100_k_4_phaseless_n_512_bias_100-eps-converted-to.pdf
, id=210, 562.1pt x 421.575pt>
File: ./graphic_phase/circle_r_100_k_4_phaseless_n_512_bias_100-eps-converted-t
o.pdf Graphic file (type pdf)

<use ./graphic_phase/circle_r_100_k_4_phaseless_n_512_bias_100-eps-converted-to
.pdf>
Package pdftex.def Info: ./graphic_phase/circle_r_100_k_4_phaseless_n_512_bias_
100-eps-converted-to.pdf used on input line 1582.
(pdftex.def)             Requested size: 107.13844pt x 80.35095pt.
Package epstopdf Info: Source file: <./graphic_phase/peanut_r_10_k_4_vector.eps
>
(epstopdf)                    date: 2018-03-12 18:32:01
(epstopdf)                    size: 389051 bytes
(epstopdf)             Output file: <./graphic_phase/peanut_r_10_k_4_vector-eps
-converted-to.pdf>
(epstopdf)                    date: 2018-03-12 18:32:01
(epstopdf)                    size: 19170 bytes
(epstopdf)             Command: <epstopdf --outfile=./graphic_phase/peanut_r_10
_k_4_vector-eps-converted-to.pdf ./graphic_phase/peanut_r_10_k_4_vector.eps>
(epstopdf)             \includegraphics on input line 1588.
Package epstopdf Info: Output file is already uptodate.

<./graphic_phase/peanut_r_10_k_4_vector-eps-converted-to.pdf, id=211, 562.1pt x
 421.575pt>
File: ./graphic_phase/peanut_r_10_k_4_vector-eps-converted-to.pdf Graphic file 
(type pdf)
 <use ./graphic_phase/peanut_r_10_k_4_vector-eps-converted-to.pdf>
Package pdftex.def Info: ./graphic_phase/peanut_r_10_k_4_vector-eps-converted-t
o.pdf used on input line 1588.
(pdftex.def)             Requested size: 107.13844pt x 80.35095pt.
Package epstopdf Info: Source file: <./graphic_phase/peanut_r_10_k_4_scalar.eps
>
(epstopdf)                    date: 2018-03-12 18:32:01
(epstopdf)                    size: 389035 bytes
(epstopdf)             Output file: <./graphic_phase/peanut_r_10_k_4_scalar-eps
-converted-to.pdf>
(epstopdf)                    date: 2018-03-12 18:32:01
(epstopdf)                    size: 19209 bytes
(epstopdf)             Command: <epstopdf --outfile=./graphic_phase/peanut_r_10
_k_4_scalar-eps-converted-to.pdf ./graphic_phase/peanut_r_10_k_4_scalar.eps>
(epstopdf)             \includegraphics on input line 1589.
Package epstopdf Info: Output file is already uptodate.

<./graphic_phase/peanut_r_10_k_4_scalar-eps-converted-to.pdf, id=212, 562.1pt x
 421.575pt>
File: ./graphic_phase/peanut_r_10_k_4_scalar-eps-converted-to.pdf Graphic file 
(type pdf)
 <use ./graphic_phase/peanut_r_10_k_4_scalar-eps-converted-to.pdf>
Package pdftex.def Info: ./graphic_phase/peanut_r_10_k_4_scalar-eps-converted-t
o.pdf used on input line 1589.
(pdftex.def)             Requested size: 107.13844pt x 80.35095pt.
Package epstopdf Info: Source file: <./graphic_phase/peanut_r_10_k_4_phaseless_
n_128_bias_100.eps>
(epstopdf)                    date: 2018-03-12 18:32:01
(epstopdf)                    size: 389283 bytes
(epstopdf)             Output file: <./graphic_phase/peanut_r_10_k_4_phaseless_
n_128_bias_100-eps-converted-to.pdf>
(epstopdf)                    date: 2018-03-12 18:32:01
(epstopdf)                    size: 24225 bytes
(epstopdf)             Command: <epstopdf --outfile=./graphic_phase/peanut_r_10
_k_4_phaseless_n_128_bias_100-eps-converted-to.pdf ./graphic_phase/peanut_r_10_
k_4_phaseless_n_128_bias_100.eps>
(epstopdf)             \includegraphics on input line 1590.
Package epstopdf Info: Output file is already uptodate.

<./graphic_phase/peanut_r_10_k_4_phaseless_n_128_bias_100-eps-converted-to.pdf,
 id=213, 562.1pt x 421.575pt>
File: ./graphic_phase/peanut_r_10_k_4_phaseless_n_128_bias_100-eps-converted-to
.pdf Graphic file (type pdf)

<use ./graphic_phase/peanut_r_10_k_4_phaseless_n_128_bias_100-eps-converted-to.
pdf>
Package pdftex.def Info: ./graphic_phase/peanut_r_10_k_4_phaseless_n_128_bias_1
00-eps-converted-to.pdf used on input line 1590.
(pdftex.def)             Requested size: 107.13844pt x 80.35095pt.
Package epstopdf Info: Source file: <./graphic_phase/peanut_r_10_k_4_phaseless_
n_512_bias_100.eps>
(epstopdf)                    date: 2018-03-12 18:32:01
(epstopdf)                    size: 389284 bytes
(epstopdf)             Output file: <./graphic_phase/peanut_r_10_k_4_phaseless_
n_512_bias_100-eps-converted-to.pdf>
(epstopdf)                    date: 2018-03-12 18:32:01
(epstopdf)                    size: 22420 bytes
(epstopdf)             Command: <epstopdf --outfile=./graphic_phase/peanut_r_10
_k_4_phaseless_n_512_bias_100-eps-converted-to.pdf ./graphic_phase/peanut_r_10_
k_4_phaseless_n_512_bias_100.eps>
(epstopdf)             \includegraphics on input line 1591.
Package epstopdf Info: Output file is already uptodate.

<./graphic_phase/peanut_r_10_k_4_phaseless_n_512_bias_100-eps-converted-to.pdf,
 id=214, 562.1pt x 421.575pt>
File: ./graphic_phase/peanut_r_10_k_4_phaseless_n_512_bias_100-eps-converted-to
.pdf Graphic file (type pdf)

<use ./graphic_phase/peanut_r_10_k_4_phaseless_n_512_bias_100-eps-converted-to.
pdf>
Package pdftex.def Info: ./graphic_phase/peanut_r_10_k_4_phaseless_n_512_bias_1
00-eps-converted-to.pdf used on input line 1591.
(pdftex.def)             Requested size: 107.13844pt x 80.35095pt.
Package epstopdf Info: Source file: <./graphic_phase/5-leaf_r_10_k_4_vector.eps
>
(epstopdf)                    date: 2018-03-12 18:32:00
(epstopdf)                    size: 389266 bytes
(epstopdf)             Output file: <./graphic_phase/5-leaf_r_10_k_4_vector-eps
-converted-to.pdf>
(epstopdf)                    date: 2018-03-12 18:32:00
(epstopdf)                    size: 24841 bytes
(epstopdf)             Command: <epstopdf --outfile=./graphic_phase/5-leaf_r_10
_k_4_vector-eps-converted-to.pdf ./graphic_phase/5-leaf_r_10_k_4_vector.eps>
(epstopdf)             \includegraphics on input line 1596.
Package epstopdf Info: Output file is already uptodate.

<./graphic_phase/5-leaf_r_10_k_4_vector-eps-converted-to.pdf, id=215, 562.1pt x
 421.575pt>
File: ./graphic_phase/5-leaf_r_10_k_4_vector-eps-converted-to.pdf Graphic file 
(type pdf)
 <use ./graphic_phase/5-leaf_r_10_k_4_vector-eps-converted-to.pdf>
Package pdftex.def Info: ./graphic_phase/5-leaf_r_10_k_4_vector-eps-converted-t
o.pdf used on input line 1596.
(pdftex.def)             Requested size: 107.13844pt x 80.35095pt.
Package epstopdf Info: Source file: <./graphic_phase/5-leaf_r_10_k_4_scalar.eps
>
(epstopdf)                    date: 2018-03-12 18:32:00
(epstopdf)                    size: 389255 bytes
(epstopdf)             Output file: <./graphic_phase/5-leaf_r_10_k_4_scalar-eps
-converted-to.pdf>
(epstopdf)                    date: 2018-03-12 18:32:00
(epstopdf)                    size: 24786 bytes
(epstopdf)             Command: <epstopdf --outfile=./graphic_phase/5-leaf_r_10
_k_4_scalar-eps-converted-to.pdf ./graphic_phase/5-leaf_r_10_k_4_scalar.eps>
(epstopdf)             \includegraphics on input line 1597.
Package epstopdf Info: Output file is already uptodate.

<./graphic_phase/5-leaf_r_10_k_4_scalar-eps-converted-to.pdf, id=216, 562.1pt x
 421.575pt>
File: ./graphic_phase/5-leaf_r_10_k_4_scalar-eps-converted-to.pdf Graphic file 
(type pdf)
 <use ./graphic_phase/5-leaf_r_10_k_4_scalar-eps-converted-to.pdf>
Package pdftex.def Info: ./graphic_phase/5-leaf_r_10_k_4_scalar-eps-converted-t
o.pdf used on input line 1597.
(pdftex.def)             Requested size: 107.13844pt x 80.35095pt.
Package epstopdf Info: Source file: <./graphic_phase/5-leaf_r_10_k_4_phaseless_
n_128_bias_100.eps>
(epstopdf)                    date: 2018-03-12 18:32:00
(epstopdf)                    size: 389273 bytes
(epstopdf)             Output file: <./graphic_phase/5-leaf_r_10_k_4_phaseless_
n_128_bias_100-eps-converted-to.pdf>
(epstopdf)                    date: 2018-03-12 18:32:00
(epstopdf)                    size: 27211 bytes
(epstopdf)             Command: <epstopdf --outfile=./graphic_phase/5-leaf_r_10
_k_4_phaseless_n_128_bias_100-eps-converted-to.pdf ./graphic_phase/5-leaf_r_10_
k_4_phaseless_n_128_bias_100.eps>
(epstopdf)             \includegraphics on input line 1598.
Package epstopdf Info: Output file is already uptodate.

<./graphic_phase/5-leaf_r_10_k_4_phaseless_n_128_bias_100-eps-converted-to.pdf,
 id=217, 562.1pt x 421.575pt>
File: ./graphic_phase/5-leaf_r_10_k_4_phaseless_n_128_bias_100-eps-converted-to
.pdf Graphic file (type pdf)

<use ./graphic_phase/5-leaf_r_10_k_4_phaseless_n_128_bias_100-eps-converted-to.
pdf>
Package pdftex.def Info: ./graphic_phase/5-leaf_r_10_k_4_phaseless_n_128_bias_1
00-eps-converted-to.pdf used on input line 1598.
(pdftex.def)             Requested size: 107.13844pt x 80.35095pt.
Package epstopdf Info: Source file: <./graphic_phase/5-leaf_r_10_k_4_phaseless_
n_512_bias_100.eps>
(epstopdf)                    date: 2018-03-12 18:32:00
(epstopdf)                    size: 389280 bytes
(epstopdf)             Output file: <./graphic_phase/5-leaf_r_10_k_4_phaseless_
n_512_bias_100-eps-converted-to.pdf>
(epstopdf)                    date: 2018-03-12 18:32:00
(epstopdf)                    size: 25485 bytes
(epstopdf)             Command: <epstopdf --outfile=./graphic_phase/5-leaf_r_10
_k_4_phaseless_n_512_bias_100-eps-converted-to.pdf ./graphic_phase/5-leaf_r_10_
k_4_phaseless_n_512_bias_100.eps>
(epstopdf)             \includegraphics on input line 1599.
Package epstopdf Info: Output file is already uptodate.

<./graphic_phase/5-leaf_r_10_k_4_phaseless_n_512_bias_100-eps-converted-to.pdf,
 id=218, 562.1pt x 421.575pt>
File: ./graphic_phase/5-leaf_r_10_k_4_phaseless_n_512_bias_100-eps-converted-to
.pdf Graphic file (type pdf)

<use ./graphic_phase/5-leaf_r_10_k_4_phaseless_n_512_bias_100-eps-converted-to.
pdf>
Package pdftex.def Info: ./graphic_phase/5-leaf_r_10_k_4_phaseless_n_512_bias_1
00-eps-converted-to.pdf used on input line 1599.
(pdftex.def)             Requested size: 107.13844pt x 80.35095pt.
Package epstopdf Info: Source file: <./graphic_phase/rectangle_r_10_k_4_vector.
eps>
(epstopdf)                    date: 2018-03-12 18:32:01
(epstopdf)                    size: 387803 bytes
(epstopdf)             Output file: <./graphic_phase/rectangle_r_10_k_4_vector-
eps-converted-to.pdf>
(epstopdf)                    date: 2018-03-12 18:32:01
(epstopdf)                    size: 19251 bytes
(epstopdf)             Command: <epstopdf --outfile=./graphic_phase/rectangle_r
_10_k_4_vector-eps-converted-to.pdf ./graphic_phase/rectangle_r_10_k_4_vector.e
ps>
(epstopdf)             \includegraphics on input line 1605.
Package epstopdf Info: Output file is already uptodate.

<./graphic_phase/rectangle_r_10_k_4_vector-eps-converted-to.pdf, id=219, 562.1p
t x 421.575pt>
File: ./graphic_phase/rectangle_r_10_k_4_vector-eps-converted-to.pdf Graphic fi
le (type pdf)

<use ./graphic_phase/rectangle_r_10_k_4_vector-eps-converted-to.pdf>
Package pdftex.def Info: ./graphic_phase/rectangle_r_10_k_4_vector-eps-converte
d-to.pdf used on input line 1605.
(pdftex.def)             Requested size: 107.13844pt x 80.35095pt.
Package epstopdf Info: Source file: <./graphic_phase/rectangle_r_10_k_4_scalar.
eps>
(epstopdf)                    date: 2018-03-12 18:32:01
(epstopdf)                    size: 387803 bytes
(epstopdf)             Output file: <./graphic_phase/rectangle_r_10_k_4_scalar-
eps-converted-to.pdf>
(epstopdf)                    date: 2018-03-12 18:32:01
(epstopdf)                    size: 19504 bytes
(epstopdf)             Command: <epstopdf --outfile=./graphic_phase/rectangle_r
_10_k_4_scalar-eps-converted-to.pdf ./graphic_phase/rectangle_r_10_k_4_scalar.e
ps>
(epstopdf)             \includegraphics on input line 1606.
Package epstopdf Info: Output file is already uptodate.

<./graphic_phase/rectangle_r_10_k_4_scalar-eps-converted-to.pdf, id=220, 562.1p
t x 421.575pt>
File: ./graphic_phase/rectangle_r_10_k_4_scalar-eps-converted-to.pdf Graphic fi
le (type pdf)

<use ./graphic_phase/rectangle_r_10_k_4_scalar-eps-converted-to.pdf>
Package pdftex.def Info: ./graphic_phase/rectangle_r_10_k_4_scalar-eps-converte
d-to.pdf used on input line 1606.
(pdftex.def)             Requested size: 107.13844pt x 80.35095pt.
Package epstopdf Info: Source file: <./graphic_phase/rectangle_r_10_k_4_phasele
ss_n_128_bias_100.eps>
(epstopdf)                    date: 2018-03-12 18:32:01
(epstopdf)                    size: 389285 bytes
(epstopdf)             Output file: <./graphic_phase/rectangle_r_10_k_4_phasele
ss_n_128_bias_100-eps-converted-to.pdf>
(epstopdf)                    date: 2018-03-12 18:32:01
(epstopdf)                    size: 23196 bytes
(epstopdf)             Command: <epstopdf --outfile=./graphic_phase/rectangle_r
_10_k_4_phaseless_n_128_bias_100-eps-converted-to.pdf ./graphic_phase/rectangle
_r_10_k_4_phaseless_n_128_bias_100.eps>
(epstopdf)             \includegraphics on input line 1607.
Package epstopdf Info: Output file is already uptodate.

<./graphic_phase/rectangle_r_10_k_4_phaseless_n_128_bias_100-eps-converted-to.p
df, id=221, 562.1pt x 421.575pt>
File: ./graphic_phase/rectangle_r_10_k_4_phaseless_n_128_bias_100-eps-converted
-to.pdf Graphic file (type pdf)

<use ./graphic_phase/rectangle_r_10_k_4_phaseless_n_128_bias_100-eps-converted-
to.pdf>
Package pdftex.def Info: ./graphic_phase/rectangle_r_10_k_4_phaseless_n_128_bia
s_100-eps-converted-to.pdf used on input line 1607.
(pdftex.def)             Requested size: 107.13844pt x 80.35095pt.
Package epstopdf Info: Source file: <./graphic_phase/rectangle_r_10_k_4_phasele
ss_n_512_bias_100.eps>
(epstopdf)                    date: 2018-03-12 18:32:01
(epstopdf)                    size: 387818 bytes
(epstopdf)             Output file: <./graphic_phase/rectangle_r_10_k_4_phasele
ss_n_512_bias_100-eps-converted-to.pdf>
(epstopdf)                    date: 2018-03-12 18:32:01
(epstopdf)                    size: 20781 bytes
(epstopdf)             Command: <epstopdf --outfile=./graphic_phase/rectangle_r
_10_k_4_phaseless_n_512_bias_100-eps-converted-to.pdf ./graphic_phase/rectangle
_r_10_k_4_phaseless_n_512_bias_100.eps>
(epstopdf)             \includegraphics on input line 1608.
Package epstopdf Info: Output file is already uptodate.

<./graphic_phase/rectangle_r_10_k_4_phaseless_n_512_bias_100-eps-converted-to.p
df, id=222, 562.1pt x 421.575pt>
File: ./graphic_phase/rectangle_r_10_k_4_phaseless_n_512_bias_100-eps-converted
-to.pdf Graphic file (type pdf)

<use ./graphic_phase/rectangle_r_10_k_4_phaseless_n_512_bias_100-eps-converted-
to.pdf>
Package pdftex.def Info: ./graphic_phase/rectangle_r_10_k_4_phaseless_n_512_bia
s_100-eps-converted-to.pdf used on input line 1608.
(pdftex.def)             Requested size: 107.13844pt x 80.35095pt.
Package epstopdf Info: Source file: <./graphic_phase/pear_r_10_k_4_vector.eps>
(epstopdf)                    date: 2018-03-12 18:32:01
(epstopdf)                    size: 389051 bytes
(epstopdf)             Output file: <./graphic_phase/pear_r_10_k_4_vector-eps-c
onverted-to.pdf>
(epstopdf)                    date: 2018-03-12 18:32:01
(epstopdf)                    size: 29232 bytes
(epstopdf)             Command: <epstopdf --outfile=./graphic_phase/pear_r_10_k
_4_vector-eps-converted-to.pdf ./graphic_phase/pear_r_10_k_4_vector.eps>
(epstopdf)             \includegraphics on input line 1614.
Package epstopdf Info: Output file is already uptodate.

<./graphic_phase/pear_r_10_k_4_vector-eps-converted-to.pdf, id=223, 562.1pt x 4
21.575pt>
File: ./graphic_phase/pear_r_10_k_4_vector-eps-converted-to.pdf Graphic file (t
ype pdf)
 <use ./graphic_phase/pear_r_10_k_4_vector-eps-converted-to.pdf>
Package pdftex.def Info: ./graphic_phase/pear_r_10_k_4_vector-eps-converted-to.
pdf used on input line 1614.
(pdftex.def)             Requested size: 107.13844pt x 80.35095pt.
Package epstopdf Info: Source file: <./graphic_phase/pear_r_10_k_4_scalar.eps>
(epstopdf)                    date: 2018-03-12 18:32:01
(epstopdf)                    size: 388838 bytes
(epstopdf)             Output file: <./graphic_phase/pear_r_10_k_4_scalar-eps-c
onverted-to.pdf>
(epstopdf)                    date: 2018-03-12 18:32:01
(epstopdf)                    size: 29940 bytes
(epstopdf)             Command: <epstopdf --outfile=./graphic_phase/pear_r_10_k
_4_scalar-eps-converted-to.pdf ./graphic_phase/pear_r_10_k_4_scalar.eps>
(epstopdf)             \includegraphics on input line 1615.
Package epstopdf Info: Output file is already uptodate.

<./graphic_phase/pear_r_10_k_4_scalar-eps-converted-to.pdf, id=224, 562.1pt x 4
21.575pt>
File: ./graphic_phase/pear_r_10_k_4_scalar-eps-converted-to.pdf Graphic file (t
ype pdf)
 <use ./graphic_phase/pear_r_10_k_4_scalar-eps-converted-to.pdf>
Package pdftex.def Info: ./graphic_phase/pear_r_10_k_4_scalar-eps-converted-to.
pdf used on input line 1615.
(pdftex.def)             Requested size: 107.13844pt x 80.35095pt.
Package epstopdf Info: Source file: <./graphic_phase/pear_r_10_k_4_phaseless_n_
128_bias_100.eps>
(epstopdf)                    date: 2018-03-12 18:32:01
(epstopdf)                    size: 389281 bytes
(epstopdf)             Output file: <./graphic_phase/pear_r_10_k_4_phaseless_n_
128_bias_100-eps-converted-to.pdf>
(epstopdf)                    date: 2018-03-12 18:32:01
(epstopdf)                    size: 32298 bytes
(epstopdf)             Command: <epstopdf --outfile=./graphic_phase/pear_r_10_k
_4_phaseless_n_128_bias_100-eps-converted-to.pdf ./graphic_phase/pear_r_10_k_4_
phaseless_n_128_bias_100.eps>
(epstopdf)             \includegraphics on input line 1616.
Package epstopdf Info: Output file is already uptodate.

<./graphic_phase/pear_r_10_k_4_phaseless_n_128_bias_100-eps-converted-to.pdf, i
d=225, 562.1pt x 421.575pt>
File: ./graphic_phase/pear_r_10_k_4_phaseless_n_128_bias_100-eps-converted-to.p
df Graphic file (type pdf)

<use ./graphic_phase/pear_r_10_k_4_phaseless_n_128_bias_100-eps-converted-to.pd
f>
Package pdftex.def Info: ./graphic_phase/pear_r_10_k_4_phaseless_n_128_bias_100
-eps-converted-to.pdf used on input line 1616.
(pdftex.def)             Requested size: 107.13844pt x 80.35095pt.
Package epstopdf Info: Source file: <./graphic_phase/pear_r_10_k_4_phaseless_n_
512_bias_100.eps>
(epstopdf)                    date: 2018-03-12 18:32:01
(epstopdf)                    size: 389283 bytes
(epstopdf)             Output file: <./graphic_phase/pear_r_10_k_4_phaseless_n_
512_bias_100-eps-converted-to.pdf>
(epstopdf)                    date: 2018-03-12 18:32:01
(epstopdf)                    size: 30287 bytes
(epstopdf)             Command: <epstopdf --outfile=./graphic_phase/pear_r_10_k
_4_phaseless_n_512_bias_100-eps-converted-to.pdf ./graphic_phase/pear_r_10_k_4_
phaseless_n_512_bias_100.eps>
(epstopdf)             \includegraphics on input line 1617.
Package epstopdf Info: Output file is already uptodate.

<./graphic_phase/pear_r_10_k_4_phaseless_n_512_bias_100-eps-converted-to.pdf, i
d=226, 562.1pt x 421.575pt>
File: ./graphic_phase/pear_r_10_k_4_phaseless_n_512_bias_100-eps-converted-to.p
df Graphic file (type pdf)

<use ./graphic_phase/pear_r_10_k_4_phaseless_n_512_bias_100-eps-converted-to.pd
f>
Package pdftex.def Info: ./graphic_phase/pear_r_10_k_4_phaseless_n_512_bias_100
-eps-converted-to.pdf used on input line 1617.
(pdftex.def)             Requested size: 107.13844pt x 80.35095pt.
Package epstopdf Info: Source file: <./graphic_phase/bi_circle_r_10_k_4_vector.
eps>
(epstopdf)                    date: 2018-03-12 18:32:01
(epstopdf)                    size: 390143 bytes
(epstopdf)             Output file: <./graphic_phase/bi_circle_r_10_k_4_vector-
eps-converted-to.pdf>
(epstopdf)                    date: 2018-03-12 18:32:01
(epstopdf)                    size: 24153 bytes
(epstopdf)             Command: <epstopdf --outfile=./graphic_phase/bi_circle_r
_10_k_4_vector-eps-converted-to.pdf ./graphic_phase/bi_circle_r_10_k_4_vector.e
ps>
(epstopdf)             \includegraphics on input line 1623.
Package epstopdf Info: Output file is already uptodate.

<./graphic_phase/bi_circle_r_10_k_4_vector-eps-converted-to.pdf, id=227, 562.1p
t x 421.575pt>
File: ./graphic_phase/bi_circle_r_10_k_4_vector-eps-converted-to.pdf Graphic fi
le (type pdf)

<use ./graphic_phase/bi_circle_r_10_k_4_vector-eps-converted-to.pdf>
Package pdftex.def Info: ./graphic_phase/bi_circle_r_10_k_4_vector-eps-converte
d-to.pdf used on input line 1623.
(pdftex.def)             Requested size: 107.13844pt x 80.35095pt.
Package epstopdf Info: Source file: <./graphic_phase/bi_circle_r_10_k_4_scalar.
eps>
(epstopdf)                    date: 2018-03-12 18:32:01
(epstopdf)                    size: 389931 bytes
(epstopdf)             Output file: <./graphic_phase/bi_circle_r_10_k_4_scalar-
eps-converted-to.pdf>
(epstopdf)                    date: 2018-03-12 18:32:01
(epstopdf)                    size: 25045 bytes
(epstopdf)             Command: <epstopdf --outfile=./graphic_phase/bi_circle_r
_10_k_4_scalar-eps-converted-to.pdf ./graphic_phase/bi_circle_r_10_k_4_scalar.e
ps>
(epstopdf)             \includegraphics on input line 1624.
Package epstopdf Info: Output file is already uptodate.

<./graphic_phase/bi_circle_r_10_k_4_scalar-eps-converted-to.pdf, id=228, 562.1p
t x 421.575pt>
File: ./graphic_phase/bi_circle_r_10_k_4_scalar-eps-converted-to.pdf Graphic fi
le (type pdf)

<use ./graphic_phase/bi_circle_r_10_k_4_scalar-eps-converted-to.pdf>
Package pdftex.def Info: ./graphic_phase/bi_circle_r_10_k_4_scalar-eps-converte
d-to.pdf used on input line 1624.
(pdftex.def)             Requested size: 107.13844pt x 80.35095pt.
Package epstopdf Info: Source file: <./graphic_phase/bi_circle_r_10_k_4_phasele
ss_n_128_bias_100.eps>
(epstopdf)                    date: 2018-03-12 18:32:00
(epstopdf)                    size: 390160 bytes
(epstopdf)             Output file: <./graphic_phase/bi_circle_r_10_k_4_phasele
ss_n_128_bias_100-eps-converted-to.pdf>
(epstopdf)                    date: 2018-03-12 18:32:00
(epstopdf)                    size: 33872 bytes
(epstopdf)             Command: <epstopdf --outfile=./graphic_phase/bi_circle_r
_10_k_4_phaseless_n_128_bias_100-eps-converted-to.pdf ./graphic_phase/bi_circle
_r_10_k_4_phaseless_n_128_bias_100.eps>
(epstopdf)             \includegraphics on input line 1625.
Package epstopdf Info: Output file is already uptodate.

<./graphic_phase/bi_circle_r_10_k_4_phaseless_n_128_bias_100-eps-converted-to.p
df, id=229, 562.1pt x 421.575pt>
File: ./graphic_phase/bi_circle_r_10_k_4_phaseless_n_128_bias_100-eps-converted
-to.pdf Graphic file (type pdf)

<use ./graphic_phase/bi_circle_r_10_k_4_phaseless_n_128_bias_100-eps-converted-
to.pdf>
Package pdftex.def Info: ./graphic_phase/bi_circle_r_10_k_4_phaseless_n_128_bia
s_100-eps-converted-to.pdf used on input line 1625.
(pdftex.def)             Requested size: 107.13844pt x 80.35095pt.
Package epstopdf Info: Source file: <./graphic_phase/bi_circle_r_10_k_4_phasele
ss_n_512_bias_100.eps>
(epstopdf)                    date: 2018-03-12 18:32:01
(epstopdf)                    size: 390164 bytes
(epstopdf)             Output file: <./graphic_phase/bi_circle_r_10_k_4_phasele
ss_n_512_bias_100-eps-converted-to.pdf>
(epstopdf)                    date: 2018-03-12 18:32:01
(epstopdf)                    size: 29801 bytes
(epstopdf)             Command: <epstopdf --outfile=./graphic_phase/bi_circle_r
_10_k_4_phaseless_n_512_bias_100-eps-converted-to.pdf ./graphic_phase/bi_circle
_r_10_k_4_phaseless_n_512_bias_100.eps>
(epstopdf)             \includegraphics on input line 1626.
Package epstopdf Info: Output file is already uptodate.

<./graphic_phase/bi_circle_r_10_k_4_phaseless_n_512_bias_100-eps-converted-to.p
df, id=230, 562.1pt x 421.575pt>
File: ./graphic_phase/bi_circle_r_10_k_4_phaseless_n_512_bias_100-eps-converted
-to.pdf Graphic file (type pdf)

<use ./graphic_phase/bi_circle_r_10_k_4_phaseless_n_512_bias_100-eps-converted-
to.pdf>
Package pdftex.def Info: ./graphic_phase/bi_circle_r_10_k_4_phaseless_n_512_bia
s_100-eps-converted-to.pdf used on input line 1626.
(pdftex.def)             Requested size: 107.13844pt x 80.35095pt.
 [34] [35 <./graphic/peanut_2pi-eps-converted-to.pdf> <./graphic/peanut_2pi_neu
mann-eps-converted-to.pdf> <./graphic/peanut_2pi_impedance_1-eps-converted-to.p
df> <./graphic/peanut_2pi_transmission-eps-converted-to.pdf> <./graphic/peanut_
3pi-eps-converted-to.pdf> <./graphic/peanut_3pi_neumann-eps-converted-to.pdf> <
./graphic/peanut_3pi_impedance_1-eps-converted-to.pdf> <./graphic/peanut_3pi_tr
ansmission-eps-converted-to.pdf> <./graphic/peanut_4pi-eps-converted-to.pdf> <.
/graphic/peanut_4pi_neumann-eps-converted-to.pdf> <./graphic/peanut_4pi_impedan
ce_1-eps-converted-to.pdf> <./graphic/peanut_4pi_transmission-eps-converted-to.
pdf> <./graphic/rectangle_2pi-eps-converted-to.pdf> <./graphic/rectangle_2pi_ne
umann-eps-converted-to.pdf> <./graphic/rectangle_2pi_impedance_1-eps-converted-
to.pdf> <./graphic/rectangle_2pi_transmission-eps-converted-to.pdf> <./graphic/
rectangle_3pi-eps-converted-to.pdf> <./graphic/rectangle_3pi_neumann-eps-conver
ted-to.pdf> <./graphic/rectangle_3pi_impedance_1-eps-converted-to.pdf> <./graph
ic/rectangle_3pi_transmission-eps-converted-to.pdf> <./graphic/rectangle_4pi-ep
s-converted-to.pdf> <./graphic/rectangle_4pi_neumann-eps-converted-to.pdf> <./g
raphic/rectangle_4pi_impedance_1-eps-converted-to.pdf> <./graphic/rectangle_4pi
_transmission-eps-converted-to.pdf> <./graphic/p_leaf_2pi-eps-converted-to.pdf>
 <./graphic/p_leaf_2pi_neumann-eps-converted-to.pdf> <./graphic/p_leaf_2pi_impe
dance_1-eps-converted-to.pdf> <./graphic/p_leaf_2pi_transmission-eps-converted-
to.pdf> <./graphic/p_leaf_3pi-eps-converted-to.pdf> <./graphic/p_leaf_3pi_neuma
nn-eps-converted-to.pdf> <./graphic/p_leaf_3pi_impedance_1-eps-converted-to.pdf
> <./graphic/p_leaf_3pi_transmission-eps-converted-to.pdf> <./graphic/p_leaf_4p
i-eps-converted-to.pdf> <./graphic/p_leaf_4pi_neumann-eps-converted-to.pdf> <./
graphic/p_leaf_4pi_impedance_1-eps-converted-to.pdf> <./graphic/p_leaf_4pi_tran
smission-eps-converted-to.pdf>] [36 <./graphic_phase/circle_r_10_k_4_vector-eps
-converted-to.pdf> <./graphic_phase/circle_r_10_k_4_scalar-eps-converted-to.pdf
> <./graphic_phase/circle_r_10_k_4_phaseless_n_128_bias_100-eps-converted-to.pd
f> <./graphic_phase/circle_r_10_k_4_phaseless_n_512_bias_100-eps-converted-to.p
df> <./graphic_phase/circle_r_100_k_4_vector-eps-converted-to.pdf> <./graphic_p
hase/circle_r_100_k_4_scalar-eps-converted-to.pdf> <./graphic_phase/circle_r_10
0_k_4_phaseless_n_128_bias_100-eps-converted-to.pdf> <./graphic_phase/circle_r_
100_k_4_phaseless_n_512_bias_100-eps-converted-to.pdf> <./graphic_phase/peanut_
r_10_k_4_vector-eps-converted-to.pdf> <./graphic_phase/peanut_r_10_k_4_scalar-e
ps-converted-to.pdf> <./graphic_phase/peanut_r_10_k_4_phaseless_n_128_bias_100-
eps-converted-to.pdf> <./graphic_phase/peanut_r_10_k_4_phaseless_n_512_bias_100
-eps-converted-to.pdf> <./graphic_phase/5-leaf_r_10_k_4_vector-eps-converted-to
.pdf> <./graphic_phase/5-leaf_r_10_k_4_scalar-eps-converted-to.pdf> <./graphic_
phase/5-leaf_r_10_k_4_phaseless_n_128_bias_100-eps-converted-to.pdf> <./graphic
_phase/5-leaf_r_10_k_4_phaseless_n_512_bias_100-eps-converted-to.pdf> <./graphi
c_phase/rectangle_r_10_k_4_vector-eps-converted-to.pdf> <./graphic_phase/rectan
gle_r_10_k_4_scalar-eps-converted-to.pdf> <./graphic_phase/rectangle_r_10_k_4_p
haseless_n_128_bias_100-eps-converted-to.pdf> <./graphic_phase/rectangle_r_10_k
_4_phaseless_n_512_bias_100-eps-converted-to.pdf>] [37 <./graphic_phase/pear_r_
10_k_4_vector-eps-converted-to.pdf> <./graphic_phase/pear_r_10_k_4_scalar-eps-c
onverted-to.pdf> <./graphic_phase/pear_r_10_k_4_phaseless_n_128_bias_100-eps-co
nverted-to.pdf> <./graphic_phase/pear_r_10_k_4_phaseless_n_512_bias_100-eps-con
verted-to.pdf> <./graphic_phase/bi_circle_r_10_k_4_vector-eps-converted-to.pdf>
 <./graphic_phase/bi_circle_r_10_k_4_scalar-eps-converted-to.pdf> <./graphic_ph
ase/bi_circle_r_10_k_4_phaseless_n_128_bias_100-eps-converted-to.pdf> <./graphi
c_phase/bi_circle_r_10_k_4_phaseless_n_512_bias_100-eps-converted-to.pdf>]
Underfull \hbox (badness 10000) in paragraph at lines 1690--1693

 []

[38] <./graphic/transform_th.png, id=740, 481.04718pt x 498.36188pt>
File: ./graphic/transform_th.png Graphic file (type png)

<use ./graphic/transform_th.png>
Package pdftex.def Info: ./graphic/transform_th.png used on input line 1734.
(pdftex.def)             Requested size: 178.55725pt x 184.98415pt.

<./graphic/transform_t.png, id=742, 569.87906pt x 515.67656pt>
File: ./graphic/transform_t.png Graphic file (type png)

<use ./graphic/transform_t.png>
Package pdftex.def Info: ./graphic/transform_t.png used on input line 1735.
(pdftex.def)             Requested size: 178.55725pt x 161.57343pt.
 [39 <./graphic/transform_th.png> <./graphic/transform_t.png>]
Overfull \hbox (14.81017pt too wide) in alignment at lines 1769--1773
 [] [] [] [] 
 []


Overfull \hbox (86.73312pt too wide) in alignment at lines 1785--1791
 [] [] [] [] 
 []

[40]
Underfull \hbox (badness 10000) in paragraph at lines 1802--1805

 []

("Estimate of Dirichlet Green Tensor.bbl") [41]
("Estimate of Dirichlet Green Tensor.aux")

LaTeX Warning: There were undefined references.


LaTeX Warning: There were multiply-defined labels.

 ) 
Here is how much of TeX's memory you used:
 2766 strings out of 495237
 48380 string characters out of 3182726
 103130 words of memory out of 3000000
 5923 multiletter control sequences out of 15000+200000
 15736 words of font info for 64 fonts, out of 3000000 for 9000
 14 hyphenation exceptions out of 8191
 38i,13n,26p,787b,365s stack positions out of 5000i,500n,10000p,200000b,50000s
<C:/CTEX/MiKTeX/fonts/type1/public/amsfonts/cm/cmbx10.pfb><C:/CTEX/MiKTeX/fon
ts/type1/public/amsfonts/cm/cmbx12.pfb><C:/CTEX/MiKTeX/fonts/type1/public/amsfo
nts/cm/cmbx6.pfb><C:/CTEX/MiKTeX/fonts/type1/public/amsfonts/cm/cmbx8.pfb><C:/C
TEX/MiKTeX/fonts/type1/public/amsfonts/cm/cmex10.pfb><C:/CTEX/MiKTeX/fonts/type
1/public/amsfonts/cm/cmmi10.pfb><C:/CTEX/MiKTeX/fonts/type1/public/amsfonts/cm/
cmmi12.pfb><C:/CTEX/MiKTeX/fonts/type1/public/amsfonts/cm/cmmi6.pfb><C:/CTEX/Mi
KTeX/fonts/type1/public/amsfonts/cm/cmmi8.pfb><C:/CTEX/MiKTeX/fonts/type1/publi
c/amsfonts/cm/cmr10.pfb><C:/CTEX/MiKTeX/fonts/type1/public/amsfonts/cm/cmr12.pf
b><C:/CTEX/MiKTeX/fonts/type1/public/amsfonts/cm/cmr6.pfb><C:/CTEX/MiKTeX/fonts
/type1/public/amsfonts/cm/cmr8.pfb><C:/CTEX/MiKTeX/fonts/type1/public/amsfonts/
cm/cmsy10.pfb><C:/CTEX/MiKTeX/fonts/type1/public/amsfonts/cm/cmsy6.pfb><C:/CTEX
/MiKTeX/fonts/type1/public/amsfonts/cm/cmsy8.pfb><C:/CTEX/MiKTeX/fonts/type1/pu
blic/amsfonts/cm/cmti10.pfb><C:/CTEX/MiKTeX/fonts/type1/public/amsfonts/cm/cmti
12.pfb><C:/CTEX/MiKTeX/fonts/type1/public/amsfonts/latxfont/lasy10.pfb><C:/CTEX
/MiKTeX/fonts/type1/public/amsfonts/symbols/msbm10.pfb>
Output written on "Estimate of Dirichlet Green Tensor.pdf" (41 pages, 1916425 b
ytes).
PDF statistics:
 819 PDF objects out of 1000 (max. 8388607)
 0 named destinations out of 1000 (max. 500000)
 361 words of extra memory for PDF output out of 10000 (max. 10000000)

