This is pdfTeX, Version 3.14159265-2.6-1.40.19 (TeX Live 2018/W32TeX) (preloaded format=pdflatex 2018.11.21)  25 DEC 2018 16:04
entering extended mode
 restricted \write18 enabled.
 %&-line parsing enabled.
**"RTM for Locally Perturbed Two-layers Media.tex"
(./RTM for Locally Perturbed Two-layers Media.tex
LaTeX2e <2018-04-01> patch level 2
Babel <3.18> and hyphenation patterns for 84 language(s) loaded.
(./iopart.cls
Document Class: iopart 1996/06/10 v0.0 IOP Journals LaTeX article class
(./iopart12.clo
File: iopart12.clo 1997/01/15 v1.0 LaTeX2e file (size option)
)
\c@jnl=\count80
\c@section=\count81
\c@subsection=\count82
\c@subsubsection=\count83
\c@paragraph=\count84
\c@subparagraph=\count85
\c@figure=\count86
\c@table=\count87
\abovecaptionskip=\skip41
\belowcaptionskip=\skip42
\indentedwidth=\skip43
\mathindent=\dimen102
\c@eqnval=\count88
) (./iopams.sty
Package: iopams 1997/02/13 v1.0

(c:/texlive/2018/texmf-dist/tex/latex/amsmath/amsgen.sty
File: amsgen.sty 1999/11/30 v2.0 generic functions
\@emptytoks=\toks14
\ex@=\dimen103
)
(c:/texlive/2018/texmf-dist/tex/latex/amsfonts/amsfonts.sty
Package: amsfonts 2013/01/14 v3.01 Basic AMSFonts support
\symAMSa=\mathgroup4
\symAMSb=\mathgroup5
LaTeX Font Info:    Overwriting math alphabet `\mathfrak' in version `bold'
(Font)                  U/euf/m/n --> U/euf/b/n on input line 106.
)
(c:/texlive/2018/texmf-dist/tex/latex/amsfonts/amssymb.sty
Package: amssymb 2013/01/14 v3.01 AMS font symbols
)
(c:/texlive/2018/texmf-dist/tex/latex/amsmath/amsbsy.sty
Package: amsbsy 1999/11/29 v1.2d Bold Symbols
\pmbraise@=\dimen104
))
(c:/texlive/2018/texmf-dist/tex/latex/graphics/epsfig.sty
Package: epsfig 2017/06/25 v1.7b (e)psfig emulation (SPQR)

(c:/texlive/2018/texmf-dist/tex/latex/graphics/graphicx.sty
Package: graphicx 2017/06/01 v1.1a Enhanced LaTeX Graphics (DPC,SPQR)

(c:/texlive/2018/texmf-dist/tex/latex/graphics/keyval.sty
Package: keyval 2014/10/28 v1.15 key=value parser (DPC)
\KV@toks@=\toks15
)
(c:/texlive/2018/texmf-dist/tex/latex/graphics/graphics.sty
Package: graphics 2017/06/25 v1.2c Standard LaTeX Graphics (DPC,SPQR)

(c:/texlive/2018/texmf-dist/tex/latex/graphics/trig.sty
Package: trig 2016/01/03 v1.10 sin cos tan (DPC)
)
(c:/texlive/2018/texmf-dist/tex/latex/graphics-cfg/graphics.cfg
File: graphics.cfg 2016/06/04 v1.11 sample graphics configuration
)
Package graphics Info: Driver file: pdftex.def on input line 99.

(c:/texlive/2018/texmf-dist/tex/latex/graphics-def/pdftex.def
File: pdftex.def 2018/01/08 v1.0l Graphics/color driver for pdftex
))
\Gin@req@height=\dimen105
\Gin@req@width=\dimen106
)
\epsfxsize=\dimen107
\epsfysize=\dimen108
)
(c:/texlive/2018/texmf-dist/tex/latex/base/latexsym.sty
Package: latexsym 1998/08/17 v2.2e Standard LaTeX package (lasy symbols)
\symlasy=\mathgroup6
LaTeX Font Info:    Overwriting symbol font `lasy' in version `bold'
(Font)                  U/lasy/m/n --> U/lasy/b/n on input line 52.
)
(c:/texlive/2018/texmf-dist/tex/latex/graphics/color.sty
Package: color 2016/07/10 v1.1e Standard LaTeX Color (DPC)

(c:/texlive/2018/texmf-dist/tex/latex/graphics-cfg/color.cfg
File: color.cfg 2016/01/02 v1.6 sample color configuration
)
Package color Info: Driver file: pdftex.def on input line 147.
)
(./RTM for Locally Perturbed Two-layers Media.aux

LaTeX Warning: Label `p1' multiply defined.


LaTeX Warning: Label `I1' multiply defined.


LaTeX Warning: Label `I1' multiply defined.


LaTeX Warning: Label `I1' multiply defined.


LaTeX Warning: Label `I1' multiply defined.


LaTeX Warning: Label `I1' multiply defined.


LaTeX Warning: Label `I1' multiply defined.


LaTeX Warning: Label `I1' multiply defined.


LaTeX Warning: Label `I1' multiply defined.


LaTeX Warning: Label `I1' multiply defined.


LaTeX Warning: Label `I1' multiply defined.


LaTeX Warning: Label `I1' multiply defined.

)
\openout1 = `"RTM for Locally Perturbed Two-layers Media.aux"'.

LaTeX Font Info:    Checking defaults for OML/cmm/m/it on input line 16.
LaTeX Font Info:    ... okay on input line 16.
LaTeX Font Info:    Checking defaults for T1/cmr/m/n on input line 16.
LaTeX Font Info:    ... okay on input line 16.
LaTeX Font Info:    Checking defaults for OT1/cmr/m/n on input line 16.
LaTeX Font Info:    ... okay on input line 16.
LaTeX Font Info:    Checking defaults for OMS/cmsy/m/n on input line 16.
LaTeX Font Info:    ... okay on input line 16.
LaTeX Font Info:    Checking defaults for OMX/cmex/m/n on input line 16.
LaTeX Font Info:    ... okay on input line 16.
LaTeX Font Info:    Checking defaults for U/cmr/m/n on input line 16.
LaTeX Font Info:    ... okay on input line 16.
 (c:/texlive/2018/texmf-dist/tex/context/base/mkii/supp-pdf.mkii
[Loading MPS to PDF converter (version 2006.09.02).]
\scratchcounter=\count89
\scratchdimen=\dimen109
\scratchbox=\box26
\nofMPsegments=\count90
\nofMParguments=\count91
\everyMPshowfont=\toks16
\MPscratchCnt=\count92
\MPscratchDim=\dimen110
\MPnumerator=\count93
\makeMPintoPDFobject=\count94
\everyMPtoPDFconversion=\toks17
) (c:/texlive/2018/texmf-dist/tex/latex/oberdiek/epstopdf-base.sty
Package: epstopdf-base 2016/05/15 v2.6 Base part for package epstopdf

(c:/texlive/2018/texmf-dist/tex/generic/oberdiek/infwarerr.sty
Package: infwarerr 2016/05/16 v1.4 Providing info/warning/error messages (HO)
)
(c:/texlive/2018/texmf-dist/tex/latex/oberdiek/grfext.sty
Package: grfext 2016/05/16 v1.2 Manage graphics extensions (HO)

(c:/texlive/2018/texmf-dist/tex/generic/oberdiek/kvdefinekeys.sty
Package: kvdefinekeys 2016/05/16 v1.4 Define keys (HO)

(c:/texlive/2018/texmf-dist/tex/generic/oberdiek/ltxcmds.sty
Package: ltxcmds 2016/05/16 v1.23 LaTeX kernel commands for general use (HO)
)))
(c:/texlive/2018/texmf-dist/tex/latex/oberdiek/kvoptions.sty
Package: kvoptions 2016/05/16 v3.12 Key value format for package options (HO)

(c:/texlive/2018/texmf-dist/tex/generic/oberdiek/kvsetkeys.sty
Package: kvsetkeys 2016/05/16 v1.17 Key value parser (HO)

(c:/texlive/2018/texmf-dist/tex/generic/oberdiek/etexcmds.sty
Package: etexcmds 2016/05/16 v1.6 Avoid name clashes with e-TeX commands (HO)

(c:/texlive/2018/texmf-dist/tex/generic/oberdiek/ifluatex.sty
Package: ifluatex 2016/05/16 v1.4 Provides the ifluatex switch (HO)
Package ifluatex Info: LuaTeX not detected.
)
Package etexcmds Info: Could not find \expanded.
(etexcmds)             That can mean that you are not using pdfTeX 1.50 or
(etexcmds)             that some package has redefined \expanded.
(etexcmds)             In the latter case, load this package earlier.
)))
(c:/texlive/2018/texmf-dist/tex/generic/oberdiek/pdftexcmds.sty
Package: pdftexcmds 2018/01/30 v0.27 Utility functions of pdfTeX for LuaTeX (HO
)

(c:/texlive/2018/texmf-dist/tex/generic/oberdiek/ifpdf.sty
Package: ifpdf 2017/03/15 v3.2 Provides the ifpdf switch
)
Package pdftexcmds Info: LuaTeX not detected.
Package pdftexcmds Info: \pdf@primitive is available.
Package pdftexcmds Info: \pdf@ifprimitive is available.
Package pdftexcmds Info: \pdfdraftmode found.
)
Package epstopdf-base Info: Redefining graphics rule for `.eps' on input line 4
38.
Package grfext Info: Graphics extension search list:
(grfext)             [.pdf,.png,.jpg,.mps,.jpeg,.jbig2,.jb2,.PDF,.PNG,.JPG,.JPE
G,.JBIG2,.JB2,.eps]
(grfext)             \AppendGraphicsExtensions on input line 456.

(c:/texlive/2018/texmf-dist/tex/latex/latexconfig/epstopdf-sys.cfg
File: epstopdf-sys.cfg 2010/07/13 v1.3 Configuration of (r)epstopdf for TeX Liv
e
)) [1

{c:/texlive/2018/texmf-var/fonts/map/pdftex/updmap/pdftex.map}]
\c@lem=\count95
\c@prop=\count96
\c@cor=\count97
\c@thm=\count98
\c@rem=\count99
\c@alg=\count100
\c@assum=\count101
\c@definition=\count102
\c@RomanNumber=\count103
LaTeX Font Info:    Try loading font information for U+msa on input line 165.

(c:/texlive/2018/texmf-dist/tex/latex/amsfonts/umsa.fd
File: umsa.fd 2013/01/14 v3.01 AMS symbols A
)
LaTeX Font Info:    Try loading font information for U+msb on input line 165.

(c:/texlive/2018/texmf-dist/tex/latex/amsfonts/umsb.fd
File: umsb.fd 2013/01/14 v3.01 AMS symbols B
)
LaTeX Font Info:    Try loading font information for U+lasy on input line 165.

(c:/texlive/2018/texmf-dist/tex/latex/base/ulasy.fd
File: ulasy.fd 1998/08/17 v2.2e LaTeX symbol font definitions
)
Package epstopdf Info: Source file: <./figure_rough/square_1.eps>
(epstopdf)                    date: 2018-12-19 10:41:50
(epstopdf)                    size: 34680 bytes
(epstopdf)             Output file: <./figure_rough/square_1-eps-converted-to.p
df>
(epstopdf)                    date: 2018-12-19 10:48:54
(epstopdf)                    size: 12400 bytes
(epstopdf)             Command: <repstopdf --outfile=./figure_rough/square_1-ep
s-converted-to.pdf ./figure_rough/square_1.eps>
(epstopdf)             \includegraphics on input line 225.
Package epstopdf Info: Output file is already uptodate.
<./figure_rough/square_1-eps-converted-to.pdf, id=7, 421.575pt x 317.185pt>
File: ./figure_rough/square_1-eps-converted-to.pdf Graphic file (type pdf)
<use ./figure_rough/square_1-eps-converted-to.pdf>
Package pdftex.def Info: ./figure_rough/square_1-eps-converted-to.pdf  used on 
input line 225.
(pdftex.def)             Requested size: 200.87862pt x 151.13873pt.
Package epstopdf Info: Source file: <./figure_rough/square_1_real.eps>
(epstopdf)                    date: 2018-12-20 19:57:01
(epstopdf)                    size: 36624 bytes
(epstopdf)             Output file: <./figure_rough/square_1_real-eps-converted
-to.pdf>
(epstopdf)                    date: 2018-12-25 15:54:46
(epstopdf)                    size: 13453 bytes
(epstopdf)             Command: <repstopdf --outfile=./figure_rough/square_1_re
al-eps-converted-to.pdf ./figure_rough/square_1_real.eps>
(epstopdf)             \includegraphics on input line 226.
Package epstopdf Info: Output file is already uptodate.
<./figure_rough/square_1_real-eps-converted-to.pdf, id=8, 421.575pt x 317.185pt
>
File: ./figure_rough/square_1_real-eps-converted-to.pdf Graphic file (type pdf)

<use ./figure_rough/square_1_real-eps-converted-to.pdf>
Package pdftex.def Info: ./figure_rough/square_1_real-eps-converted-to.pdf  use
d on input line 226.
(pdftex.def)             Requested size: 200.87862pt x 151.13873pt.
Package epstopdf Info: Source file: <./figure_rough/square_1point5.eps>
(epstopdf)                    date: 2018-12-19 10:42:07
(epstopdf)                    size: 36557 bytes
(epstopdf)             Output file: <./figure_rough/square_1point5-eps-converte
d-to.pdf>
(epstopdf)                    date: 2018-12-19 10:50:28
(epstopdf)                    size: 13662 bytes
(epstopdf)             Command: <repstopdf --outfile=./figure_rough/square_1poi
nt5-eps-converted-to.pdf ./figure_rough/square_1point5.eps>
(epstopdf)             \includegraphics on input line 231.
Package epstopdf Info: Output file is already uptodate.
<./figure_rough/square_1point5-eps-converted-to.pdf, id=9, 421.575pt x 317.185p
t>
File: ./figure_rough/square_1point5-eps-converted-to.pdf Graphic file (type pdf
)
<use ./figure_rough/square_1point5-eps-converted-to.pdf>
Package pdftex.def Info: ./figure_rough/square_1point5-eps-converted-to.pdf  us
ed on input line 231.
(pdftex.def)             Requested size: 200.87862pt x 151.13873pt.
Package epstopdf Info: Source file: <./figure_rough/square_1point5_real.eps>
(epstopdf)                    date: 2018-12-20 19:56:41
(epstopdf)                    size: 36542 bytes
(epstopdf)             Output file: <./figure_rough/square_1point5_real-eps-con
verted-to.pdf>
(epstopdf)                    date: 2018-12-25 15:55:20
(epstopdf)                    size: 13899 bytes
(epstopdf)             Command: <repstopdf --outfile=./figure_rough/square_1poi
nt5_real-eps-converted-to.pdf ./figure_rough/square_1point5_real.eps>
(epstopdf)             \includegraphics on input line 232.
Package epstopdf Info: Output file is already uptodate.
<./figure_rough/square_1point5_real-eps-converted-to.pdf, id=10, 421.575pt x 31
7.185pt>
File: ./figure_rough/square_1point5_real-eps-converted-to.pdf Graphic file (typ
e pdf)
<use ./figure_rough/square_1point5_real-eps-converted-to.pdf>
Package pdftex.def Info: ./figure_rough/square_1point5_real-eps-converted-to.pd
f  used on input line 232.
(pdftex.def)             Requested size: 200.87862pt x 151.13873pt.
Package epstopdf Info: Source file: <./figure_rough/square_2.eps>
(epstopdf)                    date: 2018-12-19 10:42:20
(epstopdf)                    size: 36460 bytes
(epstopdf)             Output file: <./figure_rough/square_2-eps-converted-to.p
df>
(epstopdf)                    date: 2018-12-19 10:51:11
(epstopdf)                    size: 14425 bytes
(epstopdf)             Command: <repstopdf --outfile=./figure_rough/square_2-ep
s-converted-to.pdf ./figure_rough/square_2.eps>
(epstopdf)             \includegraphics on input line 237.
Package epstopdf Info: Output file is already uptodate.
<./figure_rough/square_2-eps-converted-to.pdf, id=11, 421.575pt x 317.185pt>
File: ./figure_rough/square_2-eps-converted-to.pdf Graphic file (type pdf)
<use ./figure_rough/square_2-eps-converted-to.pdf>
Package pdftex.def Info: ./figure_rough/square_2-eps-converted-to.pdf  used on 
input line 237.
(pdftex.def)             Requested size: 200.87862pt x 151.13873pt.
Package epstopdf Info: Source file: <./figure_rough/square_2_real.eps>
(epstopdf)                    date: 2018-12-20 19:56:22
(epstopdf)                    size: 36398 bytes
(epstopdf)             Output file: <./figure_rough/square_2_real-eps-converted
-to.pdf>
(epstopdf)                    date: 2018-12-25 15:55:47
(epstopdf)                    size: 14575 bytes
(epstopdf)             Command: <repstopdf --outfile=./figure_rough/square_2_re
al-eps-converted-to.pdf ./figure_rough/square_2_real.eps>
(epstopdf)             \includegraphics on input line 238.
Package epstopdf Info: Output file is already uptodate.
<./figure_rough/square_2_real-eps-converted-to.pdf, id=12, 421.575pt x 317.185p
t>
File: ./figure_rough/square_2_real-eps-converted-to.pdf Graphic file (type pdf)

<use ./figure_rough/square_2_real-eps-converted-to.pdf>
Package pdftex.def Info: ./figure_rough/square_2_real-eps-converted-to.pdf  use
d on input line 238.
(pdftex.def)             Requested size: 200.87862pt x 151.13873pt.
Package epstopdf Info: Source file: <./figure_rough/square_multi.eps>
(epstopdf)                    date: 2018-12-19 10:42:32
(epstopdf)                    size: 34342 bytes
(epstopdf)             Output file: <./figure_rough/square_multi-eps-converted-
to.pdf>
(epstopdf)                    date: 2018-12-19 10:51:41
(epstopdf)                    size: 13207 bytes
(epstopdf)             Command: <repstopdf --outfile=./figure_rough/square_mult
i-eps-converted-to.pdf ./figure_rough/square_multi.eps>
(epstopdf)             \includegraphics on input line 243.
Package epstopdf Info: Output file is already uptodate.
<./figure_rough/square_multi-eps-converted-to.pdf, id=13, 421.575pt x 317.185pt
>
File: ./figure_rough/square_multi-eps-converted-to.pdf Graphic file (type pdf)
<use ./figure_rough/square_multi-eps-converted-to.pdf>
Package pdftex.def Info: ./figure_rough/square_multi-eps-converted-to.pdf  used
 on input line 243.
(pdftex.def)             Requested size: 200.87862pt x 151.13873pt.
Package epstopdf Info: Source file: <./figure_rough/square_multi_real.eps>
(epstopdf)                    date: 2018-12-20 19:56:04
(epstopdf)                    size: 34449 bytes
(epstopdf)             Output file: <./figure_rough/square_multi_real-eps-conve
rted-to.pdf>
(epstopdf)                    date: 2018-12-25 15:56:36
(epstopdf)                    size: 13557 bytes
(epstopdf)             Command: <repstopdf --outfile=./figure_rough/square_mult
i_real-eps-converted-to.pdf ./figure_rough/square_multi_real.eps>
(epstopdf)             \includegraphics on input line 244.
Package epstopdf Info: Output file is already uptodate.
<./figure_rough/square_multi_real-eps-converted-to.pdf, id=14, 421.575pt x 317.
185pt>
File: ./figure_rough/square_multi_real-eps-converted-to.pdf Graphic file (type 
pdf)
<use ./figure_rough/square_multi_real-eps-converted-to.pdf>
Package pdftex.def Info: ./figure_rough/square_multi_real-eps-converted-to.pdf 
 used on input line 244.
(pdftex.def)             Requested size: 200.87862pt x 151.13873pt.
Package epstopdf Info: Source file: <./figure_rough/hemicircle_1.eps>
(epstopdf)                    date: 2018-12-19 10:56:54
(epstopdf)                    size: 33045 bytes
(epstopdf)             Output file: <./figure_rough/hemicircle_1-eps-converted-
to.pdf>
(epstopdf)                    date: 2018-12-19 10:58:02
(epstopdf)                    size: 12391 bytes
(epstopdf)             Command: <repstopdf --outfile=./figure_rough/hemicircle_
1-eps-converted-to.pdf ./figure_rough/hemicircle_1.eps>
(epstopdf)             \includegraphics on input line 249.
Package epstopdf Info: Output file is already uptodate.
<./figure_rough/hemicircle_1-eps-converted-to.pdf, id=15, 421.575pt x 317.185pt
>
File: ./figure_rough/hemicircle_1-eps-converted-to.pdf Graphic file (type pdf)
<use ./figure_rough/hemicircle_1-eps-converted-to.pdf>
Package pdftex.def Info: ./figure_rough/hemicircle_1-eps-converted-to.pdf  used
 on input line 249.
(pdftex.def)             Requested size: 200.87862pt x 151.13873pt.
Package epstopdf Info: Source file: <./figure_rough/hemicircle_1_real.eps>
(epstopdf)                    date: 2018-12-20 19:23:29
(epstopdf)                    size: 35500 bytes
(epstopdf)             Output file: <./figure_rough/hemicircle_1_real-eps-conve
rted-to.pdf>
(epstopdf)                    date: 2018-12-25 15:56:38
(epstopdf)                    size: 12908 bytes
(epstopdf)             Command: <repstopdf --outfile=./figure_rough/hemicircle_
1_real-eps-converted-to.pdf ./figure_rough/hemicircle_1_real.eps>
(epstopdf)             \includegraphics on input line 250.
Package epstopdf Info: Output file is already uptodate.
<./figure_rough/hemicircle_1_real-eps-converted-to.pdf, id=16, 421.575pt x 317.
185pt>
File: ./figure_rough/hemicircle_1_real-eps-converted-to.pdf Graphic file (type 
pdf)
<use ./figure_rough/hemicircle_1_real-eps-converted-to.pdf>
Package pdftex.def Info: ./figure_rough/hemicircle_1_real-eps-converted-to.pdf 
 used on input line 250.
(pdftex.def)             Requested size: 200.87862pt x 151.13873pt.
Package epstopdf Info: Source file: <./figure_rough/hemicircle_1point5.eps>
(epstopdf)                    date: 2018-12-19 10:43:35
(epstopdf)                    size: 35331 bytes
(epstopdf)             Output file: <./figure_rough/hemicircle_1point5-eps-conv
erted-to.pdf>
(epstopdf)                    date: 2018-12-19 10:52:36
(epstopdf)                    size: 13557 bytes
(epstopdf)             Command: <repstopdf --outfile=./figure_rough/hemicircle_
1point5-eps-converted-to.pdf ./figure_rough/hemicircle_1point5.eps>
(epstopdf)             \includegraphics on input line 255.
Package epstopdf Info: Output file is already uptodate.
<./figure_rough/hemicircle_1point5-eps-converted-to.pdf, id=17, 421.575pt x 317
.185pt>
File: ./figure_rough/hemicircle_1point5-eps-converted-to.pdf Graphic file (type
 pdf)
<use ./figure_rough/hemicircle_1point5-eps-converted-to.pdf>
Package pdftex.def Info: ./figure_rough/hemicircle_1point5-eps-converted-to.pdf
  used on input line 255.
(pdftex.def)             Requested size: 200.87862pt x 151.13873pt.
Package epstopdf Info: Source file: <./figure_rough/hemicircle_1point5_real.eps
>
(epstopdf)                    date: 2018-12-20 19:23:04
(epstopdf)                    size: 35818 bytes
(epstopdf)             Output file: <./figure_rough/hemicircle_1point5_real-eps
-converted-to.pdf>
(epstopdf)                    date: 2018-12-25 15:56:41
(epstopdf)                    size: 13741 bytes
(epstopdf)             Command: <repstopdf --outfile=./figure_rough/hemicircle_
1point5_real-eps-converted-to.pdf ./figure_rough/hemicircle_1point5_real.eps>
(epstopdf)             \includegraphics on input line 256.
Package epstopdf Info: Output file is already uptodate.
<./figure_rough/hemicircle_1point5_real-eps-converted-to.pdf, id=18, 421.575pt 
x 317.185pt>
File: ./figure_rough/hemicircle_1point5_real-eps-converted-to.pdf Graphic file 
(type pdf)
<use ./figure_rough/hemicircle_1point5_real-eps-converted-to.pdf>
Package pdftex.def Info: ./figure_rough/hemicircle_1point5_real-eps-converted-t
o.pdf  used on input line 256.
(pdftex.def)             Requested size: 200.87862pt x 151.13873pt.
Package epstopdf Info: Source file: <./figure_rough/hemicircle_2.eps>
(epstopdf)                    date: 2018-12-19 10:43:57
(epstopdf)                    size: 36371 bytes
(epstopdf)             Output file: <./figure_rough/hemicircle_2-eps-converted-
to.pdf>
(epstopdf)                    date: 2018-12-19 10:53:05
(epstopdf)                    size: 14482 bytes
(epstopdf)             Command: <repstopdf --outfile=./figure_rough/hemicircle_
2-eps-converted-to.pdf ./figure_rough/hemicircle_2.eps>
(epstopdf)             \includegraphics on input line 261.
Package epstopdf Info: Output file is already uptodate.
<./figure_rough/hemicircle_2-eps-converted-to.pdf, id=19, 421.575pt x 317.185pt
>
File: ./figure_rough/hemicircle_2-eps-converted-to.pdf Graphic file (type pdf)
<use ./figure_rough/hemicircle_2-eps-converted-to.pdf>
Package pdftex.def Info: ./figure_rough/hemicircle_2-eps-converted-to.pdf  used
 on input line 261.
(pdftex.def)             Requested size: 200.87862pt x 151.13873pt.
Package epstopdf Info: Source file: <./figure_rough/hemicircle_2_real.eps>
(epstopdf)                    date: 2018-12-20 19:22:48
(epstopdf)                    size: 36357 bytes
(epstopdf)             Output file: <./figure_rough/hemicircle_2_real-eps-conve
rted-to.pdf>
(epstopdf)                    date: 2018-12-25 15:58:02
(epstopdf)                    size: 14815 bytes
(epstopdf)             Command: <repstopdf --outfile=./figure_rough/hemicircle_
2_real-eps-converted-to.pdf ./figure_rough/hemicircle_2_real.eps>
(epstopdf)             \includegraphics on input line 262.
Package epstopdf Info: Output file is already uptodate.
<./figure_rough/hemicircle_2_real-eps-converted-to.pdf, id=20, 421.575pt x 317.
185pt>
File: ./figure_rough/hemicircle_2_real-eps-converted-to.pdf Graphic file (type 
pdf)
<use ./figure_rough/hemicircle_2_real-eps-converted-to.pdf>
Package pdftex.def Info: ./figure_rough/hemicircle_2_real-eps-converted-to.pdf 
 used on input line 262.
(pdftex.def)             Requested size: 200.87862pt x 151.13873pt.
Package epstopdf Info: Source file: <./figure_rough/hemicircle_multi.eps>
(epstopdf)                    date: 2018-12-19 10:44:12
(epstopdf)                    size: 32294 bytes
(epstopdf)             Output file: <./figure_rough/hemicircle_multi-eps-conver
ted-to.pdf>
(epstopdf)                    date: 2018-12-19 10:53:07
(epstopdf)                    size: 12852 bytes
(epstopdf)             Command: <repstopdf --outfile=./figure_rough/hemicircle_
multi-eps-converted-to.pdf ./figure_rough/hemicircle_multi.eps>
(epstopdf)             \includegraphics on input line 267.
Package epstopdf Info: Output file is already uptodate.
<./figure_rough/hemicircle_multi-eps-converted-to.pdf, id=21, 421.575pt x 317.1
85pt>
File: ./figure_rough/hemicircle_multi-eps-converted-to.pdf Graphic file (type p
df)
<use ./figure_rough/hemicircle_multi-eps-converted-to.pdf>
Package pdftex.def Info: ./figure_rough/hemicircle_multi-eps-converted-to.pdf  
used on input line 267.
(pdftex.def)             Requested size: 200.87862pt x 151.13873pt.
Package epstopdf Info: Source file: <./figure_rough/hemicircle_multi_real.eps>
(epstopdf)                    date: 2018-12-20 19:22:33
(epstopdf)                    size: 33265 bytes
(epstopdf)             Output file: <./figure_rough/hemicircle_multi_real-eps-c
onverted-to.pdf>
(epstopdf)                    date: 2018-12-25 15:58:05
(epstopdf)                    size: 13400 bytes
(epstopdf)             Command: <repstopdf --outfile=./figure_rough/hemicircle_
multi_real-eps-converted-to.pdf ./figure_rough/hemicircle_multi_real.eps>
(epstopdf)             \includegraphics on input line 268.
Package epstopdf Info: Output file is already uptodate.
<./figure_rough/hemicircle_multi_real-eps-converted-to.pdf, id=22, 421.575pt x 
317.185pt>
File: ./figure_rough/hemicircle_multi_real-eps-converted-to.pdf Graphic file (t
ype pdf)
<use ./figure_rough/hemicircle_multi_real-eps-converted-to.pdf>
Package pdftex.def Info: ./figure_rough/hemicircle_multi_real-eps-converted-to.
pdf  used on input line 268.
(pdftex.def)             Requested size: 200.87862pt x 151.13873pt.
Package epstopdf Info: Source file: <./figure_rough/Bisq_1.eps>
(epstopdf)                    date: 2018-12-20 10:59:19
(epstopdf)                    size: 34110 bytes
(epstopdf)             Output file: <./figure_rough/Bisq_1-eps-converted-to.pdf
>
(epstopdf)                    date: 2018-12-20 11:01:06
(epstopdf)                    size: 12584 bytes
(epstopdf)             Command: <repstopdf --outfile=./figure_rough/Bisq_1-eps-
converted-to.pdf ./figure_rough/Bisq_1.eps>
(epstopdf)             \includegraphics on input line 273.
Package epstopdf Info: Output file is already uptodate.
<./figure_rough/Bisq_1-eps-converted-to.pdf, id=23, 421.575pt x 317.185pt>
File: ./figure_rough/Bisq_1-eps-converted-to.pdf Graphic file (type pdf)
<use ./figure_rough/Bisq_1-eps-converted-to.pdf>
Package pdftex.def Info: ./figure_rough/Bisq_1-eps-converted-to.pdf  used on in
put line 273.
(pdftex.def)             Requested size: 200.87862pt x 151.13873pt.
Package epstopdf Info: Source file: <./figure_rough/Bisq_1_real.eps>
(epstopdf)                    date: 2018-12-20 19:12:13
(epstopdf)                    size: 35802 bytes
(epstopdf)             Output file: <./figure_rough/Bisq_1_real-eps-converted-t
o.pdf>
(epstopdf)                    date: 2018-12-25 15:58:07
(epstopdf)                    size: 13040 bytes
(epstopdf)             Command: <repstopdf --outfile=./figure_rough/Bisq_1_real
-eps-converted-to.pdf ./figure_rough/Bisq_1_real.eps>
(epstopdf)             \includegraphics on input line 274.
Package epstopdf Info: Output file is already uptodate.
<./figure_rough/Bisq_1_real-eps-converted-to.pdf, id=24, 421.575pt x 317.185pt>

File: ./figure_rough/Bisq_1_real-eps-converted-to.pdf Graphic file (type pdf)
<use ./figure_rough/Bisq_1_real-eps-converted-to.pdf>
Package pdftex.def Info: ./figure_rough/Bisq_1_real-eps-converted-to.pdf  used 
on input line 274.
(pdftex.def)             Requested size: 200.87862pt x 151.13873pt.
Package epstopdf Info: Source file: <./figure_rough/Bisq_1point5.eps>
(epstopdf)                    date: 2018-12-20 10:59:48
(epstopdf)                    size: 36557 bytes
(epstopdf)             Output file: <./figure_rough/Bisq_1point5-eps-converted-
to.pdf>
(epstopdf)                    date: 2018-12-20 11:01:48
(epstopdf)                    size: 13908 bytes
(epstopdf)             Command: <repstopdf --outfile=./figure_rough/Bisq_1point
5-eps-converted-to.pdf ./figure_rough/Bisq_1point5.eps>
(epstopdf)             \includegraphics on input line 279.
Package epstopdf Info: Output file is already uptodate.
<./figure_rough/Bisq_1point5-eps-converted-to.pdf, id=25, 421.575pt x 317.185pt
>
File: ./figure_rough/Bisq_1point5-eps-converted-to.pdf Graphic file (type pdf)
<use ./figure_rough/Bisq_1point5-eps-converted-to.pdf>
Package pdftex.def Info: ./figure_rough/Bisq_1point5-eps-converted-to.pdf  used
 on input line 279.
(pdftex.def)             Requested size: 200.87862pt x 151.13873pt.
Package epstopdf Info: Source file: <./figure_rough/Bisq_1point5_real.eps>
(epstopdf)                    date: 2018-12-20 19:12:01
(epstopdf)                    size: 36743 bytes
(epstopdf)             Output file: <./figure_rough/Bisq_1point5_real-eps-conve
rted-to.pdf>
(epstopdf)                    date: 2018-12-25 15:58:10
(epstopdf)                    size: 14293 bytes
(epstopdf)             Command: <repstopdf --outfile=./figure_rough/Bisq_1point
5_real-eps-converted-to.pdf ./figure_rough/Bisq_1point5_real.eps>
(epstopdf)             \includegraphics on input line 280.
Package epstopdf Info: Output file is already uptodate.
<./figure_rough/Bisq_1point5_real-eps-converted-to.pdf, id=26, 421.575pt x 317.
185pt>
File: ./figure_rough/Bisq_1point5_real-eps-converted-to.pdf Graphic file (type 
pdf)
<use ./figure_rough/Bisq_1point5_real-eps-converted-to.pdf>
Package pdftex.def Info: ./figure_rough/Bisq_1point5_real-eps-converted-to.pdf 
 used on input line 280.
(pdftex.def)             Requested size: 200.87862pt x 151.13873pt.
Package epstopdf Info: Source file: <./figure_rough/Bisq_2.eps>
(epstopdf)                    date: 2018-12-20 11:00:11
(epstopdf)                    size: 36507 bytes
(epstopdf)             Output file: <./figure_rough/Bisq_2-eps-converted-to.pdf
>
(epstopdf)                    date: 2018-12-20 11:01:09
(epstopdf)                    size: 14757 bytes
(epstopdf)             Command: <repstopdf --outfile=./figure_rough/Bisq_2-eps-
converted-to.pdf ./figure_rough/Bisq_2.eps>
(epstopdf)             \includegraphics on input line 285.
Package epstopdf Info: Output file is already uptodate.
<./figure_rough/Bisq_2-eps-converted-to.pdf, id=27, 421.575pt x 317.185pt>
File: ./figure_rough/Bisq_2-eps-converted-to.pdf Graphic file (type pdf)
<use ./figure_rough/Bisq_2-eps-converted-to.pdf>
Package pdftex.def Info: ./figure_rough/Bisq_2-eps-converted-to.pdf  used on in
put line 285.
(pdftex.def)             Requested size: 200.87862pt x 151.13873pt.
Package epstopdf Info: Source file: <./figure_rough/Bisq_2_real.eps>
(epstopdf)                    date: 2018-12-20 19:11:47
(epstopdf)                    size: 36762 bytes
(epstopdf)             Output file: <./figure_rough/Bisq_2_real-eps-converted-t
o.pdf>
(epstopdf)                    date: 2018-12-25 15:58:12
(epstopdf)                    size: 14814 bytes
(epstopdf)             Command: <repstopdf --outfile=./figure_rough/Bisq_2_real
-eps-converted-to.pdf ./figure_rough/Bisq_2_real.eps>
(epstopdf)             \includegraphics on input line 286.
Package epstopdf Info: Output file is already uptodate.
<./figure_rough/Bisq_2_real-eps-converted-to.pdf, id=28, 421.575pt x 317.185pt>

File: ./figure_rough/Bisq_2_real-eps-converted-to.pdf Graphic file (type pdf)
<use ./figure_rough/Bisq_2_real-eps-converted-to.pdf>
Package pdftex.def Info: ./figure_rough/Bisq_2_real-eps-converted-to.pdf  used 
on input line 286.
(pdftex.def)             Requested size: 200.87862pt x 151.13873pt.
Package epstopdf Info: Source file: <./figure_rough/Bisq_multi.eps>
(epstopdf)                    date: 2018-12-20 10:59:33
(epstopdf)                    size: 34762 bytes
(epstopdf)             Output file: <./figure_rough/Bisq_multi-eps-converted-to
.pdf>
(epstopdf)                    date: 2018-12-20 11:01:11
(epstopdf)                    size: 13612 bytes
(epstopdf)             Command: <repstopdf --outfile=./figure_rough/Bisq_multi-
eps-converted-to.pdf ./figure_rough/Bisq_multi.eps>
(epstopdf)             \includegraphics on input line 291.
Package epstopdf Info: Output file is already uptodate.
<./figure_rough/Bisq_multi-eps-converted-to.pdf, id=29, 421.575pt x 317.185pt>
File: ./figure_rough/Bisq_multi-eps-converted-to.pdf Graphic file (type pdf)
<use ./figure_rough/Bisq_multi-eps-converted-to.pdf>
Package pdftex.def Info: ./figure_rough/Bisq_multi-eps-converted-to.pdf  used o
n input line 291.
(pdftex.def)             Requested size: 200.87862pt x 151.13873pt.
Package epstopdf Info: Source file: <./figure_rough/Bisq_multi_real.eps>
(epstopdf)                    date: 2018-12-20 19:11:32
(epstopdf)                    size: 34946 bytes
(epstopdf)             Output file: <./figure_rough/Bisq_multi_real-eps-convert
ed-to.pdf>
(epstopdf)                    date: 2018-12-25 15:58:51
(epstopdf)                    size: 14144 bytes
(epstopdf)             Command: <repstopdf --outfile=./figure_rough/Bisq_multi_
real-eps-converted-to.pdf ./figure_rough/Bisq_multi_real.eps>
(epstopdf)             \includegraphics on input line 292.
Package epstopdf Info: Output file is already uptodate.
<./figure_rough/Bisq_multi_real-eps-converted-to.pdf, id=30, 421.575pt x 317.18
5pt>
File: ./figure_rough/Bisq_multi_real-eps-converted-to.pdf Graphic file (type pd
f)
<use ./figure_rough/Bisq_multi_real-eps-converted-to.pdf>
Package pdftex.def Info: ./figure_rough/Bisq_multi_real-eps-converted-to.pdf  u
sed on input line 292.
(pdftex.def)             Requested size: 200.87862pt x 151.13873pt.
 [2] [3 <./figure_rough/square_1-eps-converted-to.pdf> <./figure_rough/square_1
_real-eps-converted-to.pdf> <./figure_rough/square_1point5-eps-converted-to.pdf
> <./figure_rough/square_1point5_real-eps-converted-to.pdf>] [4 <./figure_rough
/square_2-eps-converted-to.pdf> <./figure_rough/square_2_real-eps-converted-to.
pdf> <./figure_rough/square_multi-eps-converted-to.pdf> <./figure_rough/square_
multi_real-eps-converted-to.pdf> <./figure_rough/hemicircle_1-eps-converted-to.
pdf> <./figure_rough/hemicircle_1_real-eps-converted-to.pdf>] [5 <./figure_roug
h/hemicircle_1point5-eps-converted-to.pdf> <./figure_rough/hemicircle_1point5_r
eal-eps-converted-to.pdf> <./figure_rough/hemicircle_2-eps-converted-to.pdf> <.
/figure_rough/hemicircle_2_real-eps-converted-to.pdf> <./figure_rough/hemicircl
e_multi-eps-converted-to.pdf> <./figure_rough/hemicircle_multi_real-eps-convert
ed-to.pdf>] [6 <./figure_rough/Bisq_1-eps-converted-to.pdf> <./figure_rough/Bis
q_1_real-eps-converted-to.pdf> <./figure_rough/Bisq_1point5-eps-converted-to.pd
f> <./figure_rough/Bisq_1point5_real-eps-converted-to.pdf> <./figure_rough/Bisq
_2-eps-converted-to.pdf> <./figure_rough/Bisq_2_real-eps-converted-to.pdf>]
Underfull \vbox (badness 10000) has occurred while \output is active []

 [7 <./figure_rough/Bisq_multi-eps-converted-to.pdf> <./figure_rough/Bisq_multi
_real-eps-converted-to.pdf>] (./RTM for Locally Perturbed Two-layers Media.aux)


LaTeX Warning: There were multiply-defined labels.

 ) 
Here is how much of TeX's memory you used:
 2426 strings out of 492649
 34438 string characters out of 6133383
 102406 words of memory out of 5000000
 6232 multiletter control sequences out of 15000+600000
 10792 words of font info for 42 fonts, out of 8000000 for 9000
 1141 hyphenation exceptions out of 8191
 41i,13n,27p,311b,349s stack positions out of 5000i,500n,10000p,200000b,80000s
<c:/texlive/2018/texmf-dist/fonts/type1/public/amsfonts/cm/cmbx10.pfb><c:/tex
live/2018/texmf-dist/fonts/type1/public/amsfonts/cm/cmbx12.pfb><c:/texlive/2018
/texmf-dist/fonts/type1/public/amsfonts/cm/cmbx8.pfb><c:/texlive/2018/texmf-dis
t/fonts/type1/public/amsfonts/cm/cmex10.pfb><c:/texlive/2018/texmf-dist/fonts/t
ype1/public/amsfonts/cm/cmmi12.pfb><c:/texlive/2018/texmf-dist/fonts/type1/publ
ic/amsfonts/cm/cmmi6.pfb><c:/texlive/2018/texmf-dist/fonts/type1/public/amsfont
s/cm/cmmi8.pfb><c:/texlive/2018/texmf-dist/fonts/type1/public/amsfonts/cm/cmr12
.pfb><c:/texlive/2018/texmf-dist/fonts/type1/public/amsfonts/cm/cmr6.pfb><c:/te
xlive/2018/texmf-dist/fonts/type1/public/amsfonts/cm/cmr8.pfb><c:/texlive/2018/
texmf-dist/fonts/type1/public/amsfonts/cm/cmsy10.pfb><c:/texlive/2018/texmf-dis
t/fonts/type1/public/amsfonts/cm/cmsy8.pfb><c:/texlive/2018/texmf-dist/fonts/ty
pe1/public/amsfonts/symbols/msbm10.pfb>
Output written on "RTM for Locally Perturbed Two-layers Media.pdf" (7 pages, 35
3244 bytes).
PDF statistics:
 322 PDF objects out of 1000 (max. 8388607)
 225 compressed objects within 3 object streams
 0 named destinations out of 1000 (max. 500000)
 121 words of extra memory for PDF output out of 10000 (max. 10000000)

